

================================================================
== Vitis HLS Report for 'mmult_Pipeline_VITIS_LOOP_59_3_VITIS_LOOP_60_4'
================================================================
* Date:           Mon Apr 20 18:25:17 2026

* Version:        2025.2 (Build 6295257 on Nov 12 2025)
* Project:        systolic_array_v1
* Solution:       hls (Vivado IP Flow Target)
* Product family: azynq
* Target device:  xa7z030-fbv484-1I


================================================================
== Performance Estimates
================================================================
+ Timing: 
    * Summary: 
    +--------+----------+----------+------------+
    |  Clock |  Target  | Estimated| Uncertainty|
    +--------+----------+----------+------------+
    |ap_clk  |  10.00 ns|  7.300 ns|     2.70 ns|
    +--------+----------+----------+------------+

+ Latency: 
    * Summary: 
    +---------+---------+----------+----------+-----+-----+-------------------+
    |  Latency (cycles) |  Latency (absolute) |  Interval |      Pipeline     |
    |   min   |   max   |    min   |    max   | min | max |        Type       |
    +---------+---------+----------+----------+-----+-----+-------------------+
    |      259|      259|  2.590 us|  2.590 us|    0|    0|  loop pipeline stp|
    +---------+---------+----------+----------+-----+-----+-------------------+

    + Detail: 
        * Instance: 
        N/A

        * Loop: 
        +-----------------------------------+---------+---------+----------+-----------+-----------+------+----------+
        |                                   |  Latency (cycles) | Iteration|  Initiation Interval  | Trip |          |
        |             Loop Name             |   min   |   max   |  Latency |  achieved |   target  | Count| Pipelined|
        +-----------------------------------+---------+---------+----------+-----------+-----------+------+----------+
        |- VITIS_LOOP_59_3_VITIS_LOOP_60_4  |      257|      257|         3|          1|          1|   256|       yes|
        +-----------------------------------+---------+---------+----------+-----------+-----------+------+----------+

============================================================
+ Verbose Summary: Synthesis Manager
============================================================
InlineROM: 1
ExposeGlobal: 0
============================================================
+ Verbose Summary: CDFG Model
============================================================
IsTopModel: 0
ResetActiveHigh: 1
IsCombinational: 0
IsDatapathOnly: 0
HasWiredReturn: 1
HasMFsm: 2
HasVarLatency: 1
IsPipeline: 0
IsRtlPipelined: 0
IsInstanceOverlapped: 0
IsDontTouch: 0
HasImplIP: 0
IsGatedGlobalClock: 0

+ Individual pipeline summary: 
  * Pipeline-0: initiation interval (II) = 1, depth = 3


============================================================
+ Verbose Summary: Schedule
============================================================
* Number of FSM states : 3
* Pipeline : 1
  Pipeline-0 : II = 1, D = 3, States = { 1 2 3 }
* Dataflow Pipeline: 0

* FSM state transitions: 
1 --> 2 
2 --> 3 
3 --> 

* FSM state operations: 

State 1 <SV = 0> <Delay = 4.99>
ST_1 : Operation 6 [1/1] (0.00ns)   --->   "%j = alloca i32 1" [mmult.cpp:60]   --->   Operation 6 'alloca' 'j' <Predicate = true> <Delay = 0.00>
ST_1 : Operation 7 [1/1] (0.00ns)   --->   "%i = alloca i32 1" [mmult.cpp:59]   --->   Operation 7 'alloca' 'i' <Predicate = true> <Delay = 0.00>
ST_1 : Operation 8 [1/1] (0.00ns)   --->   "%indvar_flatten6 = alloca i32 1"   --->   Operation 8 'alloca' 'indvar_flatten6' <Predicate = true> <Delay = 0.00>
ST_1 : Operation 9 [1/1] (0.00ns)   --->   "%add51_15_15344_reload_read = read i32 @_ssdm_op_Read.ap_auto.i32, i32 %add51_15_15344_reload"   --->   Operation 9 'read' 'add51_15_15344_reload_read' <Predicate = true> <Delay = 0.00>
ST_1 : Operation 10 [1/1] (0.00ns)   --->   "%add51_15_14343_reload_read = read i32 @_ssdm_op_Read.ap_auto.i32, i32 %add51_15_14343_reload"   --->   Operation 10 'read' 'add51_15_14343_reload_read' <Predicate = true> <Delay = 0.00>
ST_1 : Operation 11 [1/1] (0.00ns)   --->   "%add51_15_13342_reload_read = read i32 @_ssdm_op_Read.ap_auto.i32, i32 %add51_15_13342_reload"   --->   Operation 11 'read' 'add51_15_13342_reload_read' <Predicate = true> <Delay = 0.00>
ST_1 : Operation 12 [1/1] (0.00ns)   --->   "%add51_15_12341_reload_read = read i32 @_ssdm_op_Read.ap_auto.i32, i32 %add51_15_12341_reload"   --->   Operation 12 'read' 'add51_15_12341_reload_read' <Predicate = true> <Delay = 0.00>
ST_1 : Operation 13 [1/1] (0.00ns)   --->   "%add51_15_11340_reload_read = read i32 @_ssdm_op_Read.ap_auto.i32, i32 %add51_15_11340_reload"   --->   Operation 13 'read' 'add51_15_11340_reload_read' <Predicate = true> <Delay = 0.00>
ST_1 : Operation 14 [1/1] (0.00ns)   --->   "%add51_15_10339_reload_read = read i32 @_ssdm_op_Read.ap_auto.i32, i32 %add51_15_10339_reload"   --->   Operation 14 'read' 'add51_15_10339_reload_read' <Predicate = true> <Delay = 0.00>
ST_1 : Operation 15 [1/1] (0.00ns)   --->   "%add51_15_9338_reload_read = read i32 @_ssdm_op_Read.ap_auto.i32, i32 %add51_15_9338_reload"   --->   Operation 15 'read' 'add51_15_9338_reload_read' <Predicate = true> <Delay = 0.00>
ST_1 : Operation 16 [1/1] (0.00ns)   --->   "%add51_15_8337_reload_read = read i32 @_ssdm_op_Read.ap_auto.i32, i32 %add51_15_8337_reload"   --->   Operation 16 'read' 'add51_15_8337_reload_read' <Predicate = true> <Delay = 0.00>
ST_1 : Operation 17 [1/1] (0.00ns)   --->   "%add51_15_7336_reload_read = read i32 @_ssdm_op_Read.ap_auto.i32, i32 %add51_15_7336_reload"   --->   Operation 17 'read' 'add51_15_7336_reload_read' <Predicate = true> <Delay = 0.00>
ST_1 : Operation 18 [1/1] (0.00ns)   --->   "%add51_15_6335_reload_read = read i32 @_ssdm_op_Read.ap_auto.i32, i32 %add51_15_6335_reload"   --->   Operation 18 'read' 'add51_15_6335_reload_read' <Predicate = true> <Delay = 0.00>
ST_1 : Operation 19 [1/1] (0.00ns)   --->   "%add51_15_5334_reload_read = read i32 @_ssdm_op_Read.ap_auto.i32, i32 %add51_15_5334_reload"   --->   Operation 19 'read' 'add51_15_5334_reload_read' <Predicate = true> <Delay = 0.00>
ST_1 : Operation 20 [1/1] (0.00ns)   --->   "%add51_15_4333_reload_read = read i32 @_ssdm_op_Read.ap_auto.i32, i32 %add51_15_4333_reload"   --->   Operation 20 'read' 'add51_15_4333_reload_read' <Predicate = true> <Delay = 0.00>
ST_1 : Operation 21 [1/1] (0.00ns)   --->   "%add51_15_3332_reload_read = read i32 @_ssdm_op_Read.ap_auto.i32, i32 %add51_15_3332_reload"   --->   Operation 21 'read' 'add51_15_3332_reload_read' <Predicate = true> <Delay = 0.00>
ST_1 : Operation 22 [1/1] (0.00ns)   --->   "%add51_15_2331_reload_read = read i32 @_ssdm_op_Read.ap_auto.i32, i32 %add51_15_2331_reload"   --->   Operation 22 'read' 'add51_15_2331_reload_read' <Predicate = true> <Delay = 0.00>
ST_1 : Operation 23 [1/1] (0.00ns)   --->   "%add51_15_1330_reload_read = read i32 @_ssdm_op_Read.ap_auto.i32, i32 %add51_15_1330_reload"   --->   Operation 23 'read' 'add51_15_1330_reload_read' <Predicate = true> <Delay = 0.00>
ST_1 : Operation 24 [1/1] (0.00ns)   --->   "%add51_15329_reload_read = read i32 @_ssdm_op_Read.ap_auto.i32, i32 %add51_15329_reload"   --->   Operation 24 'read' 'add51_15329_reload_read' <Predicate = true> <Delay = 0.00>
ST_1 : Operation 25 [1/1] (0.00ns)   --->   "%add51_14_15328_reload_read = read i32 @_ssdm_op_Read.ap_auto.i32, i32 %add51_14_15328_reload"   --->   Operation 25 'read' 'add51_14_15328_reload_read' <Predicate = true> <Delay = 0.00>
ST_1 : Operation 26 [1/1] (0.00ns)   --->   "%add51_14_14327_reload_read = read i32 @_ssdm_op_Read.ap_auto.i32, i32 %add51_14_14327_reload"   --->   Operation 26 'read' 'add51_14_14327_reload_read' <Predicate = true> <Delay = 0.00>
ST_1 : Operation 27 [1/1] (0.00ns)   --->   "%add51_14_13326_reload_read = read i32 @_ssdm_op_Read.ap_auto.i32, i32 %add51_14_13326_reload"   --->   Operation 27 'read' 'add51_14_13326_reload_read' <Predicate = true> <Delay = 0.00>
ST_1 : Operation 28 [1/1] (0.00ns)   --->   "%add51_14_12325_reload_read = read i32 @_ssdm_op_Read.ap_auto.i32, i32 %add51_14_12325_reload"   --->   Operation 28 'read' 'add51_14_12325_reload_read' <Predicate = true> <Delay = 0.00>
ST_1 : Operation 29 [1/1] (0.00ns)   --->   "%add51_14_11324_reload_read = read i32 @_ssdm_op_Read.ap_auto.i32, i32 %add51_14_11324_reload"   --->   Operation 29 'read' 'add51_14_11324_reload_read' <Predicate = true> <Delay = 0.00>
ST_1 : Operation 30 [1/1] (0.00ns)   --->   "%add51_14_10323_reload_read = read i32 @_ssdm_op_Read.ap_auto.i32, i32 %add51_14_10323_reload"   --->   Operation 30 'read' 'add51_14_10323_reload_read' <Predicate = true> <Delay = 0.00>
ST_1 : Operation 31 [1/1] (0.00ns)   --->   "%add51_14_9322_reload_read = read i32 @_ssdm_op_Read.ap_auto.i32, i32 %add51_14_9322_reload"   --->   Operation 31 'read' 'add51_14_9322_reload_read' <Predicate = true> <Delay = 0.00>
ST_1 : Operation 32 [1/1] (0.00ns)   --->   "%add51_14_8321_reload_read = read i32 @_ssdm_op_Read.ap_auto.i32, i32 %add51_14_8321_reload"   --->   Operation 32 'read' 'add51_14_8321_reload_read' <Predicate = true> <Delay = 0.00>
ST_1 : Operation 33 [1/1] (0.00ns)   --->   "%add51_14_7320_reload_read = read i32 @_ssdm_op_Read.ap_auto.i32, i32 %add51_14_7320_reload"   --->   Operation 33 'read' 'add51_14_7320_reload_read' <Predicate = true> <Delay = 0.00>
ST_1 : Operation 34 [1/1] (0.00ns)   --->   "%add51_14_6319_reload_read = read i32 @_ssdm_op_Read.ap_auto.i32, i32 %add51_14_6319_reload"   --->   Operation 34 'read' 'add51_14_6319_reload_read' <Predicate = true> <Delay = 0.00>
ST_1 : Operation 35 [1/1] (0.00ns)   --->   "%add51_14_5318_reload_read = read i32 @_ssdm_op_Read.ap_auto.i32, i32 %add51_14_5318_reload"   --->   Operation 35 'read' 'add51_14_5318_reload_read' <Predicate = true> <Delay = 0.00>
ST_1 : Operation 36 [1/1] (0.00ns)   --->   "%add51_14_4317_reload_read = read i32 @_ssdm_op_Read.ap_auto.i32, i32 %add51_14_4317_reload"   --->   Operation 36 'read' 'add51_14_4317_reload_read' <Predicate = true> <Delay = 0.00>
ST_1 : Operation 37 [1/1] (0.00ns)   --->   "%add51_14_3316_reload_read = read i32 @_ssdm_op_Read.ap_auto.i32, i32 %add51_14_3316_reload"   --->   Operation 37 'read' 'add51_14_3316_reload_read' <Predicate = true> <Delay = 0.00>
ST_1 : Operation 38 [1/1] (0.00ns)   --->   "%add51_14_2315_reload_read = read i32 @_ssdm_op_Read.ap_auto.i32, i32 %add51_14_2315_reload"   --->   Operation 38 'read' 'add51_14_2315_reload_read' <Predicate = true> <Delay = 0.00>
ST_1 : Operation 39 [1/1] (0.00ns)   --->   "%add51_14_1314_reload_read = read i32 @_ssdm_op_Read.ap_auto.i32, i32 %add51_14_1314_reload"   --->   Operation 39 'read' 'add51_14_1314_reload_read' <Predicate = true> <Delay = 0.00>
ST_1 : Operation 40 [1/1] (0.00ns)   --->   "%add51_14313_reload_read = read i32 @_ssdm_op_Read.ap_auto.i32, i32 %add51_14313_reload"   --->   Operation 40 'read' 'add51_14313_reload_read' <Predicate = true> <Delay = 0.00>
ST_1 : Operation 41 [1/1] (0.00ns)   --->   "%add51_13_15312_reload_read = read i32 @_ssdm_op_Read.ap_auto.i32, i32 %add51_13_15312_reload"   --->   Operation 41 'read' 'add51_13_15312_reload_read' <Predicate = true> <Delay = 0.00>
ST_1 : Operation 42 [1/1] (0.00ns)   --->   "%add51_13_14311_reload_read = read i32 @_ssdm_op_Read.ap_auto.i32, i32 %add51_13_14311_reload"   --->   Operation 42 'read' 'add51_13_14311_reload_read' <Predicate = true> <Delay = 0.00>
ST_1 : Operation 43 [1/1] (0.00ns)   --->   "%add51_13_13310_reload_read = read i32 @_ssdm_op_Read.ap_auto.i32, i32 %add51_13_13310_reload"   --->   Operation 43 'read' 'add51_13_13310_reload_read' <Predicate = true> <Delay = 0.00>
ST_1 : Operation 44 [1/1] (0.00ns)   --->   "%add51_13_12309_reload_read = read i32 @_ssdm_op_Read.ap_auto.i32, i32 %add51_13_12309_reload"   --->   Operation 44 'read' 'add51_13_12309_reload_read' <Predicate = true> <Delay = 0.00>
ST_1 : Operation 45 [1/1] (0.00ns)   --->   "%add51_13_11308_reload_read = read i32 @_ssdm_op_Read.ap_auto.i32, i32 %add51_13_11308_reload"   --->   Operation 45 'read' 'add51_13_11308_reload_read' <Predicate = true> <Delay = 0.00>
ST_1 : Operation 46 [1/1] (0.00ns)   --->   "%add51_13_10307_reload_read = read i32 @_ssdm_op_Read.ap_auto.i32, i32 %add51_13_10307_reload"   --->   Operation 46 'read' 'add51_13_10307_reload_read' <Predicate = true> <Delay = 0.00>
ST_1 : Operation 47 [1/1] (0.00ns)   --->   "%add51_13_9306_reload_read = read i32 @_ssdm_op_Read.ap_auto.i32, i32 %add51_13_9306_reload"   --->   Operation 47 'read' 'add51_13_9306_reload_read' <Predicate = true> <Delay = 0.00>
ST_1 : Operation 48 [1/1] (0.00ns)   --->   "%add51_13_8305_reload_read = read i32 @_ssdm_op_Read.ap_auto.i32, i32 %add51_13_8305_reload"   --->   Operation 48 'read' 'add51_13_8305_reload_read' <Predicate = true> <Delay = 0.00>
ST_1 : Operation 49 [1/1] (0.00ns)   --->   "%add51_13_7304_reload_read = read i32 @_ssdm_op_Read.ap_auto.i32, i32 %add51_13_7304_reload"   --->   Operation 49 'read' 'add51_13_7304_reload_read' <Predicate = true> <Delay = 0.00>
ST_1 : Operation 50 [1/1] (0.00ns)   --->   "%add51_13_6303_reload_read = read i32 @_ssdm_op_Read.ap_auto.i32, i32 %add51_13_6303_reload"   --->   Operation 50 'read' 'add51_13_6303_reload_read' <Predicate = true> <Delay = 0.00>
ST_1 : Operation 51 [1/1] (0.00ns)   --->   "%add51_13_5302_reload_read = read i32 @_ssdm_op_Read.ap_auto.i32, i32 %add51_13_5302_reload"   --->   Operation 51 'read' 'add51_13_5302_reload_read' <Predicate = true> <Delay = 0.00>
ST_1 : Operation 52 [1/1] (0.00ns)   --->   "%add51_13_4301_reload_read = read i32 @_ssdm_op_Read.ap_auto.i32, i32 %add51_13_4301_reload"   --->   Operation 52 'read' 'add51_13_4301_reload_read' <Predicate = true> <Delay = 0.00>
ST_1 : Operation 53 [1/1] (0.00ns)   --->   "%add51_13_3300_reload_read = read i32 @_ssdm_op_Read.ap_auto.i32, i32 %add51_13_3300_reload"   --->   Operation 53 'read' 'add51_13_3300_reload_read' <Predicate = true> <Delay = 0.00>
ST_1 : Operation 54 [1/1] (0.00ns)   --->   "%add51_13_2299_reload_read = read i32 @_ssdm_op_Read.ap_auto.i32, i32 %add51_13_2299_reload"   --->   Operation 54 'read' 'add51_13_2299_reload_read' <Predicate = true> <Delay = 0.00>
ST_1 : Operation 55 [1/1] (0.00ns)   --->   "%add51_13_1298_reload_read = read i32 @_ssdm_op_Read.ap_auto.i32, i32 %add51_13_1298_reload"   --->   Operation 55 'read' 'add51_13_1298_reload_read' <Predicate = true> <Delay = 0.00>
ST_1 : Operation 56 [1/1] (0.00ns)   --->   "%add51_13297_reload_read = read i32 @_ssdm_op_Read.ap_auto.i32, i32 %add51_13297_reload"   --->   Operation 56 'read' 'add51_13297_reload_read' <Predicate = true> <Delay = 0.00>
ST_1 : Operation 57 [1/1] (0.00ns)   --->   "%add51_12_15296_reload_read = read i32 @_ssdm_op_Read.ap_auto.i32, i32 %add51_12_15296_reload"   --->   Operation 57 'read' 'add51_12_15296_reload_read' <Predicate = true> <Delay = 0.00>
ST_1 : Operation 58 [1/1] (0.00ns)   --->   "%add51_12_14295_reload_read = read i32 @_ssdm_op_Read.ap_auto.i32, i32 %add51_12_14295_reload"   --->   Operation 58 'read' 'add51_12_14295_reload_read' <Predicate = true> <Delay = 0.00>
ST_1 : Operation 59 [1/1] (0.00ns)   --->   "%add51_12_13294_reload_read = read i32 @_ssdm_op_Read.ap_auto.i32, i32 %add51_12_13294_reload"   --->   Operation 59 'read' 'add51_12_13294_reload_read' <Predicate = true> <Delay = 0.00>
ST_1 : Operation 60 [1/1] (0.00ns)   --->   "%add51_12_12293_reload_read = read i32 @_ssdm_op_Read.ap_auto.i32, i32 %add51_12_12293_reload"   --->   Operation 60 'read' 'add51_12_12293_reload_read' <Predicate = true> <Delay = 0.00>
ST_1 : Operation 61 [1/1] (0.00ns)   --->   "%add51_12_11292_reload_read = read i32 @_ssdm_op_Read.ap_auto.i32, i32 %add51_12_11292_reload"   --->   Operation 61 'read' 'add51_12_11292_reload_read' <Predicate = true> <Delay = 0.00>
ST_1 : Operation 62 [1/1] (0.00ns)   --->   "%add51_12_10291_reload_read = read i32 @_ssdm_op_Read.ap_auto.i32, i32 %add51_12_10291_reload"   --->   Operation 62 'read' 'add51_12_10291_reload_read' <Predicate = true> <Delay = 0.00>
ST_1 : Operation 63 [1/1] (0.00ns)   --->   "%add51_12_9290_reload_read = read i32 @_ssdm_op_Read.ap_auto.i32, i32 %add51_12_9290_reload"   --->   Operation 63 'read' 'add51_12_9290_reload_read' <Predicate = true> <Delay = 0.00>
ST_1 : Operation 64 [1/1] (0.00ns)   --->   "%add51_12_8289_reload_read = read i32 @_ssdm_op_Read.ap_auto.i32, i32 %add51_12_8289_reload"   --->   Operation 64 'read' 'add51_12_8289_reload_read' <Predicate = true> <Delay = 0.00>
ST_1 : Operation 65 [1/1] (0.00ns)   --->   "%add51_12_7288_reload_read = read i32 @_ssdm_op_Read.ap_auto.i32, i32 %add51_12_7288_reload"   --->   Operation 65 'read' 'add51_12_7288_reload_read' <Predicate = true> <Delay = 0.00>
ST_1 : Operation 66 [1/1] (0.00ns)   --->   "%add51_12_6287_reload_read = read i32 @_ssdm_op_Read.ap_auto.i32, i32 %add51_12_6287_reload"   --->   Operation 66 'read' 'add51_12_6287_reload_read' <Predicate = true> <Delay = 0.00>
ST_1 : Operation 67 [1/1] (0.00ns)   --->   "%add51_12_5286_reload_read = read i32 @_ssdm_op_Read.ap_auto.i32, i32 %add51_12_5286_reload"   --->   Operation 67 'read' 'add51_12_5286_reload_read' <Predicate = true> <Delay = 0.00>
ST_1 : Operation 68 [1/1] (0.00ns)   --->   "%add51_12_4285_reload_read = read i32 @_ssdm_op_Read.ap_auto.i32, i32 %add51_12_4285_reload"   --->   Operation 68 'read' 'add51_12_4285_reload_read' <Predicate = true> <Delay = 0.00>
ST_1 : Operation 69 [1/1] (0.00ns)   --->   "%add51_12_3284_reload_read = read i32 @_ssdm_op_Read.ap_auto.i32, i32 %add51_12_3284_reload"   --->   Operation 69 'read' 'add51_12_3284_reload_read' <Predicate = true> <Delay = 0.00>
ST_1 : Operation 70 [1/1] (0.00ns)   --->   "%add51_12_2283_reload_read = read i32 @_ssdm_op_Read.ap_auto.i32, i32 %add51_12_2283_reload"   --->   Operation 70 'read' 'add51_12_2283_reload_read' <Predicate = true> <Delay = 0.00>
ST_1 : Operation 71 [1/1] (0.00ns)   --->   "%add51_12_1282_reload_read = read i32 @_ssdm_op_Read.ap_auto.i32, i32 %add51_12_1282_reload"   --->   Operation 71 'read' 'add51_12_1282_reload_read' <Predicate = true> <Delay = 0.00>
ST_1 : Operation 72 [1/1] (0.00ns)   --->   "%add51_12281_reload_read = read i32 @_ssdm_op_Read.ap_auto.i32, i32 %add51_12281_reload"   --->   Operation 72 'read' 'add51_12281_reload_read' <Predicate = true> <Delay = 0.00>
ST_1 : Operation 73 [1/1] (0.00ns)   --->   "%add51_11_15280_reload_read = read i32 @_ssdm_op_Read.ap_auto.i32, i32 %add51_11_15280_reload"   --->   Operation 73 'read' 'add51_11_15280_reload_read' <Predicate = true> <Delay = 0.00>
ST_1 : Operation 74 [1/1] (0.00ns)   --->   "%add51_11_14279_reload_read = read i32 @_ssdm_op_Read.ap_auto.i32, i32 %add51_11_14279_reload"   --->   Operation 74 'read' 'add51_11_14279_reload_read' <Predicate = true> <Delay = 0.00>
ST_1 : Operation 75 [1/1] (0.00ns)   --->   "%add51_11_13278_reload_read = read i32 @_ssdm_op_Read.ap_auto.i32, i32 %add51_11_13278_reload"   --->   Operation 75 'read' 'add51_11_13278_reload_read' <Predicate = true> <Delay = 0.00>
ST_1 : Operation 76 [1/1] (0.00ns)   --->   "%add51_11_12277_reload_read = read i32 @_ssdm_op_Read.ap_auto.i32, i32 %add51_11_12277_reload"   --->   Operation 76 'read' 'add51_11_12277_reload_read' <Predicate = true> <Delay = 0.00>
ST_1 : Operation 77 [1/1] (0.00ns)   --->   "%add51_11_11276_reload_read = read i32 @_ssdm_op_Read.ap_auto.i32, i32 %add51_11_11276_reload"   --->   Operation 77 'read' 'add51_11_11276_reload_read' <Predicate = true> <Delay = 0.00>
ST_1 : Operation 78 [1/1] (0.00ns)   --->   "%add51_11_10275_reload_read = read i32 @_ssdm_op_Read.ap_auto.i32, i32 %add51_11_10275_reload"   --->   Operation 78 'read' 'add51_11_10275_reload_read' <Predicate = true> <Delay = 0.00>
ST_1 : Operation 79 [1/1] (0.00ns)   --->   "%add51_11_9274_reload_read = read i32 @_ssdm_op_Read.ap_auto.i32, i32 %add51_11_9274_reload"   --->   Operation 79 'read' 'add51_11_9274_reload_read' <Predicate = true> <Delay = 0.00>
ST_1 : Operation 80 [1/1] (0.00ns)   --->   "%add51_11_8273_reload_read = read i32 @_ssdm_op_Read.ap_auto.i32, i32 %add51_11_8273_reload"   --->   Operation 80 'read' 'add51_11_8273_reload_read' <Predicate = true> <Delay = 0.00>
ST_1 : Operation 81 [1/1] (0.00ns)   --->   "%add51_11_7272_reload_read = read i32 @_ssdm_op_Read.ap_auto.i32, i32 %add51_11_7272_reload"   --->   Operation 81 'read' 'add51_11_7272_reload_read' <Predicate = true> <Delay = 0.00>
ST_1 : Operation 82 [1/1] (0.00ns)   --->   "%add51_11_6271_reload_read = read i32 @_ssdm_op_Read.ap_auto.i32, i32 %add51_11_6271_reload"   --->   Operation 82 'read' 'add51_11_6271_reload_read' <Predicate = true> <Delay = 0.00>
ST_1 : Operation 83 [1/1] (0.00ns)   --->   "%add51_11_5270_reload_read = read i32 @_ssdm_op_Read.ap_auto.i32, i32 %add51_11_5270_reload"   --->   Operation 83 'read' 'add51_11_5270_reload_read' <Predicate = true> <Delay = 0.00>
ST_1 : Operation 84 [1/1] (0.00ns)   --->   "%add51_11_4269_reload_read = read i32 @_ssdm_op_Read.ap_auto.i32, i32 %add51_11_4269_reload"   --->   Operation 84 'read' 'add51_11_4269_reload_read' <Predicate = true> <Delay = 0.00>
ST_1 : Operation 85 [1/1] (0.00ns)   --->   "%add51_11_3268_reload_read = read i32 @_ssdm_op_Read.ap_auto.i32, i32 %add51_11_3268_reload"   --->   Operation 85 'read' 'add51_11_3268_reload_read' <Predicate = true> <Delay = 0.00>
ST_1 : Operation 86 [1/1] (0.00ns)   --->   "%add51_11_2267_reload_read = read i32 @_ssdm_op_Read.ap_auto.i32, i32 %add51_11_2267_reload"   --->   Operation 86 'read' 'add51_11_2267_reload_read' <Predicate = true> <Delay = 0.00>
ST_1 : Operation 87 [1/1] (0.00ns)   --->   "%add51_11_1266_reload_read = read i32 @_ssdm_op_Read.ap_auto.i32, i32 %add51_11_1266_reload"   --->   Operation 87 'read' 'add51_11_1266_reload_read' <Predicate = true> <Delay = 0.00>
ST_1 : Operation 88 [1/1] (0.00ns)   --->   "%add51_11265_reload_read = read i32 @_ssdm_op_Read.ap_auto.i32, i32 %add51_11265_reload"   --->   Operation 88 'read' 'add51_11265_reload_read' <Predicate = true> <Delay = 0.00>
ST_1 : Operation 89 [1/1] (0.00ns)   --->   "%add51_10_15264_reload_read = read i32 @_ssdm_op_Read.ap_auto.i32, i32 %add51_10_15264_reload"   --->   Operation 89 'read' 'add51_10_15264_reload_read' <Predicate = true> <Delay = 0.00>
ST_1 : Operation 90 [1/1] (0.00ns)   --->   "%add51_10_14263_reload_read = read i32 @_ssdm_op_Read.ap_auto.i32, i32 %add51_10_14263_reload"   --->   Operation 90 'read' 'add51_10_14263_reload_read' <Predicate = true> <Delay = 0.00>
ST_1 : Operation 91 [1/1] (0.00ns)   --->   "%add51_10_13262_reload_read = read i32 @_ssdm_op_Read.ap_auto.i32, i32 %add51_10_13262_reload"   --->   Operation 91 'read' 'add51_10_13262_reload_read' <Predicate = true> <Delay = 0.00>
ST_1 : Operation 92 [1/1] (0.00ns)   --->   "%add51_10_12261_reload_read = read i32 @_ssdm_op_Read.ap_auto.i32, i32 %add51_10_12261_reload"   --->   Operation 92 'read' 'add51_10_12261_reload_read' <Predicate = true> <Delay = 0.00>
ST_1 : Operation 93 [1/1] (0.00ns)   --->   "%add51_10_11260_reload_read = read i32 @_ssdm_op_Read.ap_auto.i32, i32 %add51_10_11260_reload"   --->   Operation 93 'read' 'add51_10_11260_reload_read' <Predicate = true> <Delay = 0.00>
ST_1 : Operation 94 [1/1] (0.00ns)   --->   "%add51_10_10259_reload_read = read i32 @_ssdm_op_Read.ap_auto.i32, i32 %add51_10_10259_reload"   --->   Operation 94 'read' 'add51_10_10259_reload_read' <Predicate = true> <Delay = 0.00>
ST_1 : Operation 95 [1/1] (0.00ns)   --->   "%add51_10_9258_reload_read = read i32 @_ssdm_op_Read.ap_auto.i32, i32 %add51_10_9258_reload"   --->   Operation 95 'read' 'add51_10_9258_reload_read' <Predicate = true> <Delay = 0.00>
ST_1 : Operation 96 [1/1] (0.00ns)   --->   "%add51_10_8257_reload_read = read i32 @_ssdm_op_Read.ap_auto.i32, i32 %add51_10_8257_reload"   --->   Operation 96 'read' 'add51_10_8257_reload_read' <Predicate = true> <Delay = 0.00>
ST_1 : Operation 97 [1/1] (0.00ns)   --->   "%add51_10_7256_reload_read = read i32 @_ssdm_op_Read.ap_auto.i32, i32 %add51_10_7256_reload"   --->   Operation 97 'read' 'add51_10_7256_reload_read' <Predicate = true> <Delay = 0.00>
ST_1 : Operation 98 [1/1] (0.00ns)   --->   "%add51_10_6255_reload_read = read i32 @_ssdm_op_Read.ap_auto.i32, i32 %add51_10_6255_reload"   --->   Operation 98 'read' 'add51_10_6255_reload_read' <Predicate = true> <Delay = 0.00>
ST_1 : Operation 99 [1/1] (0.00ns)   --->   "%add51_10_5254_reload_read = read i32 @_ssdm_op_Read.ap_auto.i32, i32 %add51_10_5254_reload"   --->   Operation 99 'read' 'add51_10_5254_reload_read' <Predicate = true> <Delay = 0.00>
ST_1 : Operation 100 [1/1] (0.00ns)   --->   "%add51_10_4253_reload_read = read i32 @_ssdm_op_Read.ap_auto.i32, i32 %add51_10_4253_reload"   --->   Operation 100 'read' 'add51_10_4253_reload_read' <Predicate = true> <Delay = 0.00>
ST_1 : Operation 101 [1/1] (0.00ns)   --->   "%add51_10_3252_reload_read = read i32 @_ssdm_op_Read.ap_auto.i32, i32 %add51_10_3252_reload"   --->   Operation 101 'read' 'add51_10_3252_reload_read' <Predicate = true> <Delay = 0.00>
ST_1 : Operation 102 [1/1] (0.00ns)   --->   "%add51_10_2251_reload_read = read i32 @_ssdm_op_Read.ap_auto.i32, i32 %add51_10_2251_reload"   --->   Operation 102 'read' 'add51_10_2251_reload_read' <Predicate = true> <Delay = 0.00>
ST_1 : Operation 103 [1/1] (0.00ns)   --->   "%add51_10_1250_reload_read = read i32 @_ssdm_op_Read.ap_auto.i32, i32 %add51_10_1250_reload"   --->   Operation 103 'read' 'add51_10_1250_reload_read' <Predicate = true> <Delay = 0.00>
ST_1 : Operation 104 [1/1] (0.00ns)   --->   "%add51_10249_reload_read = read i32 @_ssdm_op_Read.ap_auto.i32, i32 %add51_10249_reload"   --->   Operation 104 'read' 'add51_10249_reload_read' <Predicate = true> <Delay = 0.00>
ST_1 : Operation 105 [1/1] (0.00ns)   --->   "%add51_9_15248_reload_read = read i32 @_ssdm_op_Read.ap_auto.i32, i32 %add51_9_15248_reload"   --->   Operation 105 'read' 'add51_9_15248_reload_read' <Predicate = true> <Delay = 0.00>
ST_1 : Operation 106 [1/1] (0.00ns)   --->   "%add51_9_14247_reload_read = read i32 @_ssdm_op_Read.ap_auto.i32, i32 %add51_9_14247_reload"   --->   Operation 106 'read' 'add51_9_14247_reload_read' <Predicate = true> <Delay = 0.00>
ST_1 : Operation 107 [1/1] (0.00ns)   --->   "%add51_9_13246_reload_read = read i32 @_ssdm_op_Read.ap_auto.i32, i32 %add51_9_13246_reload"   --->   Operation 107 'read' 'add51_9_13246_reload_read' <Predicate = true> <Delay = 0.00>
ST_1 : Operation 108 [1/1] (0.00ns)   --->   "%add51_9_12245_reload_read = read i32 @_ssdm_op_Read.ap_auto.i32, i32 %add51_9_12245_reload"   --->   Operation 108 'read' 'add51_9_12245_reload_read' <Predicate = true> <Delay = 0.00>
ST_1 : Operation 109 [1/1] (0.00ns)   --->   "%add51_9_11244_reload_read = read i32 @_ssdm_op_Read.ap_auto.i32, i32 %add51_9_11244_reload"   --->   Operation 109 'read' 'add51_9_11244_reload_read' <Predicate = true> <Delay = 0.00>
ST_1 : Operation 110 [1/1] (0.00ns)   --->   "%add51_9_10243_reload_read = read i32 @_ssdm_op_Read.ap_auto.i32, i32 %add51_9_10243_reload"   --->   Operation 110 'read' 'add51_9_10243_reload_read' <Predicate = true> <Delay = 0.00>
ST_1 : Operation 111 [1/1] (0.00ns)   --->   "%add51_9_9242_reload_read = read i32 @_ssdm_op_Read.ap_auto.i32, i32 %add51_9_9242_reload"   --->   Operation 111 'read' 'add51_9_9242_reload_read' <Predicate = true> <Delay = 0.00>
ST_1 : Operation 112 [1/1] (0.00ns)   --->   "%add51_9_8241_reload_read = read i32 @_ssdm_op_Read.ap_auto.i32, i32 %add51_9_8241_reload"   --->   Operation 112 'read' 'add51_9_8241_reload_read' <Predicate = true> <Delay = 0.00>
ST_1 : Operation 113 [1/1] (0.00ns)   --->   "%add51_9_7240_reload_read = read i32 @_ssdm_op_Read.ap_auto.i32, i32 %add51_9_7240_reload"   --->   Operation 113 'read' 'add51_9_7240_reload_read' <Predicate = true> <Delay = 0.00>
ST_1 : Operation 114 [1/1] (0.00ns)   --->   "%add51_9_6239_reload_read = read i32 @_ssdm_op_Read.ap_auto.i32, i32 %add51_9_6239_reload"   --->   Operation 114 'read' 'add51_9_6239_reload_read' <Predicate = true> <Delay = 0.00>
ST_1 : Operation 115 [1/1] (0.00ns)   --->   "%add51_9_5238_reload_read = read i32 @_ssdm_op_Read.ap_auto.i32, i32 %add51_9_5238_reload"   --->   Operation 115 'read' 'add51_9_5238_reload_read' <Predicate = true> <Delay = 0.00>
ST_1 : Operation 116 [1/1] (0.00ns)   --->   "%add51_9_4237_reload_read = read i32 @_ssdm_op_Read.ap_auto.i32, i32 %add51_9_4237_reload"   --->   Operation 116 'read' 'add51_9_4237_reload_read' <Predicate = true> <Delay = 0.00>
ST_1 : Operation 117 [1/1] (0.00ns)   --->   "%add51_9_3236_reload_read = read i32 @_ssdm_op_Read.ap_auto.i32, i32 %add51_9_3236_reload"   --->   Operation 117 'read' 'add51_9_3236_reload_read' <Predicate = true> <Delay = 0.00>
ST_1 : Operation 118 [1/1] (0.00ns)   --->   "%add51_9_2235_reload_read = read i32 @_ssdm_op_Read.ap_auto.i32, i32 %add51_9_2235_reload"   --->   Operation 118 'read' 'add51_9_2235_reload_read' <Predicate = true> <Delay = 0.00>
ST_1 : Operation 119 [1/1] (0.00ns)   --->   "%add51_9_1234_reload_read = read i32 @_ssdm_op_Read.ap_auto.i32, i32 %add51_9_1234_reload"   --->   Operation 119 'read' 'add51_9_1234_reload_read' <Predicate = true> <Delay = 0.00>
ST_1 : Operation 120 [1/1] (0.00ns)   --->   "%add51_9233_reload_read = read i32 @_ssdm_op_Read.ap_auto.i32, i32 %add51_9233_reload"   --->   Operation 120 'read' 'add51_9233_reload_read' <Predicate = true> <Delay = 0.00>
ST_1 : Operation 121 [1/1] (0.00ns)   --->   "%add51_8_15232_reload_read = read i32 @_ssdm_op_Read.ap_auto.i32, i32 %add51_8_15232_reload"   --->   Operation 121 'read' 'add51_8_15232_reload_read' <Predicate = true> <Delay = 0.00>
ST_1 : Operation 122 [1/1] (0.00ns)   --->   "%add51_8_14231_reload_read = read i32 @_ssdm_op_Read.ap_auto.i32, i32 %add51_8_14231_reload"   --->   Operation 122 'read' 'add51_8_14231_reload_read' <Predicate = true> <Delay = 0.00>
ST_1 : Operation 123 [1/1] (0.00ns)   --->   "%add51_8_13230_reload_read = read i32 @_ssdm_op_Read.ap_auto.i32, i32 %add51_8_13230_reload"   --->   Operation 123 'read' 'add51_8_13230_reload_read' <Predicate = true> <Delay = 0.00>
ST_1 : Operation 124 [1/1] (0.00ns)   --->   "%add51_8_12229_reload_read = read i32 @_ssdm_op_Read.ap_auto.i32, i32 %add51_8_12229_reload"   --->   Operation 124 'read' 'add51_8_12229_reload_read' <Predicate = true> <Delay = 0.00>
ST_1 : Operation 125 [1/1] (0.00ns)   --->   "%add51_8_11228_reload_read = read i32 @_ssdm_op_Read.ap_auto.i32, i32 %add51_8_11228_reload"   --->   Operation 125 'read' 'add51_8_11228_reload_read' <Predicate = true> <Delay = 0.00>
ST_1 : Operation 126 [1/1] (0.00ns)   --->   "%add51_8_10227_reload_read = read i32 @_ssdm_op_Read.ap_auto.i32, i32 %add51_8_10227_reload"   --->   Operation 126 'read' 'add51_8_10227_reload_read' <Predicate = true> <Delay = 0.00>
ST_1 : Operation 127 [1/1] (0.00ns)   --->   "%add51_8_9226_reload_read = read i32 @_ssdm_op_Read.ap_auto.i32, i32 %add51_8_9226_reload"   --->   Operation 127 'read' 'add51_8_9226_reload_read' <Predicate = true> <Delay = 0.00>
ST_1 : Operation 128 [1/1] (0.00ns)   --->   "%add51_8_8225_reload_read = read i32 @_ssdm_op_Read.ap_auto.i32, i32 %add51_8_8225_reload"   --->   Operation 128 'read' 'add51_8_8225_reload_read' <Predicate = true> <Delay = 0.00>
ST_1 : Operation 129 [1/1] (0.00ns)   --->   "%add51_8_7224_reload_read = read i32 @_ssdm_op_Read.ap_auto.i32, i32 %add51_8_7224_reload"   --->   Operation 129 'read' 'add51_8_7224_reload_read' <Predicate = true> <Delay = 0.00>
ST_1 : Operation 130 [1/1] (0.00ns)   --->   "%add51_8_6223_reload_read = read i32 @_ssdm_op_Read.ap_auto.i32, i32 %add51_8_6223_reload"   --->   Operation 130 'read' 'add51_8_6223_reload_read' <Predicate = true> <Delay = 0.00>
ST_1 : Operation 131 [1/1] (0.00ns)   --->   "%add51_8_5222_reload_read = read i32 @_ssdm_op_Read.ap_auto.i32, i32 %add51_8_5222_reload"   --->   Operation 131 'read' 'add51_8_5222_reload_read' <Predicate = true> <Delay = 0.00>
ST_1 : Operation 132 [1/1] (0.00ns)   --->   "%add51_8_4221_reload_read = read i32 @_ssdm_op_Read.ap_auto.i32, i32 %add51_8_4221_reload"   --->   Operation 132 'read' 'add51_8_4221_reload_read' <Predicate = true> <Delay = 0.00>
ST_1 : Operation 133 [1/1] (0.00ns)   --->   "%add51_8_3220_reload_read = read i32 @_ssdm_op_Read.ap_auto.i32, i32 %add51_8_3220_reload"   --->   Operation 133 'read' 'add51_8_3220_reload_read' <Predicate = true> <Delay = 0.00>
ST_1 : Operation 134 [1/1] (0.00ns)   --->   "%add51_8_2219_reload_read = read i32 @_ssdm_op_Read.ap_auto.i32, i32 %add51_8_2219_reload"   --->   Operation 134 'read' 'add51_8_2219_reload_read' <Predicate = true> <Delay = 0.00>
ST_1 : Operation 135 [1/1] (0.00ns)   --->   "%add51_8_1218_reload_read = read i32 @_ssdm_op_Read.ap_auto.i32, i32 %add51_8_1218_reload"   --->   Operation 135 'read' 'add51_8_1218_reload_read' <Predicate = true> <Delay = 0.00>
ST_1 : Operation 136 [1/1] (0.00ns)   --->   "%add51_8217_reload_read = read i32 @_ssdm_op_Read.ap_auto.i32, i32 %add51_8217_reload"   --->   Operation 136 'read' 'add51_8217_reload_read' <Predicate = true> <Delay = 0.00>
ST_1 : Operation 137 [1/1] (0.00ns)   --->   "%add51_7_15216_reload_read = read i32 @_ssdm_op_Read.ap_auto.i32, i32 %add51_7_15216_reload"   --->   Operation 137 'read' 'add51_7_15216_reload_read' <Predicate = true> <Delay = 0.00>
ST_1 : Operation 138 [1/1] (0.00ns)   --->   "%add51_7_14215_reload_read = read i32 @_ssdm_op_Read.ap_auto.i32, i32 %add51_7_14215_reload"   --->   Operation 138 'read' 'add51_7_14215_reload_read' <Predicate = true> <Delay = 0.00>
ST_1 : Operation 139 [1/1] (0.00ns)   --->   "%add51_7_13214_reload_read = read i32 @_ssdm_op_Read.ap_auto.i32, i32 %add51_7_13214_reload"   --->   Operation 139 'read' 'add51_7_13214_reload_read' <Predicate = true> <Delay = 0.00>
ST_1 : Operation 140 [1/1] (0.00ns)   --->   "%add51_7_12213_reload_read = read i32 @_ssdm_op_Read.ap_auto.i32, i32 %add51_7_12213_reload"   --->   Operation 140 'read' 'add51_7_12213_reload_read' <Predicate = true> <Delay = 0.00>
ST_1 : Operation 141 [1/1] (0.00ns)   --->   "%add51_7_11212_reload_read = read i32 @_ssdm_op_Read.ap_auto.i32, i32 %add51_7_11212_reload"   --->   Operation 141 'read' 'add51_7_11212_reload_read' <Predicate = true> <Delay = 0.00>
ST_1 : Operation 142 [1/1] (0.00ns)   --->   "%add51_7_10211_reload_read = read i32 @_ssdm_op_Read.ap_auto.i32, i32 %add51_7_10211_reload"   --->   Operation 142 'read' 'add51_7_10211_reload_read' <Predicate = true> <Delay = 0.00>
ST_1 : Operation 143 [1/1] (0.00ns)   --->   "%add51_7_9210_reload_read = read i32 @_ssdm_op_Read.ap_auto.i32, i32 %add51_7_9210_reload"   --->   Operation 143 'read' 'add51_7_9210_reload_read' <Predicate = true> <Delay = 0.00>
ST_1 : Operation 144 [1/1] (0.00ns)   --->   "%add51_7_8209_reload_read = read i32 @_ssdm_op_Read.ap_auto.i32, i32 %add51_7_8209_reload"   --->   Operation 144 'read' 'add51_7_8209_reload_read' <Predicate = true> <Delay = 0.00>
ST_1 : Operation 145 [1/1] (0.00ns)   --->   "%add51_7_7208_reload_read = read i32 @_ssdm_op_Read.ap_auto.i32, i32 %add51_7_7208_reload"   --->   Operation 145 'read' 'add51_7_7208_reload_read' <Predicate = true> <Delay = 0.00>
ST_1 : Operation 146 [1/1] (0.00ns)   --->   "%add51_7_6207_reload_read = read i32 @_ssdm_op_Read.ap_auto.i32, i32 %add51_7_6207_reload"   --->   Operation 146 'read' 'add51_7_6207_reload_read' <Predicate = true> <Delay = 0.00>
ST_1 : Operation 147 [1/1] (0.00ns)   --->   "%add51_7_5206_reload_read = read i32 @_ssdm_op_Read.ap_auto.i32, i32 %add51_7_5206_reload"   --->   Operation 147 'read' 'add51_7_5206_reload_read' <Predicate = true> <Delay = 0.00>
ST_1 : Operation 148 [1/1] (0.00ns)   --->   "%add51_7_4205_reload_read = read i32 @_ssdm_op_Read.ap_auto.i32, i32 %add51_7_4205_reload"   --->   Operation 148 'read' 'add51_7_4205_reload_read' <Predicate = true> <Delay = 0.00>
ST_1 : Operation 149 [1/1] (0.00ns)   --->   "%add51_7_3204_reload_read = read i32 @_ssdm_op_Read.ap_auto.i32, i32 %add51_7_3204_reload"   --->   Operation 149 'read' 'add51_7_3204_reload_read' <Predicate = true> <Delay = 0.00>
ST_1 : Operation 150 [1/1] (0.00ns)   --->   "%add51_7_2203_reload_read = read i32 @_ssdm_op_Read.ap_auto.i32, i32 %add51_7_2203_reload"   --->   Operation 150 'read' 'add51_7_2203_reload_read' <Predicate = true> <Delay = 0.00>
ST_1 : Operation 151 [1/1] (0.00ns)   --->   "%add51_7_1202_reload_read = read i32 @_ssdm_op_Read.ap_auto.i32, i32 %add51_7_1202_reload"   --->   Operation 151 'read' 'add51_7_1202_reload_read' <Predicate = true> <Delay = 0.00>
ST_1 : Operation 152 [1/1] (0.00ns)   --->   "%add51_7201_reload_read = read i32 @_ssdm_op_Read.ap_auto.i32, i32 %add51_7201_reload"   --->   Operation 152 'read' 'add51_7201_reload_read' <Predicate = true> <Delay = 0.00>
ST_1 : Operation 153 [1/1] (0.00ns)   --->   "%add51_6_15200_reload_read = read i32 @_ssdm_op_Read.ap_auto.i32, i32 %add51_6_15200_reload"   --->   Operation 153 'read' 'add51_6_15200_reload_read' <Predicate = true> <Delay = 0.00>
ST_1 : Operation 154 [1/1] (0.00ns)   --->   "%add51_6_14199_reload_read = read i32 @_ssdm_op_Read.ap_auto.i32, i32 %add51_6_14199_reload"   --->   Operation 154 'read' 'add51_6_14199_reload_read' <Predicate = true> <Delay = 0.00>
ST_1 : Operation 155 [1/1] (0.00ns)   --->   "%add51_6_13198_reload_read = read i32 @_ssdm_op_Read.ap_auto.i32, i32 %add51_6_13198_reload"   --->   Operation 155 'read' 'add51_6_13198_reload_read' <Predicate = true> <Delay = 0.00>
ST_1 : Operation 156 [1/1] (0.00ns)   --->   "%add51_6_12197_reload_read = read i32 @_ssdm_op_Read.ap_auto.i32, i32 %add51_6_12197_reload"   --->   Operation 156 'read' 'add51_6_12197_reload_read' <Predicate = true> <Delay = 0.00>
ST_1 : Operation 157 [1/1] (0.00ns)   --->   "%add51_6_11196_reload_read = read i32 @_ssdm_op_Read.ap_auto.i32, i32 %add51_6_11196_reload"   --->   Operation 157 'read' 'add51_6_11196_reload_read' <Predicate = true> <Delay = 0.00>
ST_1 : Operation 158 [1/1] (0.00ns)   --->   "%add51_6_10195_reload_read = read i32 @_ssdm_op_Read.ap_auto.i32, i32 %add51_6_10195_reload"   --->   Operation 158 'read' 'add51_6_10195_reload_read' <Predicate = true> <Delay = 0.00>
ST_1 : Operation 159 [1/1] (0.00ns)   --->   "%add51_6_9194_reload_read = read i32 @_ssdm_op_Read.ap_auto.i32, i32 %add51_6_9194_reload"   --->   Operation 159 'read' 'add51_6_9194_reload_read' <Predicate = true> <Delay = 0.00>
ST_1 : Operation 160 [1/1] (0.00ns)   --->   "%add51_6_8193_reload_read = read i32 @_ssdm_op_Read.ap_auto.i32, i32 %add51_6_8193_reload"   --->   Operation 160 'read' 'add51_6_8193_reload_read' <Predicate = true> <Delay = 0.00>
ST_1 : Operation 161 [1/1] (0.00ns)   --->   "%add51_6_7192_reload_read = read i32 @_ssdm_op_Read.ap_auto.i32, i32 %add51_6_7192_reload"   --->   Operation 161 'read' 'add51_6_7192_reload_read' <Predicate = true> <Delay = 0.00>
ST_1 : Operation 162 [1/1] (0.00ns)   --->   "%add51_6_6191_reload_read = read i32 @_ssdm_op_Read.ap_auto.i32, i32 %add51_6_6191_reload"   --->   Operation 162 'read' 'add51_6_6191_reload_read' <Predicate = true> <Delay = 0.00>
ST_1 : Operation 163 [1/1] (0.00ns)   --->   "%add51_6_5190_reload_read = read i32 @_ssdm_op_Read.ap_auto.i32, i32 %add51_6_5190_reload"   --->   Operation 163 'read' 'add51_6_5190_reload_read' <Predicate = true> <Delay = 0.00>
ST_1 : Operation 164 [1/1] (0.00ns)   --->   "%add51_6_4189_reload_read = read i32 @_ssdm_op_Read.ap_auto.i32, i32 %add51_6_4189_reload"   --->   Operation 164 'read' 'add51_6_4189_reload_read' <Predicate = true> <Delay = 0.00>
ST_1 : Operation 165 [1/1] (0.00ns)   --->   "%add51_6_3188_reload_read = read i32 @_ssdm_op_Read.ap_auto.i32, i32 %add51_6_3188_reload"   --->   Operation 165 'read' 'add51_6_3188_reload_read' <Predicate = true> <Delay = 0.00>
ST_1 : Operation 166 [1/1] (0.00ns)   --->   "%add51_6_2187_reload_read = read i32 @_ssdm_op_Read.ap_auto.i32, i32 %add51_6_2187_reload"   --->   Operation 166 'read' 'add51_6_2187_reload_read' <Predicate = true> <Delay = 0.00>
ST_1 : Operation 167 [1/1] (0.00ns)   --->   "%add51_6_1186_reload_read = read i32 @_ssdm_op_Read.ap_auto.i32, i32 %add51_6_1186_reload"   --->   Operation 167 'read' 'add51_6_1186_reload_read' <Predicate = true> <Delay = 0.00>
ST_1 : Operation 168 [1/1] (0.00ns)   --->   "%add51_6185_reload_read = read i32 @_ssdm_op_Read.ap_auto.i32, i32 %add51_6185_reload"   --->   Operation 168 'read' 'add51_6185_reload_read' <Predicate = true> <Delay = 0.00>
ST_1 : Operation 169 [1/1] (0.00ns)   --->   "%add51_5_15184_reload_read = read i32 @_ssdm_op_Read.ap_auto.i32, i32 %add51_5_15184_reload"   --->   Operation 169 'read' 'add51_5_15184_reload_read' <Predicate = true> <Delay = 0.00>
ST_1 : Operation 170 [1/1] (0.00ns)   --->   "%add51_5_14183_reload_read = read i32 @_ssdm_op_Read.ap_auto.i32, i32 %add51_5_14183_reload"   --->   Operation 170 'read' 'add51_5_14183_reload_read' <Predicate = true> <Delay = 0.00>
ST_1 : Operation 171 [1/1] (0.00ns)   --->   "%add51_5_13182_reload_read = read i32 @_ssdm_op_Read.ap_auto.i32, i32 %add51_5_13182_reload"   --->   Operation 171 'read' 'add51_5_13182_reload_read' <Predicate = true> <Delay = 0.00>
ST_1 : Operation 172 [1/1] (0.00ns)   --->   "%add51_5_12181_reload_read = read i32 @_ssdm_op_Read.ap_auto.i32, i32 %add51_5_12181_reload"   --->   Operation 172 'read' 'add51_5_12181_reload_read' <Predicate = true> <Delay = 0.00>
ST_1 : Operation 173 [1/1] (0.00ns)   --->   "%add51_5_11180_reload_read = read i32 @_ssdm_op_Read.ap_auto.i32, i32 %add51_5_11180_reload"   --->   Operation 173 'read' 'add51_5_11180_reload_read' <Predicate = true> <Delay = 0.00>
ST_1 : Operation 174 [1/1] (0.00ns)   --->   "%add51_5_10179_reload_read = read i32 @_ssdm_op_Read.ap_auto.i32, i32 %add51_5_10179_reload"   --->   Operation 174 'read' 'add51_5_10179_reload_read' <Predicate = true> <Delay = 0.00>
ST_1 : Operation 175 [1/1] (0.00ns)   --->   "%add51_5_9178_reload_read = read i32 @_ssdm_op_Read.ap_auto.i32, i32 %add51_5_9178_reload"   --->   Operation 175 'read' 'add51_5_9178_reload_read' <Predicate = true> <Delay = 0.00>
ST_1 : Operation 176 [1/1] (0.00ns)   --->   "%add51_5_8177_reload_read = read i32 @_ssdm_op_Read.ap_auto.i32, i32 %add51_5_8177_reload"   --->   Operation 176 'read' 'add51_5_8177_reload_read' <Predicate = true> <Delay = 0.00>
ST_1 : Operation 177 [1/1] (0.00ns)   --->   "%add51_5_7176_reload_read = read i32 @_ssdm_op_Read.ap_auto.i32, i32 %add51_5_7176_reload"   --->   Operation 177 'read' 'add51_5_7176_reload_read' <Predicate = true> <Delay = 0.00>
ST_1 : Operation 178 [1/1] (0.00ns)   --->   "%add51_5_6175_reload_read = read i32 @_ssdm_op_Read.ap_auto.i32, i32 %add51_5_6175_reload"   --->   Operation 178 'read' 'add51_5_6175_reload_read' <Predicate = true> <Delay = 0.00>
ST_1 : Operation 179 [1/1] (0.00ns)   --->   "%add51_5_5174_reload_read = read i32 @_ssdm_op_Read.ap_auto.i32, i32 %add51_5_5174_reload"   --->   Operation 179 'read' 'add51_5_5174_reload_read' <Predicate = true> <Delay = 0.00>
ST_1 : Operation 180 [1/1] (0.00ns)   --->   "%add51_5_4173_reload_read = read i32 @_ssdm_op_Read.ap_auto.i32, i32 %add51_5_4173_reload"   --->   Operation 180 'read' 'add51_5_4173_reload_read' <Predicate = true> <Delay = 0.00>
ST_1 : Operation 181 [1/1] (0.00ns)   --->   "%add51_5_3172_reload_read = read i32 @_ssdm_op_Read.ap_auto.i32, i32 %add51_5_3172_reload"   --->   Operation 181 'read' 'add51_5_3172_reload_read' <Predicate = true> <Delay = 0.00>
ST_1 : Operation 182 [1/1] (0.00ns)   --->   "%add51_5_2171_reload_read = read i32 @_ssdm_op_Read.ap_auto.i32, i32 %add51_5_2171_reload"   --->   Operation 182 'read' 'add51_5_2171_reload_read' <Predicate = true> <Delay = 0.00>
ST_1 : Operation 183 [1/1] (0.00ns)   --->   "%add51_5_1170_reload_read = read i32 @_ssdm_op_Read.ap_auto.i32, i32 %add51_5_1170_reload"   --->   Operation 183 'read' 'add51_5_1170_reload_read' <Predicate = true> <Delay = 0.00>
ST_1 : Operation 184 [1/1] (0.00ns)   --->   "%add51_5169_reload_read = read i32 @_ssdm_op_Read.ap_auto.i32, i32 %add51_5169_reload"   --->   Operation 184 'read' 'add51_5169_reload_read' <Predicate = true> <Delay = 0.00>
ST_1 : Operation 185 [1/1] (0.00ns)   --->   "%add51_4_15168_reload_read = read i32 @_ssdm_op_Read.ap_auto.i32, i32 %add51_4_15168_reload"   --->   Operation 185 'read' 'add51_4_15168_reload_read' <Predicate = true> <Delay = 0.00>
ST_1 : Operation 186 [1/1] (0.00ns)   --->   "%add51_4_14167_reload_read = read i32 @_ssdm_op_Read.ap_auto.i32, i32 %add51_4_14167_reload"   --->   Operation 186 'read' 'add51_4_14167_reload_read' <Predicate = true> <Delay = 0.00>
ST_1 : Operation 187 [1/1] (0.00ns)   --->   "%add51_4_13166_reload_read = read i32 @_ssdm_op_Read.ap_auto.i32, i32 %add51_4_13166_reload"   --->   Operation 187 'read' 'add51_4_13166_reload_read' <Predicate = true> <Delay = 0.00>
ST_1 : Operation 188 [1/1] (0.00ns)   --->   "%add51_4_12165_reload_read = read i32 @_ssdm_op_Read.ap_auto.i32, i32 %add51_4_12165_reload"   --->   Operation 188 'read' 'add51_4_12165_reload_read' <Predicate = true> <Delay = 0.00>
ST_1 : Operation 189 [1/1] (0.00ns)   --->   "%add51_4_11164_reload_read = read i32 @_ssdm_op_Read.ap_auto.i32, i32 %add51_4_11164_reload"   --->   Operation 189 'read' 'add51_4_11164_reload_read' <Predicate = true> <Delay = 0.00>
ST_1 : Operation 190 [1/1] (0.00ns)   --->   "%add51_4_10163_reload_read = read i32 @_ssdm_op_Read.ap_auto.i32, i32 %add51_4_10163_reload"   --->   Operation 190 'read' 'add51_4_10163_reload_read' <Predicate = true> <Delay = 0.00>
ST_1 : Operation 191 [1/1] (0.00ns)   --->   "%add51_4_9162_reload_read = read i32 @_ssdm_op_Read.ap_auto.i32, i32 %add51_4_9162_reload"   --->   Operation 191 'read' 'add51_4_9162_reload_read' <Predicate = true> <Delay = 0.00>
ST_1 : Operation 192 [1/1] (0.00ns)   --->   "%add51_4_8161_reload_read = read i32 @_ssdm_op_Read.ap_auto.i32, i32 %add51_4_8161_reload"   --->   Operation 192 'read' 'add51_4_8161_reload_read' <Predicate = true> <Delay = 0.00>
ST_1 : Operation 193 [1/1] (0.00ns)   --->   "%add51_4_7160_reload_read = read i32 @_ssdm_op_Read.ap_auto.i32, i32 %add51_4_7160_reload"   --->   Operation 193 'read' 'add51_4_7160_reload_read' <Predicate = true> <Delay = 0.00>
ST_1 : Operation 194 [1/1] (0.00ns)   --->   "%add51_4_6159_reload_read = read i32 @_ssdm_op_Read.ap_auto.i32, i32 %add51_4_6159_reload"   --->   Operation 194 'read' 'add51_4_6159_reload_read' <Predicate = true> <Delay = 0.00>
ST_1 : Operation 195 [1/1] (0.00ns)   --->   "%add51_4_5158_reload_read = read i32 @_ssdm_op_Read.ap_auto.i32, i32 %add51_4_5158_reload"   --->   Operation 195 'read' 'add51_4_5158_reload_read' <Predicate = true> <Delay = 0.00>
ST_1 : Operation 196 [1/1] (0.00ns)   --->   "%add51_4_4157_reload_read = read i32 @_ssdm_op_Read.ap_auto.i32, i32 %add51_4_4157_reload"   --->   Operation 196 'read' 'add51_4_4157_reload_read' <Predicate = true> <Delay = 0.00>
ST_1 : Operation 197 [1/1] (0.00ns)   --->   "%add51_4_3156_reload_read = read i32 @_ssdm_op_Read.ap_auto.i32, i32 %add51_4_3156_reload"   --->   Operation 197 'read' 'add51_4_3156_reload_read' <Predicate = true> <Delay = 0.00>
ST_1 : Operation 198 [1/1] (0.00ns)   --->   "%add51_4_2155_reload_read = read i32 @_ssdm_op_Read.ap_auto.i32, i32 %add51_4_2155_reload"   --->   Operation 198 'read' 'add51_4_2155_reload_read' <Predicate = true> <Delay = 0.00>
ST_1 : Operation 199 [1/1] (0.00ns)   --->   "%add51_4_1154_reload_read = read i32 @_ssdm_op_Read.ap_auto.i32, i32 %add51_4_1154_reload"   --->   Operation 199 'read' 'add51_4_1154_reload_read' <Predicate = true> <Delay = 0.00>
ST_1 : Operation 200 [1/1] (0.00ns)   --->   "%add51_4153_reload_read = read i32 @_ssdm_op_Read.ap_auto.i32, i32 %add51_4153_reload"   --->   Operation 200 'read' 'add51_4153_reload_read' <Predicate = true> <Delay = 0.00>
ST_1 : Operation 201 [1/1] (0.00ns)   --->   "%add51_3_15152_reload_read = read i32 @_ssdm_op_Read.ap_auto.i32, i32 %add51_3_15152_reload"   --->   Operation 201 'read' 'add51_3_15152_reload_read' <Predicate = true> <Delay = 0.00>
ST_1 : Operation 202 [1/1] (0.00ns)   --->   "%add51_3_14151_reload_read = read i32 @_ssdm_op_Read.ap_auto.i32, i32 %add51_3_14151_reload"   --->   Operation 202 'read' 'add51_3_14151_reload_read' <Predicate = true> <Delay = 0.00>
ST_1 : Operation 203 [1/1] (0.00ns)   --->   "%add51_3_13150_reload_read = read i32 @_ssdm_op_Read.ap_auto.i32, i32 %add51_3_13150_reload"   --->   Operation 203 'read' 'add51_3_13150_reload_read' <Predicate = true> <Delay = 0.00>
ST_1 : Operation 204 [1/1] (0.00ns)   --->   "%add51_3_12149_reload_read = read i32 @_ssdm_op_Read.ap_auto.i32, i32 %add51_3_12149_reload"   --->   Operation 204 'read' 'add51_3_12149_reload_read' <Predicate = true> <Delay = 0.00>
ST_1 : Operation 205 [1/1] (0.00ns)   --->   "%add51_3_11148_reload_read = read i32 @_ssdm_op_Read.ap_auto.i32, i32 %add51_3_11148_reload"   --->   Operation 205 'read' 'add51_3_11148_reload_read' <Predicate = true> <Delay = 0.00>
ST_1 : Operation 206 [1/1] (0.00ns)   --->   "%add51_3_10147_reload_read = read i32 @_ssdm_op_Read.ap_auto.i32, i32 %add51_3_10147_reload"   --->   Operation 206 'read' 'add51_3_10147_reload_read' <Predicate = true> <Delay = 0.00>
ST_1 : Operation 207 [1/1] (0.00ns)   --->   "%add51_3_9146_reload_read = read i32 @_ssdm_op_Read.ap_auto.i32, i32 %add51_3_9146_reload"   --->   Operation 207 'read' 'add51_3_9146_reload_read' <Predicate = true> <Delay = 0.00>
ST_1 : Operation 208 [1/1] (0.00ns)   --->   "%add51_3_8145_reload_read = read i32 @_ssdm_op_Read.ap_auto.i32, i32 %add51_3_8145_reload"   --->   Operation 208 'read' 'add51_3_8145_reload_read' <Predicate = true> <Delay = 0.00>
ST_1 : Operation 209 [1/1] (0.00ns)   --->   "%add51_3_7144_reload_read = read i32 @_ssdm_op_Read.ap_auto.i32, i32 %add51_3_7144_reload"   --->   Operation 209 'read' 'add51_3_7144_reload_read' <Predicate = true> <Delay = 0.00>
ST_1 : Operation 210 [1/1] (0.00ns)   --->   "%add51_3_6143_reload_read = read i32 @_ssdm_op_Read.ap_auto.i32, i32 %add51_3_6143_reload"   --->   Operation 210 'read' 'add51_3_6143_reload_read' <Predicate = true> <Delay = 0.00>
ST_1 : Operation 211 [1/1] (0.00ns)   --->   "%add51_3_5142_reload_read = read i32 @_ssdm_op_Read.ap_auto.i32, i32 %add51_3_5142_reload"   --->   Operation 211 'read' 'add51_3_5142_reload_read' <Predicate = true> <Delay = 0.00>
ST_1 : Operation 212 [1/1] (0.00ns)   --->   "%add51_3_4141_reload_read = read i32 @_ssdm_op_Read.ap_auto.i32, i32 %add51_3_4141_reload"   --->   Operation 212 'read' 'add51_3_4141_reload_read' <Predicate = true> <Delay = 0.00>
ST_1 : Operation 213 [1/1] (0.00ns)   --->   "%add51_3_3140_reload_read = read i32 @_ssdm_op_Read.ap_auto.i32, i32 %add51_3_3140_reload"   --->   Operation 213 'read' 'add51_3_3140_reload_read' <Predicate = true> <Delay = 0.00>
ST_1 : Operation 214 [1/1] (0.00ns)   --->   "%add51_3_2139_reload_read = read i32 @_ssdm_op_Read.ap_auto.i32, i32 %add51_3_2139_reload"   --->   Operation 214 'read' 'add51_3_2139_reload_read' <Predicate = true> <Delay = 0.00>
ST_1 : Operation 215 [1/1] (0.00ns)   --->   "%add51_3_1138_reload_read = read i32 @_ssdm_op_Read.ap_auto.i32, i32 %add51_3_1138_reload"   --->   Operation 215 'read' 'add51_3_1138_reload_read' <Predicate = true> <Delay = 0.00>
ST_1 : Operation 216 [1/1] (0.00ns)   --->   "%add51_3137_reload_read = read i32 @_ssdm_op_Read.ap_auto.i32, i32 %add51_3137_reload"   --->   Operation 216 'read' 'add51_3137_reload_read' <Predicate = true> <Delay = 0.00>
ST_1 : Operation 217 [1/1] (0.00ns)   --->   "%add51_2_15136_reload_read = read i32 @_ssdm_op_Read.ap_auto.i32, i32 %add51_2_15136_reload"   --->   Operation 217 'read' 'add51_2_15136_reload_read' <Predicate = true> <Delay = 0.00>
ST_1 : Operation 218 [1/1] (0.00ns)   --->   "%add51_2_14135_reload_read = read i32 @_ssdm_op_Read.ap_auto.i32, i32 %add51_2_14135_reload"   --->   Operation 218 'read' 'add51_2_14135_reload_read' <Predicate = true> <Delay = 0.00>
ST_1 : Operation 219 [1/1] (0.00ns)   --->   "%add51_2_13134_reload_read = read i32 @_ssdm_op_Read.ap_auto.i32, i32 %add51_2_13134_reload"   --->   Operation 219 'read' 'add51_2_13134_reload_read' <Predicate = true> <Delay = 0.00>
ST_1 : Operation 220 [1/1] (0.00ns)   --->   "%add51_2_12133_reload_read = read i32 @_ssdm_op_Read.ap_auto.i32, i32 %add51_2_12133_reload"   --->   Operation 220 'read' 'add51_2_12133_reload_read' <Predicate = true> <Delay = 0.00>
ST_1 : Operation 221 [1/1] (0.00ns)   --->   "%add51_2_11132_reload_read = read i32 @_ssdm_op_Read.ap_auto.i32, i32 %add51_2_11132_reload"   --->   Operation 221 'read' 'add51_2_11132_reload_read' <Predicate = true> <Delay = 0.00>
ST_1 : Operation 222 [1/1] (0.00ns)   --->   "%add51_2_10131_reload_read = read i32 @_ssdm_op_Read.ap_auto.i32, i32 %add51_2_10131_reload"   --->   Operation 222 'read' 'add51_2_10131_reload_read' <Predicate = true> <Delay = 0.00>
ST_1 : Operation 223 [1/1] (0.00ns)   --->   "%add51_2_9130_reload_read = read i32 @_ssdm_op_Read.ap_auto.i32, i32 %add51_2_9130_reload"   --->   Operation 223 'read' 'add51_2_9130_reload_read' <Predicate = true> <Delay = 0.00>
ST_1 : Operation 224 [1/1] (0.00ns)   --->   "%add51_2_8129_reload_read = read i32 @_ssdm_op_Read.ap_auto.i32, i32 %add51_2_8129_reload"   --->   Operation 224 'read' 'add51_2_8129_reload_read' <Predicate = true> <Delay = 0.00>
ST_1 : Operation 225 [1/1] (0.00ns)   --->   "%add51_2_7128_reload_read = read i32 @_ssdm_op_Read.ap_auto.i32, i32 %add51_2_7128_reload"   --->   Operation 225 'read' 'add51_2_7128_reload_read' <Predicate = true> <Delay = 0.00>
ST_1 : Operation 226 [1/1] (0.00ns)   --->   "%add51_2_6127_reload_read = read i32 @_ssdm_op_Read.ap_auto.i32, i32 %add51_2_6127_reload"   --->   Operation 226 'read' 'add51_2_6127_reload_read' <Predicate = true> <Delay = 0.00>
ST_1 : Operation 227 [1/1] (0.00ns)   --->   "%add51_2_5126_reload_read = read i32 @_ssdm_op_Read.ap_auto.i32, i32 %add51_2_5126_reload"   --->   Operation 227 'read' 'add51_2_5126_reload_read' <Predicate = true> <Delay = 0.00>
ST_1 : Operation 228 [1/1] (0.00ns)   --->   "%add51_2_4125_reload_read = read i32 @_ssdm_op_Read.ap_auto.i32, i32 %add51_2_4125_reload"   --->   Operation 228 'read' 'add51_2_4125_reload_read' <Predicate = true> <Delay = 0.00>
ST_1 : Operation 229 [1/1] (0.00ns)   --->   "%add51_2_3124_reload_read = read i32 @_ssdm_op_Read.ap_auto.i32, i32 %add51_2_3124_reload"   --->   Operation 229 'read' 'add51_2_3124_reload_read' <Predicate = true> <Delay = 0.00>
ST_1 : Operation 230 [1/1] (0.00ns)   --->   "%add51_2_2123_reload_read = read i32 @_ssdm_op_Read.ap_auto.i32, i32 %add51_2_2123_reload"   --->   Operation 230 'read' 'add51_2_2123_reload_read' <Predicate = true> <Delay = 0.00>
ST_1 : Operation 231 [1/1] (0.00ns)   --->   "%add51_2_1122_reload_read = read i32 @_ssdm_op_Read.ap_auto.i32, i32 %add51_2_1122_reload"   --->   Operation 231 'read' 'add51_2_1122_reload_read' <Predicate = true> <Delay = 0.00>
ST_1 : Operation 232 [1/1] (0.00ns)   --->   "%add51_2121_reload_read = read i32 @_ssdm_op_Read.ap_auto.i32, i32 %add51_2121_reload"   --->   Operation 232 'read' 'add51_2121_reload_read' <Predicate = true> <Delay = 0.00>
ST_1 : Operation 233 [1/1] (0.00ns)   --->   "%add51_1_15120_reload_read = read i32 @_ssdm_op_Read.ap_auto.i32, i32 %add51_1_15120_reload"   --->   Operation 233 'read' 'add51_1_15120_reload_read' <Predicate = true> <Delay = 0.00>
ST_1 : Operation 234 [1/1] (0.00ns)   --->   "%add51_1_14119_reload_read = read i32 @_ssdm_op_Read.ap_auto.i32, i32 %add51_1_14119_reload"   --->   Operation 234 'read' 'add51_1_14119_reload_read' <Predicate = true> <Delay = 0.00>
ST_1 : Operation 235 [1/1] (0.00ns)   --->   "%add51_1_13118_reload_read = read i32 @_ssdm_op_Read.ap_auto.i32, i32 %add51_1_13118_reload"   --->   Operation 235 'read' 'add51_1_13118_reload_read' <Predicate = true> <Delay = 0.00>
ST_1 : Operation 236 [1/1] (0.00ns)   --->   "%add51_1_12117_reload_read = read i32 @_ssdm_op_Read.ap_auto.i32, i32 %add51_1_12117_reload"   --->   Operation 236 'read' 'add51_1_12117_reload_read' <Predicate = true> <Delay = 0.00>
ST_1 : Operation 237 [1/1] (0.00ns)   --->   "%add51_1_11116_reload_read = read i32 @_ssdm_op_Read.ap_auto.i32, i32 %add51_1_11116_reload"   --->   Operation 237 'read' 'add51_1_11116_reload_read' <Predicate = true> <Delay = 0.00>
ST_1 : Operation 238 [1/1] (0.00ns)   --->   "%add51_1_10115_reload_read = read i32 @_ssdm_op_Read.ap_auto.i32, i32 %add51_1_10115_reload"   --->   Operation 238 'read' 'add51_1_10115_reload_read' <Predicate = true> <Delay = 0.00>
ST_1 : Operation 239 [1/1] (0.00ns)   --->   "%add51_1_9114_reload_read = read i32 @_ssdm_op_Read.ap_auto.i32, i32 %add51_1_9114_reload"   --->   Operation 239 'read' 'add51_1_9114_reload_read' <Predicate = true> <Delay = 0.00>
ST_1 : Operation 240 [1/1] (0.00ns)   --->   "%add51_1_8113_reload_read = read i32 @_ssdm_op_Read.ap_auto.i32, i32 %add51_1_8113_reload"   --->   Operation 240 'read' 'add51_1_8113_reload_read' <Predicate = true> <Delay = 0.00>
ST_1 : Operation 241 [1/1] (0.00ns)   --->   "%add51_1_7112_reload_read = read i32 @_ssdm_op_Read.ap_auto.i32, i32 %add51_1_7112_reload"   --->   Operation 241 'read' 'add51_1_7112_reload_read' <Predicate = true> <Delay = 0.00>
ST_1 : Operation 242 [1/1] (0.00ns)   --->   "%add51_1_6111_reload_read = read i32 @_ssdm_op_Read.ap_auto.i32, i32 %add51_1_6111_reload"   --->   Operation 242 'read' 'add51_1_6111_reload_read' <Predicate = true> <Delay = 0.00>
ST_1 : Operation 243 [1/1] (0.00ns)   --->   "%add51_1_5110_reload_read = read i32 @_ssdm_op_Read.ap_auto.i32, i32 %add51_1_5110_reload"   --->   Operation 243 'read' 'add51_1_5110_reload_read' <Predicate = true> <Delay = 0.00>
ST_1 : Operation 244 [1/1] (0.00ns)   --->   "%add51_1_4109_reload_read = read i32 @_ssdm_op_Read.ap_auto.i32, i32 %add51_1_4109_reload"   --->   Operation 244 'read' 'add51_1_4109_reload_read' <Predicate = true> <Delay = 0.00>
ST_1 : Operation 245 [1/1] (0.00ns)   --->   "%add51_1_3108_reload_read = read i32 @_ssdm_op_Read.ap_auto.i32, i32 %add51_1_3108_reload"   --->   Operation 245 'read' 'add51_1_3108_reload_read' <Predicate = true> <Delay = 0.00>
ST_1 : Operation 246 [1/1] (0.00ns)   --->   "%add51_1_2107_reload_read = read i32 @_ssdm_op_Read.ap_auto.i32, i32 %add51_1_2107_reload"   --->   Operation 246 'read' 'add51_1_2107_reload_read' <Predicate = true> <Delay = 0.00>
ST_1 : Operation 247 [1/1] (0.00ns)   --->   "%add51_1_1106_reload_read = read i32 @_ssdm_op_Read.ap_auto.i32, i32 %add51_1_1106_reload"   --->   Operation 247 'read' 'add51_1_1106_reload_read' <Predicate = true> <Delay = 0.00>
ST_1 : Operation 248 [1/1] (0.00ns)   --->   "%add51_1105_reload_read = read i32 @_ssdm_op_Read.ap_auto.i32, i32 %add51_1105_reload"   --->   Operation 248 'read' 'add51_1105_reload_read' <Predicate = true> <Delay = 0.00>
ST_1 : Operation 249 [1/1] (0.00ns)   --->   "%add51_1588104_reload_read = read i32 @_ssdm_op_Read.ap_auto.i32, i32 %add51_1588104_reload"   --->   Operation 249 'read' 'add51_1588104_reload_read' <Predicate = true> <Delay = 0.00>
ST_1 : Operation 250 [1/1] (0.00ns)   --->   "%add51_1483103_reload_read = read i32 @_ssdm_op_Read.ap_auto.i32, i32 %add51_1483103_reload"   --->   Operation 250 'read' 'add51_1483103_reload_read' <Predicate = true> <Delay = 0.00>
ST_1 : Operation 251 [1/1] (0.00ns)   --->   "%add51_1378102_reload_read = read i32 @_ssdm_op_Read.ap_auto.i32, i32 %add51_1378102_reload"   --->   Operation 251 'read' 'add51_1378102_reload_read' <Predicate = true> <Delay = 0.00>
ST_1 : Operation 252 [1/1] (0.00ns)   --->   "%add51_1273101_reload_read = read i32 @_ssdm_op_Read.ap_auto.i32, i32 %add51_1273101_reload"   --->   Operation 252 'read' 'add51_1273101_reload_read' <Predicate = true> <Delay = 0.00>
ST_1 : Operation 253 [1/1] (0.00ns)   --->   "%add51_1168100_reload_read = read i32 @_ssdm_op_Read.ap_auto.i32, i32 %add51_1168100_reload"   --->   Operation 253 'read' 'add51_1168100_reload_read' <Predicate = true> <Delay = 0.00>
ST_1 : Operation 254 [1/1] (0.00ns)   --->   "%add51_106399_reload_read = read i32 @_ssdm_op_Read.ap_auto.i32, i32 %add51_106399_reload"   --->   Operation 254 'read' 'add51_106399_reload_read' <Predicate = true> <Delay = 0.00>
ST_1 : Operation 255 [1/1] (0.00ns)   --->   "%add51_95898_reload_read = read i32 @_ssdm_op_Read.ap_auto.i32, i32 %add51_95898_reload"   --->   Operation 255 'read' 'add51_95898_reload_read' <Predicate = true> <Delay = 0.00>
ST_1 : Operation 256 [1/1] (0.00ns)   --->   "%add51_85397_reload_read = read i32 @_ssdm_op_Read.ap_auto.i32, i32 %add51_85397_reload"   --->   Operation 256 'read' 'add51_85397_reload_read' <Predicate = true> <Delay = 0.00>
ST_1 : Operation 257 [1/1] (0.00ns)   --->   "%add51_74896_reload_read = read i32 @_ssdm_op_Read.ap_auto.i32, i32 %add51_74896_reload"   --->   Operation 257 'read' 'add51_74896_reload_read' <Predicate = true> <Delay = 0.00>
ST_1 : Operation 258 [1/1] (0.00ns)   --->   "%add51_64395_reload_read = read i32 @_ssdm_op_Read.ap_auto.i32, i32 %add51_64395_reload"   --->   Operation 258 'read' 'add51_64395_reload_read' <Predicate = true> <Delay = 0.00>
ST_1 : Operation 259 [1/1] (0.00ns)   --->   "%add51_53894_reload_read = read i32 @_ssdm_op_Read.ap_auto.i32, i32 %add51_53894_reload"   --->   Operation 259 'read' 'add51_53894_reload_read' <Predicate = true> <Delay = 0.00>
ST_1 : Operation 260 [1/1] (0.00ns)   --->   "%add51_43393_reload_read = read i32 @_ssdm_op_Read.ap_auto.i32, i32 %add51_43393_reload"   --->   Operation 260 'read' 'add51_43393_reload_read' <Predicate = true> <Delay = 0.00>
ST_1 : Operation 261 [1/1] (0.00ns)   --->   "%add51_32892_reload_read = read i32 @_ssdm_op_Read.ap_auto.i32, i32 %add51_32892_reload"   --->   Operation 261 'read' 'add51_32892_reload_read' <Predicate = true> <Delay = 0.00>
ST_1 : Operation 262 [1/1] (0.00ns)   --->   "%add51_22391_reload_read = read i32 @_ssdm_op_Read.ap_auto.i32, i32 %add51_22391_reload"   --->   Operation 262 'read' 'add51_22391_reload_read' <Predicate = true> <Delay = 0.00>
ST_1 : Operation 263 [1/1] (0.00ns)   --->   "%add51_11890_reload_read = read i32 @_ssdm_op_Read.ap_auto.i32, i32 %add51_11890_reload"   --->   Operation 263 'read' 'add51_11890_reload_read' <Predicate = true> <Delay = 0.00>
ST_1 : Operation 264 [1/1] (0.00ns)   --->   "%p_reload_read = read i32 @_ssdm_op_Read.ap_auto.i32, i32 %p_reload"   --->   Operation 264 'read' 'p_reload_read' <Predicate = true> <Delay = 0.00>
ST_1 : Operation 265 [1/1] (0.00ns)   --->   "%sext_ln59_read = read i62 @_ssdm_op_Read.ap_auto.i62, i62 %sext_ln59"   --->   Operation 265 'read' 'sext_ln59_read' <Predicate = true> <Delay = 0.00>
ST_1 : Operation 266 [1/1] (0.00ns)   --->   "%sext_ln59_cast = sext i62 %sext_ln59_read"   --->   Operation 266 'sext' 'sext_ln59_cast' <Predicate = true> <Delay = 0.00>
ST_1 : Operation 267 [1/1] (0.00ns)   --->   "%specinterface_ln0 = specinterface void @_ssdm_op_SpecInterface, i32 %gmem0, void @empty, i32 0, i32 0, void @empty_0, i32 0, i32 0, void @empty_1, void @empty_2, void @empty_0, i32 16, i32 16, i32 16, i32 16, void @empty_0, void @empty_0, i32 4294967295, i32 0, i32 0, i32 4"   --->   Operation 267 'specinterface' 'specinterface_ln0' <Predicate = true> <Delay = 0.00>
ST_1 : Operation 268 [1/1] (1.58ns)   --->   "%store_ln0 = store i9 0, i9 %indvar_flatten6"   --->   Operation 268 'store' 'store_ln0' <Predicate = true> <Delay = 1.58>
ST_1 : Operation 269 [1/1] (1.58ns)   --->   "%store_ln59 = store i5 0, i5 %i" [mmult.cpp:59]   --->   Operation 269 'store' 'store_ln59' <Predicate = true> <Delay = 1.58>
ST_1 : Operation 270 [1/1] (1.58ns)   --->   "%store_ln60 = store i5 0, i5 %j" [mmult.cpp:60]   --->   Operation 270 'store' 'store_ln60' <Predicate = true> <Delay = 1.58>
ST_1 : Operation 271 [1/1] (0.00ns)   --->   "%br_ln0 = br void %for.inc79"   --->   Operation 271 'br' 'br_ln0' <Predicate = true> <Delay = 0.00>
ST_1 : Operation 272 [1/1] (0.00ns)   --->   "%indvar_flatten6_load = load i9 %indvar_flatten6" [mmult.cpp:59]   --->   Operation 272 'load' 'indvar_flatten6_load' <Predicate = true> <Delay = 0.00>
ST_1 : Operation 273 [1/1] (0.00ns)   --->   "%specbitsmap_ln0 = specbitsmap void @_ssdm_op_SpecBitsMap, i32 %gmem0"   --->   Operation 273 'specbitsmap' 'specbitsmap_ln0' <Predicate = true> <Delay = 0.00>
ST_1 : Operation 274 [1/1] (1.82ns)   --->   "%icmp_ln59 = icmp_eq  i9 %indvar_flatten6_load, i9 256" [mmult.cpp:59]   --->   Operation 274 'icmp' 'icmp_ln59' <Predicate = true> <Delay = 1.82> <CoreInst = "Cmp">   --->   Core 9 'Cmp' <Latency = 0> <II = 1> <Delay = 1.82> <FuncUnit> <Opcode : 'seteq' 'setne' 'setle' 'setge' 'setlt' 'setgt'> <InPorts = 2> <OutPorts = 1>
ST_1 : Operation 275 [1/1] (1.82ns)   --->   "%add_ln59 = add i9 %indvar_flatten6_load, i9 1" [mmult.cpp:59]   --->   Operation 275 'add' 'add_ln59' <Predicate = true> <Delay = 1.82> <CoreInst = "Adder">   --->   Core 1 'Adder' <Latency = 0> <II = 1> <Delay = 1.82> <FuncUnit> <Opcode : 'add' 'sub'> <InPorts = 2> <OutPorts = 1>
ST_1 : Operation 276 [1/1] (0.00ns)   --->   "%br_ln59 = br i1 %icmp_ln59, void %for.inc82, void %for.end84.exitStub" [mmult.cpp:59]   --->   Operation 276 'br' 'br_ln59' <Predicate = true> <Delay = 0.00>
ST_1 : Operation 277 [1/1] (1.58ns)   --->   "%store_ln59 = store i9 %add_ln59, i9 %indvar_flatten6" [mmult.cpp:59]   --->   Operation 277 'store' 'store_ln59' <Predicate = (!icmp_ln59)> <Delay = 1.58>

State 2 <SV = 1> <Delay = 7.12>
ST_2 : Operation 278 [1/1] (0.00ns)   --->   "%j_load = load i5 %j" [mmult.cpp:60]   --->   Operation 278 'load' 'j_load' <Predicate = true> <Delay = 0.00>
ST_2 : Operation 279 [1/1] (0.00ns)   --->   "%i_load = load i5 %i" [mmult.cpp:59]   --->   Operation 279 'load' 'i_load' <Predicate = true> <Delay = 0.00>
ST_2 : Operation 280 [1/1] (1.78ns)   --->   "%icmp_ln60 = icmp_eq  i5 %j_load, i5 16" [mmult.cpp:60]   --->   Operation 280 'icmp' 'icmp_ln60' <Predicate = true> <Delay = 1.78> <CoreInst = "Cmp">   --->   Core 9 'Cmp' <Latency = 0> <II = 1> <Delay = 1.78> <FuncUnit> <Opcode : 'seteq' 'setne' 'setle' 'setge' 'setlt' 'setgt'> <InPorts = 2> <OutPorts = 1>
ST_2 : Operation 281 [1/1] (1.21ns)   --->   "%select_ln59 = select i1 %icmp_ln60, i5 0, i5 %j_load" [mmult.cpp:59]   --->   Operation 281 'select' 'select_ln59' <Predicate = true> <Delay = 1.21> <CoreInst = "Sel">   --->   Core 73 'Sel' <Latency = 0> <II = 1> <Delay = 1.21> <FuncUnit> <Opcode : 'select'> <InPorts = 3> <OutPorts = 1>
ST_2 : Operation 282 [1/1] (1.78ns)   --->   "%add_ln59_1 = add i5 %i_load, i5 1" [mmult.cpp:59]   --->   Operation 282 'add' 'add_ln59_1' <Predicate = true> <Delay = 1.78> <CoreInst = "Adder">   --->   Core 1 'Adder' <Latency = 0> <II = 1> <Delay = 1.78> <FuncUnit> <Opcode : 'add' 'sub'> <InPorts = 2> <OutPorts = 1>
ST_2 : Operation 283 [1/1] (1.21ns)   --->   "%select_ln59_1 = select i1 %icmp_ln60, i5 %add_ln59_1, i5 %i_load" [mmult.cpp:59]   --->   Operation 283 'select' 'select_ln59_1' <Predicate = true> <Delay = 1.21> <CoreInst = "Sel">   --->   Core 73 'Sel' <Latency = 0> <II = 1> <Delay = 1.21> <FuncUnit> <Opcode : 'select'> <InPorts = 3> <OutPorts = 1>
ST_2 : Operation 284 [1/1] (0.00ns)   --->   "%trunc_ln59 = trunc i5 %select_ln59_1" [mmult.cpp:59]   --->   Operation 284 'trunc' 'trunc_ln59' <Predicate = true> <Delay = 0.00>
ST_2 : Operation 285 [1/1] (0.00ns)   --->   "%trunc_ln60 = trunc i5 %select_ln59" [mmult.cpp:60]   --->   Operation 285 'trunc' 'trunc_ln60' <Predicate = true> <Delay = 0.00>
ST_2 : Operation 286 [1/1] (2.06ns)   --->   "%tmp = sparsemux i32 @_ssdm_op_SparseMux.ap_auto.16i32.i32.i4, i4 0, i32 %p_reload_read, i4 1, i32 %add51_11890_reload_read, i4 2, i32 %add51_22391_reload_read, i4 3, i32 %add51_32892_reload_read, i4 4, i32 %add51_43393_reload_read, i4 5, i32 %add51_53894_reload_read, i4 6, i32 %add51_64395_reload_read, i4 7, i32 %add51_74896_reload_read, i4 8, i32 %add51_85397_reload_read, i4 9, i32 %add51_95898_reload_read, i4 10, i32 %add51_106399_reload_read, i4 11, i32 %add51_1168100_reload_read, i4 12, i32 %add51_1273101_reload_read, i4 13, i32 %add51_1378102_reload_read, i4 14, i32 %add51_1483103_reload_read, i4 15, i32 %add51_1588104_reload_read, i32 0, i4 %trunc_ln60" [mmult.cpp:62]   --->   Operation 286 'sparsemux' 'tmp' <Predicate = true> <Delay = 2.06> <CoreInst = "BinarySparseMux_DontCare">   --->   Core 137 'BinarySparseMux_DontCare' <Latency = 0> <II = 1> <Delay = 2.06> <FuncUnit> <Opcode : 'sparsemux'> <InPorts = 2> <OutPorts = 1>
ST_2 : Operation 287 [1/1] (2.06ns)   --->   "%tmp_1 = sparsemux i32 @_ssdm_op_SparseMux.ap_auto.16i32.i32.i4, i4 0, i32 %add51_1105_reload_read, i4 1, i32 %add51_1_1106_reload_read, i4 2, i32 %add51_1_2107_reload_read, i4 3, i32 %add51_1_3108_reload_read, i4 4, i32 %add51_1_4109_reload_read, i4 5, i32 %add51_1_5110_reload_read, i4 6, i32 %add51_1_6111_reload_read, i4 7, i32 %add51_1_7112_reload_read, i4 8, i32 %add51_1_8113_reload_read, i4 9, i32 %add51_1_9114_reload_read, i4 10, i32 %add51_1_10115_reload_read, i4 11, i32 %add51_1_11116_reload_read, i4 12, i32 %add51_1_12117_reload_read, i4 13, i32 %add51_1_13118_reload_read, i4 14, i32 %add51_1_14119_reload_read, i4 15, i32 %add51_1_15120_reload_read, i32 0, i4 %trunc_ln60" [mmult.cpp:62]   --->   Operation 287 'sparsemux' 'tmp_1' <Predicate = true> <Delay = 2.06> <CoreInst = "BinarySparseMux_DontCare">   --->   Core 137 'BinarySparseMux_DontCare' <Latency = 0> <II = 1> <Delay = 2.06> <FuncUnit> <Opcode : 'sparsemux'> <InPorts = 2> <OutPorts = 1>
ST_2 : Operation 288 [1/1] (2.06ns)   --->   "%tmp_2 = sparsemux i32 @_ssdm_op_SparseMux.ap_auto.16i32.i32.i4, i4 0, i32 %add51_2121_reload_read, i4 1, i32 %add51_2_1122_reload_read, i4 2, i32 %add51_2_2123_reload_read, i4 3, i32 %add51_2_3124_reload_read, i4 4, i32 %add51_2_4125_reload_read, i4 5, i32 %add51_2_5126_reload_read, i4 6, i32 %add51_2_6127_reload_read, i4 7, i32 %add51_2_7128_reload_read, i4 8, i32 %add51_2_8129_reload_read, i4 9, i32 %add51_2_9130_reload_read, i4 10, i32 %add51_2_10131_reload_read, i4 11, i32 %add51_2_11132_reload_read, i4 12, i32 %add51_2_12133_reload_read, i4 13, i32 %add51_2_13134_reload_read, i4 14, i32 %add51_2_14135_reload_read, i4 15, i32 %add51_2_15136_reload_read, i32 0, i4 %trunc_ln60" [mmult.cpp:62]   --->   Operation 288 'sparsemux' 'tmp_2' <Predicate = true> <Delay = 2.06> <CoreInst = "BinarySparseMux_DontCare">   --->   Core 137 'BinarySparseMux_DontCare' <Latency = 0> <II = 1> <Delay = 2.06> <FuncUnit> <Opcode : 'sparsemux'> <InPorts = 2> <OutPorts = 1>
ST_2 : Operation 289 [1/1] (2.06ns)   --->   "%tmp_3 = sparsemux i32 @_ssdm_op_SparseMux.ap_auto.16i32.i32.i4, i4 0, i32 %add51_3137_reload_read, i4 1, i32 %add51_3_1138_reload_read, i4 2, i32 %add51_3_2139_reload_read, i4 3, i32 %add51_3_3140_reload_read, i4 4, i32 %add51_3_4141_reload_read, i4 5, i32 %add51_3_5142_reload_read, i4 6, i32 %add51_3_6143_reload_read, i4 7, i32 %add51_3_7144_reload_read, i4 8, i32 %add51_3_8145_reload_read, i4 9, i32 %add51_3_9146_reload_read, i4 10, i32 %add51_3_10147_reload_read, i4 11, i32 %add51_3_11148_reload_read, i4 12, i32 %add51_3_12149_reload_read, i4 13, i32 %add51_3_13150_reload_read, i4 14, i32 %add51_3_14151_reload_read, i4 15, i32 %add51_3_15152_reload_read, i32 0, i4 %trunc_ln60" [mmult.cpp:62]   --->   Operation 289 'sparsemux' 'tmp_3' <Predicate = true> <Delay = 2.06> <CoreInst = "BinarySparseMux_DontCare">   --->   Core 137 'BinarySparseMux_DontCare' <Latency = 0> <II = 1> <Delay = 2.06> <FuncUnit> <Opcode : 'sparsemux'> <InPorts = 2> <OutPorts = 1>
ST_2 : Operation 290 [1/1] (2.06ns)   --->   "%tmp_4 = sparsemux i32 @_ssdm_op_SparseMux.ap_auto.16i32.i32.i4, i4 0, i32 %add51_4153_reload_read, i4 1, i32 %add51_4_1154_reload_read, i4 2, i32 %add51_4_2155_reload_read, i4 3, i32 %add51_4_3156_reload_read, i4 4, i32 %add51_4_4157_reload_read, i4 5, i32 %add51_4_5158_reload_read, i4 6, i32 %add51_4_6159_reload_read, i4 7, i32 %add51_4_7160_reload_read, i4 8, i32 %add51_4_8161_reload_read, i4 9, i32 %add51_4_9162_reload_read, i4 10, i32 %add51_4_10163_reload_read, i4 11, i32 %add51_4_11164_reload_read, i4 12, i32 %add51_4_12165_reload_read, i4 13, i32 %add51_4_13166_reload_read, i4 14, i32 %add51_4_14167_reload_read, i4 15, i32 %add51_4_15168_reload_read, i32 0, i4 %trunc_ln60" [mmult.cpp:62]   --->   Operation 290 'sparsemux' 'tmp_4' <Predicate = true> <Delay = 2.06> <CoreInst = "BinarySparseMux_DontCare">   --->   Core 137 'BinarySparseMux_DontCare' <Latency = 0> <II = 1> <Delay = 2.06> <FuncUnit> <Opcode : 'sparsemux'> <InPorts = 2> <OutPorts = 1>
ST_2 : Operation 291 [1/1] (2.06ns)   --->   "%tmp_5 = sparsemux i32 @_ssdm_op_SparseMux.ap_auto.16i32.i32.i4, i4 0, i32 %add51_5169_reload_read, i4 1, i32 %add51_5_1170_reload_read, i4 2, i32 %add51_5_2171_reload_read, i4 3, i32 %add51_5_3172_reload_read, i4 4, i32 %add51_5_4173_reload_read, i4 5, i32 %add51_5_5174_reload_read, i4 6, i32 %add51_5_6175_reload_read, i4 7, i32 %add51_5_7176_reload_read, i4 8, i32 %add51_5_8177_reload_read, i4 9, i32 %add51_5_9178_reload_read, i4 10, i32 %add51_5_10179_reload_read, i4 11, i32 %add51_5_11180_reload_read, i4 12, i32 %add51_5_12181_reload_read, i4 13, i32 %add51_5_13182_reload_read, i4 14, i32 %add51_5_14183_reload_read, i4 15, i32 %add51_5_15184_reload_read, i32 0, i4 %trunc_ln60" [mmult.cpp:62]   --->   Operation 291 'sparsemux' 'tmp_5' <Predicate = true> <Delay = 2.06> <CoreInst = "BinarySparseMux_DontCare">   --->   Core 137 'BinarySparseMux_DontCare' <Latency = 0> <II = 1> <Delay = 2.06> <FuncUnit> <Opcode : 'sparsemux'> <InPorts = 2> <OutPorts = 1>
ST_2 : Operation 292 [1/1] (2.06ns)   --->   "%tmp_6 = sparsemux i32 @_ssdm_op_SparseMux.ap_auto.16i32.i32.i4, i4 0, i32 %add51_6185_reload_read, i4 1, i32 %add51_6_1186_reload_read, i4 2, i32 %add51_6_2187_reload_read, i4 3, i32 %add51_6_3188_reload_read, i4 4, i32 %add51_6_4189_reload_read, i4 5, i32 %add51_6_5190_reload_read, i4 6, i32 %add51_6_6191_reload_read, i4 7, i32 %add51_6_7192_reload_read, i4 8, i32 %add51_6_8193_reload_read, i4 9, i32 %add51_6_9194_reload_read, i4 10, i32 %add51_6_10195_reload_read, i4 11, i32 %add51_6_11196_reload_read, i4 12, i32 %add51_6_12197_reload_read, i4 13, i32 %add51_6_13198_reload_read, i4 14, i32 %add51_6_14199_reload_read, i4 15, i32 %add51_6_15200_reload_read, i32 0, i4 %trunc_ln60" [mmult.cpp:62]   --->   Operation 292 'sparsemux' 'tmp_6' <Predicate = true> <Delay = 2.06> <CoreInst = "BinarySparseMux_DontCare">   --->   Core 137 'BinarySparseMux_DontCare' <Latency = 0> <II = 1> <Delay = 2.06> <FuncUnit> <Opcode : 'sparsemux'> <InPorts = 2> <OutPorts = 1>
ST_2 : Operation 293 [1/1] (2.06ns)   --->   "%tmp_7 = sparsemux i32 @_ssdm_op_SparseMux.ap_auto.16i32.i32.i4, i4 0, i32 %add51_7201_reload_read, i4 1, i32 %add51_7_1202_reload_read, i4 2, i32 %add51_7_2203_reload_read, i4 3, i32 %add51_7_3204_reload_read, i4 4, i32 %add51_7_4205_reload_read, i4 5, i32 %add51_7_5206_reload_read, i4 6, i32 %add51_7_6207_reload_read, i4 7, i32 %add51_7_7208_reload_read, i4 8, i32 %add51_7_8209_reload_read, i4 9, i32 %add51_7_9210_reload_read, i4 10, i32 %add51_7_10211_reload_read, i4 11, i32 %add51_7_11212_reload_read, i4 12, i32 %add51_7_12213_reload_read, i4 13, i32 %add51_7_13214_reload_read, i4 14, i32 %add51_7_14215_reload_read, i4 15, i32 %add51_7_15216_reload_read, i32 0, i4 %trunc_ln60" [mmult.cpp:62]   --->   Operation 293 'sparsemux' 'tmp_7' <Predicate = true> <Delay = 2.06> <CoreInst = "BinarySparseMux_DontCare">   --->   Core 137 'BinarySparseMux_DontCare' <Latency = 0> <II = 1> <Delay = 2.06> <FuncUnit> <Opcode : 'sparsemux'> <InPorts = 2> <OutPorts = 1>
ST_2 : Operation 294 [1/1] (2.06ns)   --->   "%tmp_8 = sparsemux i32 @_ssdm_op_SparseMux.ap_auto.16i32.i32.i4, i4 0, i32 %add51_8217_reload_read, i4 1, i32 %add51_8_1218_reload_read, i4 2, i32 %add51_8_2219_reload_read, i4 3, i32 %add51_8_3220_reload_read, i4 4, i32 %add51_8_4221_reload_read, i4 5, i32 %add51_8_5222_reload_read, i4 6, i32 %add51_8_6223_reload_read, i4 7, i32 %add51_8_7224_reload_read, i4 8, i32 %add51_8_8225_reload_read, i4 9, i32 %add51_8_9226_reload_read, i4 10, i32 %add51_8_10227_reload_read, i4 11, i32 %add51_8_11228_reload_read, i4 12, i32 %add51_8_12229_reload_read, i4 13, i32 %add51_8_13230_reload_read, i4 14, i32 %add51_8_14231_reload_read, i4 15, i32 %add51_8_15232_reload_read, i32 0, i4 %trunc_ln60" [mmult.cpp:62]   --->   Operation 294 'sparsemux' 'tmp_8' <Predicate = true> <Delay = 2.06> <CoreInst = "BinarySparseMux_DontCare">   --->   Core 137 'BinarySparseMux_DontCare' <Latency = 0> <II = 1> <Delay = 2.06> <FuncUnit> <Opcode : 'sparsemux'> <InPorts = 2> <OutPorts = 1>
ST_2 : Operation 295 [1/1] (2.06ns)   --->   "%tmp_9 = sparsemux i32 @_ssdm_op_SparseMux.ap_auto.16i32.i32.i4, i4 0, i32 %add51_9233_reload_read, i4 1, i32 %add51_9_1234_reload_read, i4 2, i32 %add51_9_2235_reload_read, i4 3, i32 %add51_9_3236_reload_read, i4 4, i32 %add51_9_4237_reload_read, i4 5, i32 %add51_9_5238_reload_read, i4 6, i32 %add51_9_6239_reload_read, i4 7, i32 %add51_9_7240_reload_read, i4 8, i32 %add51_9_8241_reload_read, i4 9, i32 %add51_9_9242_reload_read, i4 10, i32 %add51_9_10243_reload_read, i4 11, i32 %add51_9_11244_reload_read, i4 12, i32 %add51_9_12245_reload_read, i4 13, i32 %add51_9_13246_reload_read, i4 14, i32 %add51_9_14247_reload_read, i4 15, i32 %add51_9_15248_reload_read, i32 0, i4 %trunc_ln60" [mmult.cpp:62]   --->   Operation 295 'sparsemux' 'tmp_9' <Predicate = true> <Delay = 2.06> <CoreInst = "BinarySparseMux_DontCare">   --->   Core 137 'BinarySparseMux_DontCare' <Latency = 0> <II = 1> <Delay = 2.06> <FuncUnit> <Opcode : 'sparsemux'> <InPorts = 2> <OutPorts = 1>
ST_2 : Operation 296 [1/1] (2.06ns)   --->   "%tmp_s = sparsemux i32 @_ssdm_op_SparseMux.ap_auto.16i32.i32.i4, i4 0, i32 %add51_10249_reload_read, i4 1, i32 %add51_10_1250_reload_read, i4 2, i32 %add51_10_2251_reload_read, i4 3, i32 %add51_10_3252_reload_read, i4 4, i32 %add51_10_4253_reload_read, i4 5, i32 %add51_10_5254_reload_read, i4 6, i32 %add51_10_6255_reload_read, i4 7, i32 %add51_10_7256_reload_read, i4 8, i32 %add51_10_8257_reload_read, i4 9, i32 %add51_10_9258_reload_read, i4 10, i32 %add51_10_10259_reload_read, i4 11, i32 %add51_10_11260_reload_read, i4 12, i32 %add51_10_12261_reload_read, i4 13, i32 %add51_10_13262_reload_read, i4 14, i32 %add51_10_14263_reload_read, i4 15, i32 %add51_10_15264_reload_read, i32 0, i4 %trunc_ln60" [mmult.cpp:62]   --->   Operation 296 'sparsemux' 'tmp_s' <Predicate = true> <Delay = 2.06> <CoreInst = "BinarySparseMux_DontCare">   --->   Core 137 'BinarySparseMux_DontCare' <Latency = 0> <II = 1> <Delay = 2.06> <FuncUnit> <Opcode : 'sparsemux'> <InPorts = 2> <OutPorts = 1>
ST_2 : Operation 297 [1/1] (2.06ns)   --->   "%tmp_10 = sparsemux i32 @_ssdm_op_SparseMux.ap_auto.16i32.i32.i4, i4 0, i32 %add51_11265_reload_read, i4 1, i32 %add51_11_1266_reload_read, i4 2, i32 %add51_11_2267_reload_read, i4 3, i32 %add51_11_3268_reload_read, i4 4, i32 %add51_11_4269_reload_read, i4 5, i32 %add51_11_5270_reload_read, i4 6, i32 %add51_11_6271_reload_read, i4 7, i32 %add51_11_7272_reload_read, i4 8, i32 %add51_11_8273_reload_read, i4 9, i32 %add51_11_9274_reload_read, i4 10, i32 %add51_11_10275_reload_read, i4 11, i32 %add51_11_11276_reload_read, i4 12, i32 %add51_11_12277_reload_read, i4 13, i32 %add51_11_13278_reload_read, i4 14, i32 %add51_11_14279_reload_read, i4 15, i32 %add51_11_15280_reload_read, i32 0, i4 %trunc_ln60" [mmult.cpp:62]   --->   Operation 297 'sparsemux' 'tmp_10' <Predicate = true> <Delay = 2.06> <CoreInst = "BinarySparseMux_DontCare">   --->   Core 137 'BinarySparseMux_DontCare' <Latency = 0> <II = 1> <Delay = 2.06> <FuncUnit> <Opcode : 'sparsemux'> <InPorts = 2> <OutPorts = 1>
ST_2 : Operation 298 [1/1] (2.06ns)   --->   "%tmp_11 = sparsemux i32 @_ssdm_op_SparseMux.ap_auto.16i32.i32.i4, i4 0, i32 %add51_12281_reload_read, i4 1, i32 %add51_12_1282_reload_read, i4 2, i32 %add51_12_2283_reload_read, i4 3, i32 %add51_12_3284_reload_read, i4 4, i32 %add51_12_4285_reload_read, i4 5, i32 %add51_12_5286_reload_read, i4 6, i32 %add51_12_6287_reload_read, i4 7, i32 %add51_12_7288_reload_read, i4 8, i32 %add51_12_8289_reload_read, i4 9, i32 %add51_12_9290_reload_read, i4 10, i32 %add51_12_10291_reload_read, i4 11, i32 %add51_12_11292_reload_read, i4 12, i32 %add51_12_12293_reload_read, i4 13, i32 %add51_12_13294_reload_read, i4 14, i32 %add51_12_14295_reload_read, i4 15, i32 %add51_12_15296_reload_read, i32 0, i4 %trunc_ln60" [mmult.cpp:62]   --->   Operation 298 'sparsemux' 'tmp_11' <Predicate = true> <Delay = 2.06> <CoreInst = "BinarySparseMux_DontCare">   --->   Core 137 'BinarySparseMux_DontCare' <Latency = 0> <II = 1> <Delay = 2.06> <FuncUnit> <Opcode : 'sparsemux'> <InPorts = 2> <OutPorts = 1>
ST_2 : Operation 299 [1/1] (2.06ns)   --->   "%tmp_12 = sparsemux i32 @_ssdm_op_SparseMux.ap_auto.16i32.i32.i4, i4 0, i32 %add51_13297_reload_read, i4 1, i32 %add51_13_1298_reload_read, i4 2, i32 %add51_13_2299_reload_read, i4 3, i32 %add51_13_3300_reload_read, i4 4, i32 %add51_13_4301_reload_read, i4 5, i32 %add51_13_5302_reload_read, i4 6, i32 %add51_13_6303_reload_read, i4 7, i32 %add51_13_7304_reload_read, i4 8, i32 %add51_13_8305_reload_read, i4 9, i32 %add51_13_9306_reload_read, i4 10, i32 %add51_13_10307_reload_read, i4 11, i32 %add51_13_11308_reload_read, i4 12, i32 %add51_13_12309_reload_read, i4 13, i32 %add51_13_13310_reload_read, i4 14, i32 %add51_13_14311_reload_read, i4 15, i32 %add51_13_15312_reload_read, i32 0, i4 %trunc_ln60" [mmult.cpp:62]   --->   Operation 299 'sparsemux' 'tmp_12' <Predicate = true> <Delay = 2.06> <CoreInst = "BinarySparseMux_DontCare">   --->   Core 137 'BinarySparseMux_DontCare' <Latency = 0> <II = 1> <Delay = 2.06> <FuncUnit> <Opcode : 'sparsemux'> <InPorts = 2> <OutPorts = 1>
ST_2 : Operation 300 [1/1] (2.06ns)   --->   "%tmp_13 = sparsemux i32 @_ssdm_op_SparseMux.ap_auto.16i32.i32.i4, i4 0, i32 %add51_14313_reload_read, i4 1, i32 %add51_14_1314_reload_read, i4 2, i32 %add51_14_2315_reload_read, i4 3, i32 %add51_14_3316_reload_read, i4 4, i32 %add51_14_4317_reload_read, i4 5, i32 %add51_14_5318_reload_read, i4 6, i32 %add51_14_6319_reload_read, i4 7, i32 %add51_14_7320_reload_read, i4 8, i32 %add51_14_8321_reload_read, i4 9, i32 %add51_14_9322_reload_read, i4 10, i32 %add51_14_10323_reload_read, i4 11, i32 %add51_14_11324_reload_read, i4 12, i32 %add51_14_12325_reload_read, i4 13, i32 %add51_14_13326_reload_read, i4 14, i32 %add51_14_14327_reload_read, i4 15, i32 %add51_14_15328_reload_read, i32 0, i4 %trunc_ln60" [mmult.cpp:62]   --->   Operation 300 'sparsemux' 'tmp_13' <Predicate = true> <Delay = 2.06> <CoreInst = "BinarySparseMux_DontCare">   --->   Core 137 'BinarySparseMux_DontCare' <Latency = 0> <II = 1> <Delay = 2.06> <FuncUnit> <Opcode : 'sparsemux'> <InPorts = 2> <OutPorts = 1>
ST_2 : Operation 301 [1/1] (2.06ns)   --->   "%tmp_14 = sparsemux i32 @_ssdm_op_SparseMux.ap_auto.16i32.i32.i4, i4 0, i32 %add51_15329_reload_read, i4 1, i32 %add51_15_1330_reload_read, i4 2, i32 %add51_15_2331_reload_read, i4 3, i32 %add51_15_3332_reload_read, i4 4, i32 %add51_15_4333_reload_read, i4 5, i32 %add51_15_5334_reload_read, i4 6, i32 %add51_15_6335_reload_read, i4 7, i32 %add51_15_7336_reload_read, i4 8, i32 %add51_15_8337_reload_read, i4 9, i32 %add51_15_9338_reload_read, i4 10, i32 %add51_15_10339_reload_read, i4 11, i32 %add51_15_11340_reload_read, i4 12, i32 %add51_15_12341_reload_read, i4 13, i32 %add51_15_13342_reload_read, i4 14, i32 %add51_15_14343_reload_read, i4 15, i32 %add51_15_15344_reload_read, i32 0, i4 %trunc_ln60" [mmult.cpp:62]   --->   Operation 301 'sparsemux' 'tmp_14' <Predicate = true> <Delay = 2.06> <CoreInst = "BinarySparseMux_DontCare">   --->   Core 137 'BinarySparseMux_DontCare' <Latency = 0> <II = 1> <Delay = 2.06> <FuncUnit> <Opcode : 'sparsemux'> <InPorts = 2> <OutPorts = 1>
ST_2 : Operation 302 [1/1] (2.06ns)   --->   "%tmp_15 = sparsemux i32 @_ssdm_op_SparseMux.ap_auto.16i32.i32.i4, i4 0, i32 %tmp, i4 1, i32 %tmp_1, i4 2, i32 %tmp_2, i4 3, i32 %tmp_3, i4 4, i32 %tmp_4, i4 5, i32 %tmp_5, i4 6, i32 %tmp_6, i4 7, i32 %tmp_7, i4 8, i32 %tmp_8, i4 9, i32 %tmp_9, i4 10, i32 %tmp_s, i4 11, i32 %tmp_10, i4 12, i32 %tmp_11, i4 13, i32 %tmp_12, i4 14, i32 %tmp_13, i4 15, i32 %tmp_14, i32 0, i4 %trunc_ln59" [mmult.cpp:62]   --->   Operation 302 'sparsemux' 'tmp_15' <Predicate = true> <Delay = 2.06> <CoreInst = "BinarySparseMux_DontCare">   --->   Core 137 'BinarySparseMux_DontCare' <Latency = 0> <II = 1> <Delay = 2.06> <FuncUnit> <Opcode : 'sparsemux'> <InPorts = 2> <OutPorts = 1>
ST_2 : Operation 303 [1/1] (1.78ns)   --->   "%add_ln60 = add i5 %select_ln59, i5 1" [mmult.cpp:60]   --->   Operation 303 'add' 'add_ln60' <Predicate = true> <Delay = 1.78> <CoreInst = "Adder">   --->   Core 1 'Adder' <Latency = 0> <II = 1> <Delay = 1.78> <FuncUnit> <Opcode : 'add' 'sub'> <InPorts = 2> <OutPorts = 1>
ST_2 : Operation 304 [1/1] (1.58ns)   --->   "%store_ln59 = store i5 %select_ln59_1, i5 %i" [mmult.cpp:59]   --->   Operation 304 'store' 'store_ln59' <Predicate = true> <Delay = 1.58>
ST_2 : Operation 305 [1/1] (1.58ns)   --->   "%store_ln60 = store i5 %add_ln60, i5 %j" [mmult.cpp:60]   --->   Operation 305 'store' 'store_ln60' <Predicate = true> <Delay = 1.58>
ST_2 : Operation 312 [1/1] (1.58ns)   --->   "%ret_ln0 = ret"   --->   Operation 312 'ret' 'ret_ln0' <Predicate = (icmp_ln59)> <Delay = 1.58>

State 3 <SV = 2> <Delay = 7.30>
ST_3 : Operation 306 [1/1] (0.00ns)   --->   "%gmem0_addr = getelementptr i32 %gmem0, i64 %sext_ln59_cast" [mmult.cpp:59]   --->   Operation 306 'getelementptr' 'gmem0_addr' <Predicate = true> <Delay = 0.00>
ST_3 : Operation 307 [1/1] (0.00ns)   --->   "%specloopname_ln0 = specloopname void @_ssdm_op_SpecLoopName, void @VITIS_LOOP_59_3_VITIS_LOOP_60_4_str"   --->   Operation 307 'specloopname' 'specloopname_ln0' <Predicate = true> <Delay = 0.00>
ST_3 : Operation 308 [1/1] (0.00ns)   --->   "%speclooptripcount_ln0 = speclooptripcount void @_ssdm_op_SpecLoopTripCount, i64 256, i64 256, i64 256"   --->   Operation 308 'speclooptripcount' 'speclooptripcount_ln0' <Predicate = true> <Delay = 0.00>
ST_3 : Operation 309 [1/1] (0.00ns)   --->   "%specpipeline_ln61 = specpipeline void @_ssdm_op_SpecPipeline, i32 4294967295, i32 0, i32 0, i32 0, i32 4294967295, void @empty_0" [mmult.cpp:61]   --->   Operation 309 'specpipeline' 'specpipeline_ln61' <Predicate = true> <Delay = 0.00>
ST_3 : Operation 310 [1/1] ( I:7.30ns O:7.30ns )   --->   "%write_ln62 = write void @_ssdm_op_Write.m_axi.p1i32.i32, i32 %gmem0_addr, i32 %tmp_15, i4 15" [mmult.cpp:62]   --->   Operation 310 'write' 'write_ln62' <Predicate = true> <Delay = 7.30> <CoreInst = "m_axi">   --->   Core 111 'm_axi' <Latency = 5> <II = 1> <Delay = 1.00> <Adapter> <Opcode : 'readrequnaligned' 'writerequnaligned' 'read' 'write' 'readreq' 'writereq' 'writeresp'>
ST_3 : Operation 311 [1/1] (0.00ns)   --->   "%br_ln60 = br void %for.inc79" [mmult.cpp:60]   --->   Operation 311 'br' 'br_ln60' <Predicate = true> <Delay = 0.00>


============================================================
+ Verbose Summary: Timing violations
============================================================
Target clock period: 10.000ns, clock uncertainty: 2.700ns.

 <State 1>: 4.999ns
The critical path consists of the following:
	'store' operation ('store_ln0') of constant 0 9 bit on local variable 'indvar_flatten6' [521]  (1.588 ns)
	'load' operation 9 bit ('indvar_flatten6_load', mmult.cpp:59) on local variable 'indvar_flatten6' [526]  (0.000 ns)
	'icmp' operation 1 bit ('icmp_ln59', mmult.cpp:59) [528]  (1.823 ns)
	'store' operation ('store_ln59', mmult.cpp:59) of variable 'add_ln59', mmult.cpp:59 9 bit on local variable 'indvar_flatten6' [563]  (1.588 ns)

 <State 2>: 7.123ns
The critical path consists of the following:
	'load' operation 5 bit ('j_load', mmult.cpp:60) on local variable 'j', mmult.cpp:60 [532]  (0.000 ns)
	'icmp' operation 1 bit ('icmp_ln60', mmult.cpp:60) [537]  (1.780 ns)
	'select' operation 5 bit ('select_ln59', mmult.cpp:59) [538]  (1.215 ns)
	'sparsemux' operation 32 bit ('tmp_9', mmult.cpp:62) [553]  (2.064 ns)
	'sparsemux' operation 32 bit ('tmp_15', mmult.cpp:62) [560]  (2.064 ns)

 <State 3>: 7.300ns
The critical path consists of the following:
	'getelementptr' operation 32 bit ('gmem0_addr', mmult.cpp:59) [534]  (0.000 ns)
	bus write operation ('write_ln62', mmult.cpp:62) on port 'gmem0' (mmult.cpp:62) [561]  (7.300 ns)


============================================================
+ Verbose Summary: Binding
============================================================
N/A
* FSMD analyzer results:
  - Output states:
 - Input state : 
  - Chain level:
	State 1
	State 2
	State 3


============================================================
+ Verbose Summary: Datapath Resource usage 
============================================================
N/A
