D:\DVCon\Vitis\systolic_array_v1\systolic_array_v1\hls\.autopilot\db\mmult.pp.0.cpp:2254:5: remark: Added loop label VITIS_LOOP_676_1:   [xilinx-label-all-loops]
    for (unsigned i = low; i != high+1; ++i) {
    ^
    VITIS_LOOP_676_1: 
D:\DVCon\Vitis\systolic_array_v1\systolic_array_v1\hls\.autopilot\db\mmult.pp.0.cpp:2254:5: note: FIX-IT applied suggested code changes
D:\DVCon\Vitis\systolic_array_v1\systolic_array_v1\hls\.autopilot\db\mmult.pp.0.cpp:2268:5: remark: Added loop label VITIS_LOOP_690_1:   [xilinx-label-all-loops]
    for (unsigned i = low; i != high+1; ++i) {
    ^
    VITIS_LOOP_690_1: 
D:\DVCon\Vitis\systolic_array_v1\systolic_array_v1\hls\.autopilot\db\mmult.pp.0.cpp:2268:5: note: FIX-IT applied suggested code changes
D:\DVCon\Vitis\systolic_array_v1\systolic_array_v1\hls\.autopilot\db\mmult.pp.0.cpp:2282:5: remark: Added loop label VITIS_LOOP_704_1:   [xilinx-label-all-loops]
    for (unsigned i = low; i != high+1; ++i) {
    ^
    VITIS_LOOP_704_1: 
D:\DVCon\Vitis\systolic_array_v1\systolic_array_v1\hls\.autopilot\db\mmult.pp.0.cpp:2282:5: note: FIX-IT applied suggested code changes
D:\DVCon\Vitis\systolic_array_v1\systolic_array_v1\hls\.autopilot\db\mmult.pp.0.cpp:5802:7: remark: Added loop label VITIS_LOOP_1251_1:   [xilinx-label-all-loops]
      for (i = 0; i < __N - 1; ++i) {
      ^
      VITIS_LOOP_1251_1: 
D:\DVCon\Vitis\systolic_array_v1\systolic_array_v1\hls\.autopilot\db\mmult.pp.0.cpp:5802:7: note: FIX-IT applied suggested code changes
D:\DVCon\Vitis\systolic_array_v1\systolic_array_v1\hls\.autopilot\db\mmult.pp.0.cpp:49499:5: remark: Added loop label VITIS_LOOP_33_1:   [xilinx-label-all-loops]
    for (int i = 0; i < 16; i++) {
    ^
    VITIS_LOOP_33_1: 
D:\DVCon\Vitis\systolic_array_v1\systolic_array_v1\hls\.autopilot\db\mmult.pp.0.cpp:49499:5: note: FIX-IT applied suggested code changes
D:\DVCon\Vitis\systolic_array_v1\systolic_array_v1\hls\.autopilot\db\mmult.pp.0.cpp:49500:9: remark: Added loop label VITIS_LOOP_34_2:   [xilinx-label-all-loops]
        for (int j = 0; j < 16; j++) {
        ^
        VITIS_LOOP_34_2: 
D:\DVCon\Vitis\systolic_array_v1\systolic_array_v1\hls\.autopilot\db\mmult.pp.0.cpp:49500:9: note: FIX-IT applied suggested code changes
D:\DVCon\Vitis\systolic_array_v1\systolic_array_v1\hls\.autopilot\db\mmult.pp.0.cpp:49525:5: remark: Added loop label VITIS_LOOP_59_3:   [xilinx-label-all-loops]
    for (int i = 0; i < 16; i++) {
    ^
    VITIS_LOOP_59_3: 
D:\DVCon\Vitis\systolic_array_v1\systolic_array_v1\hls\.autopilot\db\mmult.pp.0.cpp:49525:5: note: FIX-IT applied suggested code changes
D:\DVCon\Vitis\systolic_array_v1\systolic_array_v1\hls\.autopilot\db\mmult.pp.0.cpp:49526:9: remark: Added loop label VITIS_LOOP_60_4:   [xilinx-label-all-loops]
        for (int j = 0; j < 16; j++) {
        ^
        VITIS_LOOP_60_4: 
D:\DVCon\Vitis\systolic_array_v1\systolic_array_v1\hls\.autopilot\db\mmult.pp.0.cpp:49526:9: note: FIX-IT applied suggested code changes
