================================================================
== Design Size Report
================================================================

* Total Instructions per Compilation Phase
+---------------+----------------------------+--------------+----------------------------------------------------------------------------------------+
| Phase         | Step                       | Instructions | Description                                                                            |
+---------------+----------------------------+--------------+----------------------------------------------------------------------------------------+
| Compile/Link  |                            |   139        | After all functions are compiled and linked into a single design                       |
|               |                            |              |                                                                                        |
| Unroll/Inline |                            |              | After user unroll and inline pragmas are applied                                       |
|               | (1) unroll                 | 1,916        | user unroll pragmas are applied                                                        |
|               | (2) simplification         | 1,405        | simplification of applied user unroll pragmas                                          |
|               | (3) inline                 | 1,657        | user inline pragmas are applied                                                        |
|               | (4) simplification         | 1,657        | simplification of applied user inline pragmas                                          |
|               |                            |              |                                                                                        |
| Array/Struct  |                            |              | After user array partition and struct aggregate/disaggregate pragmas are applied       |
|               | (1) array partition        | 3,205        | user array partition pragmas are applied                                               |
|               | (2) simplification         | 2,317        | simplification of applied user array partition & struct aggregate/disaggregate pragmas |
|               | (3) aggregate/disaggregate | 2,317        | user struct aggregate/disaggregate pragmas are applied                                 |
|               | (4) array reshape          | 2,300        | apply array reshape pragmas                                                            |
|               | (5) access patterns        | 3,071        | array access pattern optmizations                                                      |
|               |                            |              |                                                                                        |
| Performance   |                            |              | After transformations are applied to meet performance pragma targets                   |
|               | (1) loop simplification    | 3,071        | loop and instruction simplification                                                    |
|               | (2) parallelization        | 2,303        | loops are unrolled or pipelined to meet performance targets                            |
|               | (3) array partition        | 2,303        | arrays are partitioned to meet performance targets                                     |
|               | (4) simplification         | 2,303        | simplification of design after performance transformations                             |
|               |                            |              |                                                                                        |
| HW Transforms |                            |              | After hardware transfomations                                                          |
|               | (1) lowering               | 2,315        | initial conversion to HW specific instructions                                         |
|               | (2) optimizations          | 2,328        | high level synthesis optimizations                                                     |
+---------------+----------------------------+--------------+----------------------------------------------------------------------------------------+

* Instructions per Function for each Compilation Phase
+----------+-------------+--------------+---------------+--------------+-------------+---------------+
| Function | Location    | Compile/Link | Unroll/Inline | Array/Struct | Performance | HW Transforms |
+----------+-------------+--------------+---------------+--------------+-------------+---------------+
|   mmult  | mmult.cpp:6 | 139          | 1,657         | 3,071        | 2,303       | 2,328         |
+----------+-------------+--------------+---------------+--------------+-------------+---------------+

* Design Size Message Settings
+---------------------------------------------+--------+------------------------------------------------------------------+
| Message Setting                             | Value  | Description                                                      |
+---------------------------------------------+--------+------------------------------------------------------------------+
| config_compile -design_size_maximum_warning | 100000 | Show a warning when total design instructions exceeds this value |
+---------------------------------------------+--------+------------------------------------------------------------------+


