

================================================================
== Vitis HLS Report for 'mmult'
================================================================
* Date:           Mon Apr 20 18:25:34 2026

* Version:        2025.2 (Build 6295257 on Nov 12 2025)
* Project:        systolic_array_v1
* Solution:       hls (Vivado IP Flow Target)
* Product family: azynq
* Target device:  xa7z030-fbv484-1I


================================================================
== Performance Estimates
================================================================
+ Timing: 
    * Summary: 
    +--------+----------+----------+------------+
    |  Clock |  Target  | Estimated| Uncertainty|
    +--------+----------+----------+------------+
    |ap_clk  |  10.00 ns|  7.300 ns|     2.70 ns|
    +--------+----------+----------+------------+

+ Latency: 
    * Summary: 
    +---------+---------+----------+----------+-----+-----+---------+
    |  Latency (cycles) |  Latency (absolute) |  Interval | Pipeline|
    |   min   |   max   |    min   |    max   | min | max |   Type  |
    +---------+---------+----------+----------+-----+-----+---------+
    |      558|      558|  5.580 us|  5.580 us|  559|  559|       no|
    +---------+---------+----------+----------+-----+-----+---------+

    + Detail: 
        * Instance: 
        +------------------------------------------------------------+------------------------------------------------+---------+---------+----------+----------+-----+-----+-------------------+
        |                                                            |                                                |  Latency (cycles) |  Latency (absolute) |  Interval |      Pipeline     |
        |                          Instance                          |                     Module                     |   min   |   max   |    min   |    max   | min | max |        Type       |
        +------------------------------------------------------------+------------------------------------------------+---------+---------+----------+----------+-----+-----+-------------------+
        |grp_mmult_Pipeline_VITIS_LOOP_33_1_VITIS_LOOP_34_2_fu_2296  |mmult_Pipeline_VITIS_LOOP_33_1_VITIS_LOOP_34_2  |      259|      259|  2.590 us|  2.590 us|    0|    0|  loop pipeline stp|
        |grp_mmult_Pipeline_systolic1_fu_2594                        |mmult_Pipeline_systolic1                        |       21|       21|  0.210 us|  0.210 us|    0|    0|  loop pipeline stp|
        |grp_mmult_Pipeline_VITIS_LOOP_59_3_VITIS_LOOP_60_4_fu_3142  |mmult_Pipeline_VITIS_LOOP_59_3_VITIS_LOOP_60_4  |      259|      259|  2.590 us|  2.590 us|    0|    0|  loop pipeline stp|
        +------------------------------------------------------------+------------------------------------------------+---------+---------+----------+----------+-----+-----+-------------------+

        * Loop: 
        N/A



================================================================
== Utilization Estimates
================================================================
* Summary: 
+-----------------+---------+-----+--------+-------+-----+
|       Name      | BRAM_18K| DSP |   FF   |  LUT  | URAM|
+-----------------+---------+-----+--------+-------+-----+
|DSP              |        -|    -|       -|      -|    -|
|Expression       |        -|    -|       0|      2|    -|
|FIFO             |        -|    -|       -|      -|    -|
|Instance         |        4|  768|   61572|  28416|    -|
|Memory           |        0|    -|    1024|    256|    0|
|Multiplexer      |        -|    -|       0|   1493|    -|
|Register         |        -|    -|     209|      -|    -|
+-----------------+---------+-----+--------+-------+-----+
|Total            |        4|  768|   62805|  30167|    0|
+-----------------+---------+-----+--------+-------+-----+
|Available        |      530|  400|  157200|  78600|    0|
+-----------------+---------+-----+--------+-------+-----+
|Utilization (%)  |       ~0|  192|      39|     38|    0|
+-----------------+---------+-----+--------+-------+-----+

+ Detail: 
    * Instance: 
    +------------------------------------------------------------+------------------------------------------------+---------+-----+-------+-------+-----+
    |                          Instance                          |                     Module                     | BRAM_18K| DSP |   FF  |  LUT  | URAM|
    +------------------------------------------------------------+------------------------------------------------+---------+-----+-------+-------+-----+
    |control_s_axi_U                                             |control_s_axi                                   |        0|    0|    246|    424|    0|
    |gmem0_m_axi_U                                               |gmem0_m_axi                                     |        2|    0|    770|    742|    0|
    |gmem1_m_axi_U                                               |gmem1_m_axi                                     |        2|    0|    671|    657|    0|
    |grp_mmult_Pipeline_VITIS_LOOP_33_1_VITIS_LOOP_34_2_fu_2296  |mmult_Pipeline_VITIS_LOOP_33_1_VITIS_LOOP_34_2  |        0|    0|    102|    159|    0|
    |grp_mmult_Pipeline_VITIS_LOOP_59_3_VITIS_LOOP_60_4_fu_3142  |mmult_Pipeline_VITIS_LOOP_59_3_VITIS_LOOP_60_4  |        0|    0|     56|   1249|    0|
    |grp_mmult_Pipeline_systolic1_fu_2594                        |mmult_Pipeline_systolic1                        |        0|  768|  59727|  25185|    0|
    +------------------------------------------------------------+------------------------------------------------+---------+-----+-------+-------+-----+
    |Total                                                       |                                                |        4|  768|  61572|  28416|    0|
    +------------------------------------------------------------+------------------------------------------------+---------+-----+-------+-------+-----+

    * DSP: 
    N/A

    * Memory: 
    +-------------+----------------------+---------+----+----+-----+------+-----+------+-------------+
    |    Memory   |        Module        | BRAM_18K| FF | LUT| URAM| Words| Bits| Banks| W*Bits*Banks|
    +-------------+----------------------+---------+----+----+-----+------+-----+------+-------------+
    |localA_U     |localA_RAM_AUTO_1R1W  |        0|  32|   8|    0|    16|   32|     1|          512|
    |localA_1_U   |localA_RAM_AUTO_1R1W  |        0|  32|   8|    0|    16|   32|     1|          512|
    |localA_2_U   |localA_RAM_AUTO_1R1W  |        0|  32|   8|    0|    16|   32|     1|          512|
    |localA_3_U   |localA_RAM_AUTO_1R1W  |        0|  32|   8|    0|    16|   32|     1|          512|
    |localA_4_U   |localA_RAM_AUTO_1R1W  |        0|  32|   8|    0|    16|   32|     1|          512|
    |localA_5_U   |localA_RAM_AUTO_1R1W  |        0|  32|   8|    0|    16|   32|     1|          512|
    |localA_6_U   |localA_RAM_AUTO_1R1W  |        0|  32|   8|    0|    16|   32|     1|          512|
    |localA_7_U   |localA_RAM_AUTO_1R1W  |        0|  32|   8|    0|    16|   32|     1|          512|
    |localA_8_U   |localA_RAM_AUTO_1R1W  |        0|  32|   8|    0|    16|   32|     1|          512|
    |localA_9_U   |localA_RAM_AUTO_1R1W  |        0|  32|   8|    0|    16|   32|     1|          512|
    |localA_10_U  |localA_RAM_AUTO_1R1W  |        0|  32|   8|    0|    16|   32|     1|          512|
    |localA_11_U  |localA_RAM_AUTO_1R1W  |        0|  32|   8|    0|    16|   32|     1|          512|
    |localA_12_U  |localA_RAM_AUTO_1R1W  |        0|  32|   8|    0|    16|   32|     1|          512|
    |localA_13_U  |localA_RAM_AUTO_1R1W  |        0|  32|   8|    0|    16|   32|     1|          512|
    |localA_14_U  |localA_RAM_AUTO_1R1W  |        0|  32|   8|    0|    16|   32|     1|          512|
    |localA_15_U  |localA_RAM_AUTO_1R1W  |        0|  32|   8|    0|    16|   32|     1|          512|
    |localB_U     |localA_RAM_AUTO_1R1W  |        0|  32|   8|    0|    16|   32|     1|          512|
    |localB_1_U   |localA_RAM_AUTO_1R1W  |        0|  32|   8|    0|    16|   32|     1|          512|
    |localB_2_U   |localA_RAM_AUTO_1R1W  |        0|  32|   8|    0|    16|   32|     1|          512|
    |localB_3_U   |localA_RAM_AUTO_1R1W  |        0|  32|   8|    0|    16|   32|     1|          512|
    |localB_4_U   |localA_RAM_AUTO_1R1W  |        0|  32|   8|    0|    16|   32|     1|          512|
    |localB_5_U   |localA_RAM_AUTO_1R1W  |        0|  32|   8|    0|    16|   32|     1|          512|
    |localB_6_U   |localA_RAM_AUTO_1R1W  |        0|  32|   8|    0|    16|   32|     1|          512|
    |localB_7_U   |localA_RAM_AUTO_1R1W  |        0|  32|   8|    0|    16|   32|     1|          512|
    |localB_8_U   |localA_RAM_AUTO_1R1W  |        0|  32|   8|    0|    16|   32|     1|          512|
    |localB_9_U   |localA_RAM_AUTO_1R1W  |        0|  32|   8|    0|    16|   32|     1|          512|
    |localB_10_U  |localA_RAM_AUTO_1R1W  |        0|  32|   8|    0|    16|   32|     1|          512|
    |localB_11_U  |localA_RAM_AUTO_1R1W  |        0|  32|   8|    0|    16|   32|     1|          512|
    |localB_12_U  |localA_RAM_AUTO_1R1W  |        0|  32|   8|    0|    16|   32|     1|          512|
    |localB_13_U  |localA_RAM_AUTO_1R1W  |        0|  32|   8|    0|    16|   32|     1|          512|
    |localB_14_U  |localA_RAM_AUTO_1R1W  |        0|  32|   8|    0|    16|   32|     1|          512|
    |localB_15_U  |localA_RAM_AUTO_1R1W  |        0|  32|   8|    0|    16|   32|     1|          512|
    +-------------+----------------------+---------+----+----+-----+------+-----+------+-------------+
    |Total        |                      |        0|1024| 256|    0|   512| 1024|    32|        16384|
    +-------------+----------------------+---------+----+----+-----+------+-----+------+-------------+

    * FIFO: 
    N/A

    * Expression: 
    +--------------------+----------+----+---+----+------------+------------+
    |    Variable Name   | Operation| DSP| FF| LUT| Bitwidth P0| Bitwidth P1|
    +--------------------+----------+----+---+----+------------+------------+
    |ap_block_state2_io  |        or|   0|  0|   2|           1|           1|
    +--------------------+----------+----+---+----+------------+------------+
    |Total               |          |   0|  0|   2|           1|           1|
    +--------------------+----------+----+---+----+------------+------------+

    * Multiplexer: 
    +--------------------+-----+-----------+-----+-----------+
    |        Name        | LUT | Input Size| Bits| Total Bits|
    +--------------------+-----+-----------+-----+-----------+
    |ap_NS_fsm           |  106|         21|    1|         21|
    |gmem0_0_ARADDR      |   14|          3|   64|        192|
    |gmem0_0_ARLEN       |   14|          3|   32|         96|
    |gmem0_0_ARVALID     |   14|          3|    1|          3|
    |gmem0_0_AWADDR      |   14|          3|   64|        192|
    |gmem0_0_AWLEN       |   14|          3|   32|         96|
    |gmem0_0_AWVALID     |   14|          3|    1|          3|
    |gmem0_0_BREADY      |   14|          3|    1|          3|
    |gmem0_0_RREADY      |    9|          2|    1|          2|
    |gmem0_0_WVALID      |    9|          2|    1|          2|
    |gmem0_blk_n_AR      |    9|          2|    1|          2|
    |gmem0_blk_n_AW      |    9|          2|    1|          2|
    |gmem0_blk_n_B       |    9|          2|    1|          2|
    |gmem1_0_ARADDR      |   14|          3|   64|        192|
    |gmem1_0_ARLEN       |   14|          3|   32|         96|
    |gmem1_0_ARVALID     |   14|          3|    1|          3|
    |gmem1_0_RREADY      |    9|          2|    1|          2|
    |gmem1_blk_n_AR      |    9|          2|    1|          2|
    |localA_10_address0  |   14|          3|    4|         12|
    |localA_10_ce0       |   14|          3|    1|          3|
    |localA_10_we0       |    9|          2|    1|          2|
    |localA_11_address0  |   14|          3|    4|         12|
    |localA_11_ce0       |   14|          3|    1|          3|
    |localA_11_we0       |    9|          2|    1|          2|
    |localA_12_address0  |   14|          3|    4|         12|
    |localA_12_ce0       |   14|          3|    1|          3|
    |localA_12_we0       |    9|          2|    1|          2|
    |localA_13_address0  |   14|          3|    4|         12|
    |localA_13_ce0       |   14|          3|    1|          3|
    |localA_13_we0       |    9|          2|    1|          2|
    |localA_14_address0  |   14|          3|    4|         12|
    |localA_14_ce0       |   14|          3|    1|          3|
    |localA_14_we0       |    9|          2|    1|          2|
    |localA_15_address0  |   14|          3|    4|         12|
    |localA_15_ce0       |   14|          3|    1|          3|
    |localA_15_we0       |    9|          2|    1|          2|
    |localA_1_address0   |   14|          3|    4|         12|
    |localA_1_ce0        |   14|          3|    1|          3|
    |localA_1_we0        |    9|          2|    1|          2|
    |localA_2_address0   |   14|          3|    4|         12|
    |localA_2_ce0        |   14|          3|    1|          3|
    |localA_2_we0        |    9|          2|    1|          2|
    |localA_3_address0   |   14|          3|    4|         12|
    |localA_3_ce0        |   14|          3|    1|          3|
    |localA_3_we0        |    9|          2|    1|          2|
    |localA_4_address0   |   14|          3|    4|         12|
    |localA_4_ce0        |   14|          3|    1|          3|
    |localA_4_we0        |    9|          2|    1|          2|
    |localA_5_address0   |   14|          3|    4|         12|
    |localA_5_ce0        |   14|          3|    1|          3|
    |localA_5_we0        |    9|          2|    1|          2|
    |localA_6_address0   |   14|          3|    4|         12|
    |localA_6_ce0        |   14|          3|    1|          3|
    |localA_6_we0        |    9|          2|    1|          2|
    |localA_7_address0   |   14|          3|    4|         12|
    |localA_7_ce0        |   14|          3|    1|          3|
    |localA_7_we0        |    9|          2|    1|          2|
    |localA_8_address0   |   14|          3|    4|         12|
    |localA_8_ce0        |   14|          3|    1|          3|
    |localA_8_we0        |    9|          2|    1|          2|
    |localA_9_address0   |   14|          3|    4|         12|
    |localA_9_ce0        |   14|          3|    1|          3|
    |localA_9_we0        |    9|          2|    1|          2|
    |localA_address0     |   14|          3|    4|         12|
    |localA_ce0          |   14|          3|    1|          3|
    |localA_we0          |    9|          2|    1|          2|
    |localB_10_address0  |   14|          3|    4|         12|
    |localB_10_ce0       |   14|          3|    1|          3|
    |localB_10_we0       |    9|          2|    1|          2|
    |localB_11_address0  |   14|          3|    4|         12|
    |localB_11_ce0       |   14|          3|    1|          3|
    |localB_11_we0       |    9|          2|    1|          2|
    |localB_12_address0  |   14|          3|    4|         12|
    |localB_12_ce0       |   14|          3|    1|          3|
    |localB_12_we0       |    9|          2|    1|          2|
    |localB_13_address0  |   14|          3|    4|         12|
    |localB_13_ce0       |   14|          3|    1|          3|
    |localB_13_we0       |    9|          2|    1|          2|
    |localB_14_address0  |   14|          3|    4|         12|
    |localB_14_ce0       |   14|          3|    1|          3|
    |localB_14_we0       |    9|          2|    1|          2|
    |localB_15_address0  |   14|          3|    4|         12|
    |localB_15_ce0       |   14|          3|    1|          3|
    |localB_15_we0       |    9|          2|    1|          2|
    |localB_1_address0   |   14|          3|    4|         12|
    |localB_1_ce0        |   14|          3|    1|          3|
    |localB_1_we0        |    9|          2|    1|          2|
    |localB_2_address0   |   14|          3|    4|         12|
    |localB_2_ce0        |   14|          3|    1|          3|
    |localB_2_we0        |    9|          2|    1|          2|
    |localB_3_address0   |   14|          3|    4|         12|
    |localB_3_ce0        |   14|          3|    1|          3|
    |localB_3_we0        |    9|          2|    1|          2|
    |localB_4_address0   |   14|          3|    4|         12|
    |localB_4_ce0        |   14|          3|    1|          3|
    |localB_4_we0        |    9|          2|    1|          2|
    |localB_5_address0   |   14|          3|    4|         12|
    |localB_5_ce0        |   14|          3|    1|          3|
    |localB_5_we0        |    9|          2|    1|          2|
    |localB_6_address0   |   14|          3|    4|         12|
    |localB_6_ce0        |   14|          3|    1|          3|
    |localB_6_we0        |    9|          2|    1|          2|
    |localB_7_address0   |   14|          3|    4|         12|
    |localB_7_ce0        |   14|          3|    1|          3|
    |localB_7_we0        |    9|          2|    1|          2|
    |localB_8_address0   |   14|          3|    4|         12|
    |localB_8_ce0        |   14|          3|    1|          3|
    |localB_8_we0        |    9|          2|    1|          2|
    |localB_9_address0   |   14|          3|    4|         12|
    |localB_9_ce0        |   14|          3|    1|          3|
    |localB_9_we0        |    9|          2|    1|          2|
    |localB_address0     |   14|          3|    4|         12|
    |localB_ce0          |   14|          3|    1|          3|
    |localB_we0          |    9|          2|    1|          2|
    +--------------------+-----+-----------+-----+-----------+
    |Total               | 1493|        321|  492|       1455|
    +--------------------+-----+-----------+-----+-----------+

    * Register: 
    +-------------------------------------------------------------------------+----+----+-----+-----------+
    |                                   Name                                  | FF | LUT| Bits| Const Bits|
    +-------------------------------------------------------------------------+----+----+-----+-----------+
    |ap_CS_fsm                                                                |  20|   0|   20|          0|
    |grp_mmult_Pipeline_VITIS_LOOP_33_1_VITIS_LOOP_34_2_fu_2296_ap_start_reg  |   1|   0|    1|          0|
    |grp_mmult_Pipeline_VITIS_LOOP_59_3_VITIS_LOOP_60_4_fu_3142_ap_start_reg  |   1|   0|    1|          0|
    |grp_mmult_Pipeline_systolic1_fu_2594_ap_start_reg                        |   1|   0|    1|          0|
    |trunc_ln2_reg_8597                                                       |  62|   0|   62|          0|
    |trunc_ln33_1_reg_8591                                                    |  62|   0|   62|          0|
    |trunc_ln_reg_8585                                                        |  62|   0|   62|          0|
    +-------------------------------------------------------------------------+----+----+-----+-----------+
    |Total                                                                    | 209|   0|  209|          0|
    +-------------------------------------------------------------------------+----+----+-----+-----------+



================================================================
== Interface
================================================================
* Summary: 
+-----------------------+-----+-----+------------+--------------+--------------+
|       RTL Ports       | Dir | Bits|  Protocol  | Source Object|    C Type    |
+-----------------------+-----+-----+------------+--------------+--------------+
|s_axi_control_AWVALID  |   in|    1|       s_axi|       control|        scalar|
|s_axi_control_AWREADY  |  out|    1|       s_axi|       control|        scalar|
|s_axi_control_AWADDR   |   in|    6|       s_axi|       control|        scalar|
|s_axi_control_WVALID   |   in|    1|       s_axi|       control|        scalar|
|s_axi_control_WREADY   |  out|    1|       s_axi|       control|        scalar|
|s_axi_control_WDATA    |   in|   32|       s_axi|       control|        scalar|
|s_axi_control_WSTRB    |   in|    4|       s_axi|       control|        scalar|
|s_axi_control_ARVALID  |   in|    1|       s_axi|       control|        scalar|
|s_axi_control_ARREADY  |  out|    1|       s_axi|       control|        scalar|
|s_axi_control_ARADDR   |   in|    6|       s_axi|       control|        scalar|
|s_axi_control_RVALID   |  out|    1|       s_axi|       control|        scalar|
|s_axi_control_RREADY   |   in|    1|       s_axi|       control|        scalar|
|s_axi_control_RDATA    |  out|   32|       s_axi|       control|        scalar|
|s_axi_control_RRESP    |  out|    2|       s_axi|       control|        scalar|
|s_axi_control_BVALID   |  out|    1|       s_axi|       control|        scalar|
|s_axi_control_BREADY   |   in|    1|       s_axi|       control|        scalar|
|s_axi_control_BRESP    |  out|    2|       s_axi|       control|        scalar|
|ap_clk                 |   in|    1|  ap_ctrl_hs|         mmult|  return value|
|ap_rst_n               |   in|    1|  ap_ctrl_hs|         mmult|  return value|
|interrupt              |  out|    1|  ap_ctrl_hs|         mmult|  return value|
|m_axi_gmem0_AWVALID    |  out|    1|       m_axi|         gmem0|       pointer|
|m_axi_gmem0_AWREADY    |   in|    1|       m_axi|         gmem0|       pointer|
|m_axi_gmem0_AWADDR     |  out|   64|       m_axi|         gmem0|       pointer|
|m_axi_gmem0_AWID       |  out|    1|       m_axi|         gmem0|       pointer|
|m_axi_gmem0_AWLEN      |  out|    8|       m_axi|         gmem0|       pointer|
|m_axi_gmem0_AWSIZE     |  out|    3|       m_axi|         gmem0|       pointer|
|m_axi_gmem0_AWBURST    |  out|    2|       m_axi|         gmem0|       pointer|
|m_axi_gmem0_AWLOCK     |  out|    2|       m_axi|         gmem0|       pointer|
|m_axi_gmem0_AWCACHE    |  out|    4|       m_axi|         gmem0|       pointer|
|m_axi_gmem0_AWPROT     |  out|    3|       m_axi|         gmem0|       pointer|
|m_axi_gmem0_AWQOS      |  out|    4|       m_axi|         gmem0|       pointer|
|m_axi_gmem0_AWREGION   |  out|    4|       m_axi|         gmem0|       pointer|
|m_axi_gmem0_AWUSER     |  out|    1|       m_axi|         gmem0|       pointer|
|m_axi_gmem0_WVALID     |  out|    1|       m_axi|         gmem0|       pointer|
|m_axi_gmem0_WREADY     |   in|    1|       m_axi|         gmem0|       pointer|
|m_axi_gmem0_WDATA      |  out|   32|       m_axi|         gmem0|       pointer|
|m_axi_gmem0_WSTRB      |  out|    4|       m_axi|         gmem0|       pointer|
|m_axi_gmem0_WLAST      |  out|    1|       m_axi|         gmem0|       pointer|
|m_axi_gmem0_WID        |  out|    1|       m_axi|         gmem0|       pointer|
|m_axi_gmem0_WUSER      |  out|    1|       m_axi|         gmem0|       pointer|
|m_axi_gmem0_ARVALID    |  out|    1|       m_axi|         gmem0|       pointer|
|m_axi_gmem0_ARREADY    |   in|    1|       m_axi|         gmem0|       pointer|
|m_axi_gmem0_ARADDR     |  out|   64|       m_axi|         gmem0|       pointer|
|m_axi_gmem0_ARID       |  out|    1|       m_axi|         gmem0|       pointer|
|m_axi_gmem0_ARLEN      |  out|    8|       m_axi|         gmem0|       pointer|
|m_axi_gmem0_ARSIZE     |  out|    3|       m_axi|         gmem0|       pointer|
|m_axi_gmem0_ARBURST    |  out|    2|       m_axi|         gmem0|       pointer|
|m_axi_gmem0_ARLOCK     |  out|    2|       m_axi|         gmem0|       pointer|
|m_axi_gmem0_ARCACHE    |  out|    4|       m_axi|         gmem0|       pointer|
|m_axi_gmem0_ARPROT     |  out|    3|       m_axi|         gmem0|       pointer|
|m_axi_gmem0_ARQOS      |  out|    4|       m_axi|         gmem0|       pointer|
|m_axi_gmem0_ARREGION   |  out|    4|       m_axi|         gmem0|       pointer|
|m_axi_gmem0_ARUSER     |  out|    1|       m_axi|         gmem0|       pointer|
|m_axi_gmem0_RVALID     |   in|    1|       m_axi|         gmem0|       pointer|
|m_axi_gmem0_RREADY     |  out|    1|       m_axi|         gmem0|       pointer|
|m_axi_gmem0_RDATA      |   in|   32|       m_axi|         gmem0|       pointer|
|m_axi_gmem0_RLAST      |   in|    1|       m_axi|         gmem0|       pointer|
|m_axi_gmem0_RID        |   in|    1|       m_axi|         gmem0|       pointer|
|m_axi_gmem0_RUSER      |   in|    1|       m_axi|         gmem0|       pointer|
|m_axi_gmem0_RRESP      |   in|    2|       m_axi|         gmem0|       pointer|
|m_axi_gmem0_BVALID     |   in|    1|       m_axi|         gmem0|       pointer|
|m_axi_gmem0_BREADY     |  out|    1|       m_axi|         gmem0|       pointer|
|m_axi_gmem0_BRESP      |   in|    2|       m_axi|         gmem0|       pointer|
|m_axi_gmem0_BID        |   in|    1|       m_axi|         gmem0|       pointer|
|m_axi_gmem0_BUSER      |   in|    1|       m_axi|         gmem0|       pointer|
|m_axi_gmem1_AWVALID    |  out|    1|       m_axi|         gmem1|       pointer|
|m_axi_gmem1_AWREADY    |   in|    1|       m_axi|         gmem1|       pointer|
|m_axi_gmem1_AWADDR     |  out|   64|       m_axi|         gmem1|       pointer|
|m_axi_gmem1_AWID       |  out|    1|       m_axi|         gmem1|       pointer|
|m_axi_gmem1_AWLEN      |  out|    8|       m_axi|         gmem1|       pointer|
|m_axi_gmem1_AWSIZE     |  out|    3|       m_axi|         gmem1|       pointer|
|m_axi_gmem1_AWBURST    |  out|    2|       m_axi|         gmem1|       pointer|
|m_axi_gmem1_AWLOCK     |  out|    2|       m_axi|         gmem1|       pointer|
|m_axi_gmem1_AWCACHE    |  out|    4|       m_axi|         gmem1|       pointer|
|m_axi_gmem1_AWPROT     |  out|    3|       m_axi|         gmem1|       pointer|
|m_axi_gmem1_AWQOS      |  out|    4|       m_axi|         gmem1|       pointer|
|m_axi_gmem1_AWREGION   |  out|    4|       m_axi|         gmem1|       pointer|
|m_axi_gmem1_AWUSER     |  out|    1|       m_axi|         gmem1|       pointer|
|m_axi_gmem1_WVALID     |  out|    1|       m_axi|         gmem1|       pointer|
|m_axi_gmem1_WREADY     |   in|    1|       m_axi|         gmem1|       pointer|
|m_axi_gmem1_WDATA      |  out|   32|       m_axi|         gmem1|       pointer|
|m_axi_gmem1_WSTRB      |  out|    4|       m_axi|         gmem1|       pointer|
|m_axi_gmem1_WLAST      |  out|    1|       m_axi|         gmem1|       pointer|
|m_axi_gmem1_WID        |  out|    1|       m_axi|         gmem1|       pointer|
|m_axi_gmem1_WUSER      |  out|    1|       m_axi|         gmem1|       pointer|
|m_axi_gmem1_ARVALID    |  out|    1|       m_axi|         gmem1|       pointer|
|m_axi_gmem1_ARREADY    |   in|    1|       m_axi|         gmem1|       pointer|
|m_axi_gmem1_ARADDR     |  out|   64|       m_axi|         gmem1|       pointer|
|m_axi_gmem1_ARID       |  out|    1|       m_axi|         gmem1|       pointer|
|m_axi_gmem1_ARLEN      |  out|    8|       m_axi|         gmem1|       pointer|
|m_axi_gmem1_ARSIZE     |  out|    3|       m_axi|         gmem1|       pointer|
|m_axi_gmem1_ARBURST    |  out|    2|       m_axi|         gmem1|       pointer|
|m_axi_gmem1_ARLOCK     |  out|    2|       m_axi|         gmem1|       pointer|
|m_axi_gmem1_ARCACHE    |  out|    4|       m_axi|         gmem1|       pointer|
|m_axi_gmem1_ARPROT     |  out|    3|       m_axi|         gmem1|       pointer|
|m_axi_gmem1_ARQOS      |  out|    4|       m_axi|         gmem1|       pointer|
|m_axi_gmem1_ARREGION   |  out|    4|       m_axi|         gmem1|       pointer|
|m_axi_gmem1_ARUSER     |  out|    1|       m_axi|         gmem1|       pointer|
|m_axi_gmem1_RVALID     |   in|    1|       m_axi|         gmem1|       pointer|
|m_axi_gmem1_RREADY     |  out|    1|       m_axi|         gmem1|       pointer|
|m_axi_gmem1_RDATA      |   in|   32|       m_axi|         gmem1|       pointer|
|m_axi_gmem1_RLAST      |   in|    1|       m_axi|         gmem1|       pointer|
|m_axi_gmem1_RID        |   in|    1|       m_axi|         gmem1|       pointer|
|m_axi_gmem1_RUSER      |   in|    1|       m_axi|         gmem1|       pointer|
|m_axi_gmem1_RRESP      |   in|    2|       m_axi|         gmem1|       pointer|
|m_axi_gmem1_BVALID     |   in|    1|       m_axi|         gmem1|       pointer|
|m_axi_gmem1_BREADY     |  out|    1|       m_axi|         gmem1|       pointer|
|m_axi_gmem1_BRESP      |   in|    2|       m_axi|         gmem1|       pointer|
|m_axi_gmem1_BID        |   in|    1|       m_axi|         gmem1|       pointer|
|m_axi_gmem1_BUSER      |   in|    1|       m_axi|         gmem1|       pointer|
|size                   |   in|   32|     ap_none|          size|        scalar|
+-----------------------+-----+-----+------------+--------------+--------------+

