

================================================================
== Vitis HLS Report for 'mmult_Pipeline_VITIS_LOOP_59_3_VITIS_LOOP_60_4'
================================================================
* Date:           Mon Apr 20 18:25:32 2026

* Version:        2025.2 (Build 6295257 on Nov 12 2025)
* Project:        systolic_array_v1
* Solution:       hls (Vivado IP Flow Target)
* Product family: azynq
* Target device:  xa7z030-fbv484-1I


================================================================
== Performance Estimates
================================================================
+ Timing: 
    * Summary: 
    +--------+----------+----------+------------+
    |  Clock |  Target  | Estimated| Uncertainty|
    +--------+----------+----------+------------+
    |ap_clk  |  10.00 ns|  7.300 ns|     2.70 ns|
    +--------+----------+----------+------------+

+ Latency: 
    * Summary: 
    +---------+---------+----------+----------+-----+-----+-------------------+
    |  Latency (cycles) |  Latency (absolute) |  Interval |      Pipeline     |
    |   min   |   max   |    min   |    max   | min | max |        Type       |
    +---------+---------+----------+----------+-----+-----+-------------------+
    |      259|      259|  2.590 us|  2.590 us|    0|    0|  loop pipeline stp|
    +---------+---------+----------+----------+-----+-----+-------------------+

    + Detail: 
        * Instance: 
        N/A

        * Loop: 
        +-----------------------------------+---------+---------+----------+-----------+-----------+------+----------+
        |                                   |  Latency (cycles) | Iteration|  Initiation Interval  | Trip |          |
        |             Loop Name             |   min   |   max   |  Latency |  achieved |   target  | Count| Pipelined|
        +-----------------------------------+---------+---------+----------+-----------+-----------+------+----------+
        |- VITIS_LOOP_59_3_VITIS_LOOP_60_4  |      257|      257|         3|          1|          1|   256|       yes|
        +-----------------------------------+---------+---------+----------+-----------+-----------+------+----------+



================================================================
== Utilization Estimates
================================================================
* Summary: 
+-----------------+---------+-----+--------+-------+-----+
|       Name      | BRAM_18K| DSP |   FF   |  LUT  | URAM|
+-----------------+---------+-----+--------+-------+-----+
|DSP              |        -|    -|       -|      -|    -|
|Expression       |        -|    -|       0|     81|    -|
|FIFO             |        -|    -|       -|      -|    -|
|Instance         |        -|    -|       0|   1105|    -|
|Memory           |        -|    -|       -|      -|    -|
|Multiplexer      |        -|    -|       0|     63|    -|
|Register         |        -|    -|      56|      -|    -|
+-----------------+---------+-----+--------+-------+-----+
|Total            |        0|    0|      56|   1249|    0|
+-----------------+---------+-----+--------+-------+-----+
|Available        |      530|  400|  157200|  78600|    0|
+-----------------+---------+-----+--------+-------+-----+
|Utilization (%)  |        0|    0|      ~0|      1|    0|
+-----------------+---------+-----+--------+-------+-----+

+ Detail: 
    * Instance: 
    +-----------------------------+-----------------------+---------+----+---+----+-----+
    |           Instance          |         Module        | BRAM_18K| DSP| FF| LUT| URAM|
    +-----------------------------+-----------------------+---------+----+---+----+-----+
    |sparsemux_33_4_32_1_1_U1094  |sparsemux_33_4_32_1_1  |        0|   0|  0|  65|    0|
    |sparsemux_33_4_32_1_1_U1095  |sparsemux_33_4_32_1_1  |        0|   0|  0|  65|    0|
    |sparsemux_33_4_32_1_1_U1096  |sparsemux_33_4_32_1_1  |        0|   0|  0|  65|    0|
    |sparsemux_33_4_32_1_1_U1097  |sparsemux_33_4_32_1_1  |        0|   0|  0|  65|    0|
    |sparsemux_33_4_32_1_1_U1098  |sparsemux_33_4_32_1_1  |        0|   0|  0|  65|    0|
    |sparsemux_33_4_32_1_1_U1099  |sparsemux_33_4_32_1_1  |        0|   0|  0|  65|    0|
    |sparsemux_33_4_32_1_1_U1100  |sparsemux_33_4_32_1_1  |        0|   0|  0|  65|    0|
    |sparsemux_33_4_32_1_1_U1101  |sparsemux_33_4_32_1_1  |        0|   0|  0|  65|    0|
    |sparsemux_33_4_32_1_1_U1102  |sparsemux_33_4_32_1_1  |        0|   0|  0|  65|    0|
    |sparsemux_33_4_32_1_1_U1103  |sparsemux_33_4_32_1_1  |        0|   0|  0|  65|    0|
    |sparsemux_33_4_32_1_1_U1104  |sparsemux_33_4_32_1_1  |        0|   0|  0|  65|    0|
    |sparsemux_33_4_32_1_1_U1105  |sparsemux_33_4_32_1_1  |        0|   0|  0|  65|    0|
    |sparsemux_33_4_32_1_1_U1106  |sparsemux_33_4_32_1_1  |        0|   0|  0|  65|    0|
    |sparsemux_33_4_32_1_1_U1107  |sparsemux_33_4_32_1_1  |        0|   0|  0|  65|    0|
    |sparsemux_33_4_32_1_1_U1108  |sparsemux_33_4_32_1_1  |        0|   0|  0|  65|    0|
    |sparsemux_33_4_32_1_1_U1109  |sparsemux_33_4_32_1_1  |        0|   0|  0|  65|    0|
    |sparsemux_33_4_32_1_1_U1110  |sparsemux_33_4_32_1_1  |        0|   0|  0|  65|    0|
    +-----------------------------+-----------------------+---------+----+---+----+-----+
    |Total                        |                       |        0|   0|  0|1105|    0|
    +-----------------------------+-----------------------+---------+----+---+----+-----+

    * DSP: 
    N/A

    * Memory: 
    N/A

    * FIFO: 
    N/A

    * Expression: 
    +---------------------------+----------+----+---+----+------------+------------+
    |       Variable Name       | Operation| DSP| FF| LUT| Bitwidth P0| Bitwidth P1|
    +---------------------------+----------+----+---+----+------------+------------+
    |add_ln59_1_fu_2223_p2      |         +|   0|  0|  13|           5|           1|
    |add_ln59_fu_2192_p2        |         +|   0|  0|  14|           9|           1|
    |add_ln60_fu_3213_p2        |         +|   0|  0|  13|           5|           1|
    |ap_block_pp0_stage0_11001  |       and|   0|  0|   2|           1|           1|
    |icmp_ln59_fu_2186_p2       |      icmp|   0|  0|  13|           9|          10|
    |icmp_ln60_fu_2209_p2       |      icmp|   0|  0|  14|           5|           6|
    |select_ln59_1_fu_2229_p3   |    select|   0|  0|   5|           1|           5|
    |select_ln59_fu_2215_p3     |    select|   0|  0|   5|           1|           1|
    |ap_enable_pp0              |       xor|   0|  0|   2|           1|           2|
    +---------------------------+----------+----+---+----+------------+------------+
    |Total                      |          |   0|  0|  81|          37|          28|
    +---------------------------+----------+----+---+----+------------+------------+

    * Multiplexer: 
    +---------------------------------------+----+-----------+-----+-----------+
    |                  Name                 | LUT| Input Size| Bits| Total Bits|
    +---------------------------------------+----+-----------+-----+-----------+
    |ap_done_int                            |   9|          2|    1|          2|
    |ap_enable_reg_pp0_iter1                |   9|          2|    1|          2|
    |ap_sig_allocacmp_indvar_flatten6_load  |   9|          2|    9|         18|
    |gmem0_blk_n_W                          |   9|          2|    1|          2|
    |i_fu_606                               |   9|          2|    5|         10|
    |indvar_flatten6_fu_610                 |   9|          2|    9|         18|
    |j_fu_602                               |   9|          2|    5|         10|
    +---------------------------------------+----+-----------+-----+-----------+
    |Total                                  |  63|         14|   31|         62|
    +---------------------------------------+----+-----------+-----+-----------+

    * Register: 
    +----------------------------------+----+----+-----+-----------+
    |               Name               | FF | LUT| Bits| Const Bits|
    +----------------------------------+----+----+-----+-----------+
    |ap_CS_fsm                         |   1|   0|    1|          0|
    |ap_done_reg                       |   1|   0|    1|          0|
    |ap_enable_reg_pp0_iter1           |   1|   0|    1|          0|
    |ap_enable_reg_pp0_iter2           |   1|   0|    1|          0|
    |ap_loop_exit_ready_pp0_iter1_reg  |   1|   0|    1|          0|
    |i_fu_606                          |   5|   0|    5|          0|
    |indvar_flatten6_fu_610            |   9|   0|    9|          0|
    |j_fu_602                          |   5|   0|    5|          0|
    |tmp_15_reg_4545                   |  32|   0|   32|          0|
    +----------------------------------+----+----+-----+-----------+
    |Total                             |  56|   0|   56|          0|
    +----------------------------------+----+----+-----+-----------+



================================================================
== Interface
================================================================
* Summary: 
+------------------------+-----+-----+------------+------------------------------------------------+--------------+
|        RTL Ports       | Dir | Bits|  Protocol  |                  Source Object                 |    C Type    |
+------------------------+-----+-----+------------+------------------------------------------------+--------------+
|ap_clk                  |   in|    1|  ap_ctrl_hs|  mmult_Pipeline_VITIS_LOOP_59_3_VITIS_LOOP_60_4|  return value|
|ap_rst                  |   in|    1|  ap_ctrl_hs|  mmult_Pipeline_VITIS_LOOP_59_3_VITIS_LOOP_60_4|  return value|
|ap_start                |   in|    1|  ap_ctrl_hs|  mmult_Pipeline_VITIS_LOOP_59_3_VITIS_LOOP_60_4|  return value|
|ap_done                 |  out|    1|  ap_ctrl_hs|  mmult_Pipeline_VITIS_LOOP_59_3_VITIS_LOOP_60_4|  return value|
|ap_idle                 |  out|    1|  ap_ctrl_hs|  mmult_Pipeline_VITIS_LOOP_59_3_VITIS_LOOP_60_4|  return value|
|ap_ready                |  out|    1|  ap_ctrl_hs|  mmult_Pipeline_VITIS_LOOP_59_3_VITIS_LOOP_60_4|  return value|
|m_axi_gmem0_0_AWVALID   |  out|    1|       m_axi|                                           gmem0|       pointer|
|m_axi_gmem0_0_AWREADY   |   in|    1|       m_axi|                                           gmem0|       pointer|
|m_axi_gmem0_0_AWADDR    |  out|   64|       m_axi|                                           gmem0|       pointer|
|m_axi_gmem0_0_AWID      |  out|    1|       m_axi|                                           gmem0|       pointer|
|m_axi_gmem0_0_AWLEN     |  out|   32|       m_axi|                                           gmem0|       pointer|
|m_axi_gmem0_0_AWSIZE    |  out|    3|       m_axi|                                           gmem0|       pointer|
|m_axi_gmem0_0_AWBURST   |  out|    2|       m_axi|                                           gmem0|       pointer|
|m_axi_gmem0_0_AWLOCK    |  out|    2|       m_axi|                                           gmem0|       pointer|
|m_axi_gmem0_0_AWCACHE   |  out|    4|       m_axi|                                           gmem0|       pointer|
|m_axi_gmem0_0_AWPROT    |  out|    3|       m_axi|                                           gmem0|       pointer|
|m_axi_gmem0_0_AWQOS     |  out|    4|       m_axi|                                           gmem0|       pointer|
|m_axi_gmem0_0_AWREGION  |  out|    4|       m_axi|                                           gmem0|       pointer|
|m_axi_gmem0_0_AWUSER    |  out|    1|       m_axi|                                           gmem0|       pointer|
|m_axi_gmem0_0_WVALID    |  out|    1|       m_axi|                                           gmem0|       pointer|
|m_axi_gmem0_0_WREADY    |   in|    1|       m_axi|                                           gmem0|       pointer|
|m_axi_gmem0_0_WDATA     |  out|   32|       m_axi|                                           gmem0|       pointer|
|m_axi_gmem0_0_WSTRB     |  out|    4|       m_axi|                                           gmem0|       pointer|
|m_axi_gmem0_0_WLAST     |  out|    1|       m_axi|                                           gmem0|       pointer|
|m_axi_gmem0_0_WID       |  out|    1|       m_axi|                                           gmem0|       pointer|
|m_axi_gmem0_0_WUSER     |  out|    1|       m_axi|                                           gmem0|       pointer|
|m_axi_gmem0_0_ARVALID   |  out|    1|       m_axi|                                           gmem0|       pointer|
|m_axi_gmem0_0_ARREADY   |   in|    1|       m_axi|                                           gmem0|       pointer|
|m_axi_gmem0_0_ARADDR    |  out|   64|       m_axi|                                           gmem0|       pointer|
|m_axi_gmem0_0_ARID      |  out|    1|       m_axi|                                           gmem0|       pointer|
|m_axi_gmem0_0_ARLEN     |  out|   32|       m_axi|                                           gmem0|       pointer|
|m_axi_gmem0_0_ARSIZE    |  out|    3|       m_axi|                                           gmem0|       pointer|
|m_axi_gmem0_0_ARBURST   |  out|    2|       m_axi|                                           gmem0|       pointer|
|m_axi_gmem0_0_ARLOCK    |  out|    2|       m_axi|                                           gmem0|       pointer|
|m_axi_gmem0_0_ARCACHE   |  out|    4|       m_axi|                                           gmem0|       pointer|
|m_axi_gmem0_0_ARPROT    |  out|    3|       m_axi|                                           gmem0|       pointer|
|m_axi_gmem0_0_ARQOS     |  out|    4|       m_axi|                                           gmem0|       pointer|
|m_axi_gmem0_0_ARREGION  |  out|    4|       m_axi|                                           gmem0|       pointer|
|m_axi_gmem0_0_ARUSER    |  out|    1|       m_axi|                                           gmem0|       pointer|
|m_axi_gmem0_0_RVALID    |   in|    1|       m_axi|                                           gmem0|       pointer|
|m_axi_gmem0_0_RREADY    |  out|    1|       m_axi|                                           gmem0|       pointer|
|m_axi_gmem0_0_RDATA     |   in|   32|       m_axi|                                           gmem0|       pointer|
|m_axi_gmem0_0_RLAST     |   in|    1|       m_axi|                                           gmem0|       pointer|
|m_axi_gmem0_0_RID       |   in|    1|       m_axi|                                           gmem0|       pointer|
|m_axi_gmem0_0_RFIFONUM  |   in|    9|       m_axi|                                           gmem0|       pointer|
|m_axi_gmem0_0_RUSER     |   in|    1|       m_axi|                                           gmem0|       pointer|
|m_axi_gmem0_0_RRESP     |   in|    2|       m_axi|                                           gmem0|       pointer|
|m_axi_gmem0_0_BVALID    |   in|    1|       m_axi|                                           gmem0|       pointer|
|m_axi_gmem0_0_BREADY    |  out|    1|       m_axi|                                           gmem0|       pointer|
|m_axi_gmem0_0_BRESP     |   in|    2|       m_axi|                                           gmem0|       pointer|
|m_axi_gmem0_0_BID       |   in|    1|       m_axi|                                           gmem0|       pointer|
|m_axi_gmem0_0_BUSER     |   in|    1|       m_axi|                                           gmem0|       pointer|
|sext_ln59               |   in|   62|     ap_none|                                       sext_ln59|        scalar|
|p_reload                |   in|   32|     ap_none|                                        p_reload|        scalar|
|add51_11890_reload      |   in|   32|     ap_none|                              add51_11890_reload|        scalar|
|add51_22391_reload      |   in|   32|     ap_none|                              add51_22391_reload|        scalar|
|add51_32892_reload      |   in|   32|     ap_none|                              add51_32892_reload|        scalar|
|add51_43393_reload      |   in|   32|     ap_none|                              add51_43393_reload|        scalar|
|add51_53894_reload      |   in|   32|     ap_none|                              add51_53894_reload|        scalar|
|add51_64395_reload      |   in|   32|     ap_none|                              add51_64395_reload|        scalar|
|add51_74896_reload      |   in|   32|     ap_none|                              add51_74896_reload|        scalar|
|add51_85397_reload      |   in|   32|     ap_none|                              add51_85397_reload|        scalar|
|add51_95898_reload      |   in|   32|     ap_none|                              add51_95898_reload|        scalar|
|add51_106399_reload     |   in|   32|     ap_none|                             add51_106399_reload|        scalar|
|add51_1168100_reload    |   in|   32|     ap_none|                            add51_1168100_reload|        scalar|
|add51_1273101_reload    |   in|   32|     ap_none|                            add51_1273101_reload|        scalar|
|add51_1378102_reload    |   in|   32|     ap_none|                            add51_1378102_reload|        scalar|
|add51_1483103_reload    |   in|   32|     ap_none|                            add51_1483103_reload|        scalar|
|add51_1588104_reload    |   in|   32|     ap_none|                            add51_1588104_reload|        scalar|
|add51_1105_reload       |   in|   32|     ap_none|                               add51_1105_reload|        scalar|
|add51_1_1106_reload     |   in|   32|     ap_none|                             add51_1_1106_reload|        scalar|
|add51_1_2107_reload     |   in|   32|     ap_none|                             add51_1_2107_reload|        scalar|
|add51_1_3108_reload     |   in|   32|     ap_none|                             add51_1_3108_reload|        scalar|
|add51_1_4109_reload     |   in|   32|     ap_none|                             add51_1_4109_reload|        scalar|
|add51_1_5110_reload     |   in|   32|     ap_none|                             add51_1_5110_reload|        scalar|
|add51_1_6111_reload     |   in|   32|     ap_none|                             add51_1_6111_reload|        scalar|
|add51_1_7112_reload     |   in|   32|     ap_none|                             add51_1_7112_reload|        scalar|
|add51_1_8113_reload     |   in|   32|     ap_none|                             add51_1_8113_reload|        scalar|
|add51_1_9114_reload     |   in|   32|     ap_none|                             add51_1_9114_reload|        scalar|
|add51_1_10115_reload    |   in|   32|     ap_none|                            add51_1_10115_reload|        scalar|
|add51_1_11116_reload    |   in|   32|     ap_none|                            add51_1_11116_reload|        scalar|
|add51_1_12117_reload    |   in|   32|     ap_none|                            add51_1_12117_reload|        scalar|
|add51_1_13118_reload    |   in|   32|     ap_none|                            add51_1_13118_reload|        scalar|
|add51_1_14119_reload    |   in|   32|     ap_none|                            add51_1_14119_reload|        scalar|
|add51_1_15120_reload    |   in|   32|     ap_none|                            add51_1_15120_reload|        scalar|
|add51_2121_reload       |   in|   32|     ap_none|                               add51_2121_reload|        scalar|
|add51_2_1122_reload     |   in|   32|     ap_none|                             add51_2_1122_reload|        scalar|
|add51_2_2123_reload     |   in|   32|     ap_none|                             add51_2_2123_reload|        scalar|
|add51_2_3124_reload     |   in|   32|     ap_none|                             add51_2_3124_reload|        scalar|
|add51_2_4125_reload     |   in|   32|     ap_none|                             add51_2_4125_reload|        scalar|
|add51_2_5126_reload     |   in|   32|     ap_none|                             add51_2_5126_reload|        scalar|
|add51_2_6127_reload     |   in|   32|     ap_none|                             add51_2_6127_reload|        scalar|
|add51_2_7128_reload     |   in|   32|     ap_none|                             add51_2_7128_reload|        scalar|
|add51_2_8129_reload     |   in|   32|     ap_none|                             add51_2_8129_reload|        scalar|
|add51_2_9130_reload     |   in|   32|     ap_none|                             add51_2_9130_reload|        scalar|
|add51_2_10131_reload    |   in|   32|     ap_none|                            add51_2_10131_reload|        scalar|
|add51_2_11132_reload    |   in|   32|     ap_none|                            add51_2_11132_reload|        scalar|
|add51_2_12133_reload    |   in|   32|     ap_none|                            add51_2_12133_reload|        scalar|
|add51_2_13134_reload    |   in|   32|     ap_none|                            add51_2_13134_reload|        scalar|
|add51_2_14135_reload    |   in|   32|     ap_none|                            add51_2_14135_reload|        scalar|
|add51_2_15136_reload    |   in|   32|     ap_none|                            add51_2_15136_reload|        scalar|
|add51_3137_reload       |   in|   32|     ap_none|                               add51_3137_reload|        scalar|
|add51_3_1138_reload     |   in|   32|     ap_none|                             add51_3_1138_reload|        scalar|
|add51_3_2139_reload     |   in|   32|     ap_none|                             add51_3_2139_reload|        scalar|
|add51_3_3140_reload     |   in|   32|     ap_none|                             add51_3_3140_reload|        scalar|
|add51_3_4141_reload     |   in|   32|     ap_none|                             add51_3_4141_reload|        scalar|
|add51_3_5142_reload     |   in|   32|     ap_none|                             add51_3_5142_reload|        scalar|
|add51_3_6143_reload     |   in|   32|     ap_none|                             add51_3_6143_reload|        scalar|
|add51_3_7144_reload     |   in|   32|     ap_none|                             add51_3_7144_reload|        scalar|
|add51_3_8145_reload     |   in|   32|     ap_none|                             add51_3_8145_reload|        scalar|
|add51_3_9146_reload     |   in|   32|     ap_none|                             add51_3_9146_reload|        scalar|
|add51_3_10147_reload    |   in|   32|     ap_none|                            add51_3_10147_reload|        scalar|
|add51_3_11148_reload    |   in|   32|     ap_none|                            add51_3_11148_reload|        scalar|
|add51_3_12149_reload    |   in|   32|     ap_none|                            add51_3_12149_reload|        scalar|
|add51_3_13150_reload    |   in|   32|     ap_none|                            add51_3_13150_reload|        scalar|
|add51_3_14151_reload    |   in|   32|     ap_none|                            add51_3_14151_reload|        scalar|
|add51_3_15152_reload    |   in|   32|     ap_none|                            add51_3_15152_reload|        scalar|
|add51_4153_reload       |   in|   32|     ap_none|                               add51_4153_reload|        scalar|
|add51_4_1154_reload     |   in|   32|     ap_none|                             add51_4_1154_reload|        scalar|
|add51_4_2155_reload     |   in|   32|     ap_none|                             add51_4_2155_reload|        scalar|
|add51_4_3156_reload     |   in|   32|     ap_none|                             add51_4_3156_reload|        scalar|
|add51_4_4157_reload     |   in|   32|     ap_none|                             add51_4_4157_reload|        scalar|
|add51_4_5158_reload     |   in|   32|     ap_none|                             add51_4_5158_reload|        scalar|
|add51_4_6159_reload     |   in|   32|     ap_none|                             add51_4_6159_reload|        scalar|
|add51_4_7160_reload     |   in|   32|     ap_none|                             add51_4_7160_reload|        scalar|
|add51_4_8161_reload     |   in|   32|     ap_none|                             add51_4_8161_reload|        scalar|
|add51_4_9162_reload     |   in|   32|     ap_none|                             add51_4_9162_reload|        scalar|
|add51_4_10163_reload    |   in|   32|     ap_none|                            add51_4_10163_reload|        scalar|
|add51_4_11164_reload    |   in|   32|     ap_none|                            add51_4_11164_reload|        scalar|
|add51_4_12165_reload    |   in|   32|     ap_none|                            add51_4_12165_reload|        scalar|
|add51_4_13166_reload    |   in|   32|     ap_none|                            add51_4_13166_reload|        scalar|
|add51_4_14167_reload    |   in|   32|     ap_none|                            add51_4_14167_reload|        scalar|
|add51_4_15168_reload    |   in|   32|     ap_none|                            add51_4_15168_reload|        scalar|
|add51_5169_reload       |   in|   32|     ap_none|                               add51_5169_reload|        scalar|
|add51_5_1170_reload     |   in|   32|     ap_none|                             add51_5_1170_reload|        scalar|
|add51_5_2171_reload     |   in|   32|     ap_none|                             add51_5_2171_reload|        scalar|
|add51_5_3172_reload     |   in|   32|     ap_none|                             add51_5_3172_reload|        scalar|
|add51_5_4173_reload     |   in|   32|     ap_none|                             add51_5_4173_reload|        scalar|
|add51_5_5174_reload     |   in|   32|     ap_none|                             add51_5_5174_reload|        scalar|
|add51_5_6175_reload     |   in|   32|     ap_none|                             add51_5_6175_reload|        scalar|
|add51_5_7176_reload     |   in|   32|     ap_none|                             add51_5_7176_reload|        scalar|
|add51_5_8177_reload     |   in|   32|     ap_none|                             add51_5_8177_reload|        scalar|
|add51_5_9178_reload     |   in|   32|     ap_none|                             add51_5_9178_reload|        scalar|
|add51_5_10179_reload    |   in|   32|     ap_none|                            add51_5_10179_reload|        scalar|
|add51_5_11180_reload    |   in|   32|     ap_none|                            add51_5_11180_reload|        scalar|
|add51_5_12181_reload    |   in|   32|     ap_none|                            add51_5_12181_reload|        scalar|
|add51_5_13182_reload    |   in|   32|     ap_none|                            add51_5_13182_reload|        scalar|
|add51_5_14183_reload    |   in|   32|     ap_none|                            add51_5_14183_reload|        scalar|
|add51_5_15184_reload    |   in|   32|     ap_none|                            add51_5_15184_reload|        scalar|
|add51_6185_reload       |   in|   32|     ap_none|                               add51_6185_reload|        scalar|
|add51_6_1186_reload     |   in|   32|     ap_none|                             add51_6_1186_reload|        scalar|
|add51_6_2187_reload     |   in|   32|     ap_none|                             add51_6_2187_reload|        scalar|
|add51_6_3188_reload     |   in|   32|     ap_none|                             add51_6_3188_reload|        scalar|
|add51_6_4189_reload     |   in|   32|     ap_none|                             add51_6_4189_reload|        scalar|
|add51_6_5190_reload     |   in|   32|     ap_none|                             add51_6_5190_reload|        scalar|
|add51_6_6191_reload     |   in|   32|     ap_none|                             add51_6_6191_reload|        scalar|
|add51_6_7192_reload     |   in|   32|     ap_none|                             add51_6_7192_reload|        scalar|
|add51_6_8193_reload     |   in|   32|     ap_none|                             add51_6_8193_reload|        scalar|
|add51_6_9194_reload     |   in|   32|     ap_none|                             add51_6_9194_reload|        scalar|
|add51_6_10195_reload    |   in|   32|     ap_none|                            add51_6_10195_reload|        scalar|
|add51_6_11196_reload    |   in|   32|     ap_none|                            add51_6_11196_reload|        scalar|
|add51_6_12197_reload    |   in|   32|     ap_none|                            add51_6_12197_reload|        scalar|
|add51_6_13198_reload    |   in|   32|     ap_none|                            add51_6_13198_reload|        scalar|
|add51_6_14199_reload    |   in|   32|     ap_none|                            add51_6_14199_reload|        scalar|
|add51_6_15200_reload    |   in|   32|     ap_none|                            add51_6_15200_reload|        scalar|
|add51_7201_reload       |   in|   32|     ap_none|                               add51_7201_reload|        scalar|
|add51_7_1202_reload     |   in|   32|     ap_none|                             add51_7_1202_reload|        scalar|
|add51_7_2203_reload     |   in|   32|     ap_none|                             add51_7_2203_reload|        scalar|
|add51_7_3204_reload     |   in|   32|     ap_none|                             add51_7_3204_reload|        scalar|
|add51_7_4205_reload     |   in|   32|     ap_none|                             add51_7_4205_reload|        scalar|
|add51_7_5206_reload     |   in|   32|     ap_none|                             add51_7_5206_reload|        scalar|
|add51_7_6207_reload     |   in|   32|     ap_none|                             add51_7_6207_reload|        scalar|
|add51_7_7208_reload     |   in|   32|     ap_none|                             add51_7_7208_reload|        scalar|
|add51_7_8209_reload     |   in|   32|     ap_none|                             add51_7_8209_reload|        scalar|
|add51_7_9210_reload     |   in|   32|     ap_none|                             add51_7_9210_reload|        scalar|
|add51_7_10211_reload    |   in|   32|     ap_none|                            add51_7_10211_reload|        scalar|
|add51_7_11212_reload    |   in|   32|     ap_none|                            add51_7_11212_reload|        scalar|
|add51_7_12213_reload    |   in|   32|     ap_none|                            add51_7_12213_reload|        scalar|
|add51_7_13214_reload    |   in|   32|     ap_none|                            add51_7_13214_reload|        scalar|
|add51_7_14215_reload    |   in|   32|     ap_none|                            add51_7_14215_reload|        scalar|
|add51_7_15216_reload    |   in|   32|     ap_none|                            add51_7_15216_reload|        scalar|
|add51_8217_reload       |   in|   32|     ap_none|                               add51_8217_reload|        scalar|
|add51_8_1218_reload     |   in|   32|     ap_none|                             add51_8_1218_reload|        scalar|
|add51_8_2219_reload     |   in|   32|     ap_none|                             add51_8_2219_reload|        scalar|
|add51_8_3220_reload     |   in|   32|     ap_none|                             add51_8_3220_reload|        scalar|
|add51_8_4221_reload     |   in|   32|     ap_none|                             add51_8_4221_reload|        scalar|
|add51_8_5222_reload     |   in|   32|     ap_none|                             add51_8_5222_reload|        scalar|
|add51_8_6223_reload     |   in|   32|     ap_none|                             add51_8_6223_reload|        scalar|
|add51_8_7224_reload     |   in|   32|     ap_none|                             add51_8_7224_reload|        scalar|
|add51_8_8225_reload     |   in|   32|     ap_none|                             add51_8_8225_reload|        scalar|
|add51_8_9226_reload     |   in|   32|     ap_none|                             add51_8_9226_reload|        scalar|
|add51_8_10227_reload    |   in|   32|     ap_none|                            add51_8_10227_reload|        scalar|
|add51_8_11228_reload    |   in|   32|     ap_none|                            add51_8_11228_reload|        scalar|
|add51_8_12229_reload    |   in|   32|     ap_none|                            add51_8_12229_reload|        scalar|
|add51_8_13230_reload    |   in|   32|     ap_none|                            add51_8_13230_reload|        scalar|
|add51_8_14231_reload    |   in|   32|     ap_none|                            add51_8_14231_reload|        scalar|
|add51_8_15232_reload    |   in|   32|     ap_none|                            add51_8_15232_reload|        scalar|
|add51_9233_reload       |   in|   32|     ap_none|                               add51_9233_reload|        scalar|
|add51_9_1234_reload     |   in|   32|     ap_none|                             add51_9_1234_reload|        scalar|
|add51_9_2235_reload     |   in|   32|     ap_none|                             add51_9_2235_reload|        scalar|
|add51_9_3236_reload     |   in|   32|     ap_none|                             add51_9_3236_reload|        scalar|
|add51_9_4237_reload     |   in|   32|     ap_none|                             add51_9_4237_reload|        scalar|
|add51_9_5238_reload     |   in|   32|     ap_none|                             add51_9_5238_reload|        scalar|
|add51_9_6239_reload     |   in|   32|     ap_none|                             add51_9_6239_reload|        scalar|
|add51_9_7240_reload     |   in|   32|     ap_none|                             add51_9_7240_reload|        scalar|
|add51_9_8241_reload     |   in|   32|     ap_none|                             add51_9_8241_reload|        scalar|
|add51_9_9242_reload     |   in|   32|     ap_none|                             add51_9_9242_reload|        scalar|
|add51_9_10243_reload    |   in|   32|     ap_none|                            add51_9_10243_reload|        scalar|
|add51_9_11244_reload    |   in|   32|     ap_none|                            add51_9_11244_reload|        scalar|
|add51_9_12245_reload    |   in|   32|     ap_none|                            add51_9_12245_reload|        scalar|
|add51_9_13246_reload    |   in|   32|     ap_none|                            add51_9_13246_reload|        scalar|
|add51_9_14247_reload    |   in|   32|     ap_none|                            add51_9_14247_reload|        scalar|
|add51_9_15248_reload    |   in|   32|     ap_none|                            add51_9_15248_reload|        scalar|
|add51_10249_reload      |   in|   32|     ap_none|                              add51_10249_reload|        scalar|
|add51_10_1250_reload    |   in|   32|     ap_none|                            add51_10_1250_reload|        scalar|
|add51_10_2251_reload    |   in|   32|     ap_none|                            add51_10_2251_reload|        scalar|
|add51_10_3252_reload    |   in|   32|     ap_none|                            add51_10_3252_reload|        scalar|
|add51_10_4253_reload    |   in|   32|     ap_none|                            add51_10_4253_reload|        scalar|
|add51_10_5254_reload    |   in|   32|     ap_none|                            add51_10_5254_reload|        scalar|
|add51_10_6255_reload    |   in|   32|     ap_none|                            add51_10_6255_reload|        scalar|
|add51_10_7256_reload    |   in|   32|     ap_none|                            add51_10_7256_reload|        scalar|
|add51_10_8257_reload    |   in|   32|     ap_none|                            add51_10_8257_reload|        scalar|
|add51_10_9258_reload    |   in|   32|     ap_none|                            add51_10_9258_reload|        scalar|
|add51_10_10259_reload   |   in|   32|     ap_none|                           add51_10_10259_reload|        scalar|
|add51_10_11260_reload   |   in|   32|     ap_none|                           add51_10_11260_reload|        scalar|
|add51_10_12261_reload   |   in|   32|     ap_none|                           add51_10_12261_reload|        scalar|
|add51_10_13262_reload   |   in|   32|     ap_none|                           add51_10_13262_reload|        scalar|
|add51_10_14263_reload   |   in|   32|     ap_none|                           add51_10_14263_reload|        scalar|
|add51_10_15264_reload   |   in|   32|     ap_none|                           add51_10_15264_reload|        scalar|
|add51_11265_reload      |   in|   32|     ap_none|                              add51_11265_reload|        scalar|
|add51_11_1266_reload    |   in|   32|     ap_none|                            add51_11_1266_reload|        scalar|
|add51_11_2267_reload    |   in|   32|     ap_none|                            add51_11_2267_reload|        scalar|
|add51_11_3268_reload    |   in|   32|     ap_none|                            add51_11_3268_reload|        scalar|
|add51_11_4269_reload    |   in|   32|     ap_none|                            add51_11_4269_reload|        scalar|
|add51_11_5270_reload    |   in|   32|     ap_none|                            add51_11_5270_reload|        scalar|
|add51_11_6271_reload    |   in|   32|     ap_none|                            add51_11_6271_reload|        scalar|
|add51_11_7272_reload    |   in|   32|     ap_none|                            add51_11_7272_reload|        scalar|
|add51_11_8273_reload    |   in|   32|     ap_none|                            add51_11_8273_reload|        scalar|
|add51_11_9274_reload    |   in|   32|     ap_none|                            add51_11_9274_reload|        scalar|
|add51_11_10275_reload   |   in|   32|     ap_none|                           add51_11_10275_reload|        scalar|
|add51_11_11276_reload   |   in|   32|     ap_none|                           add51_11_11276_reload|        scalar|
|add51_11_12277_reload   |   in|   32|     ap_none|                           add51_11_12277_reload|        scalar|
|add51_11_13278_reload   |   in|   32|     ap_none|                           add51_11_13278_reload|        scalar|
|add51_11_14279_reload   |   in|   32|     ap_none|                           add51_11_14279_reload|        scalar|
|add51_11_15280_reload   |   in|   32|     ap_none|                           add51_11_15280_reload|        scalar|
|add51_12281_reload      |   in|   32|     ap_none|                              add51_12281_reload|        scalar|
|add51_12_1282_reload    |   in|   32|     ap_none|                            add51_12_1282_reload|        scalar|
|add51_12_2283_reload    |   in|   32|     ap_none|                            add51_12_2283_reload|        scalar|
|add51_12_3284_reload    |   in|   32|     ap_none|                            add51_12_3284_reload|        scalar|
|add51_12_4285_reload    |   in|   32|     ap_none|                            add51_12_4285_reload|        scalar|
|add51_12_5286_reload    |   in|   32|     ap_none|                            add51_12_5286_reload|        scalar|
|add51_12_6287_reload    |   in|   32|     ap_none|                            add51_12_6287_reload|        scalar|
|add51_12_7288_reload    |   in|   32|     ap_none|                            add51_12_7288_reload|        scalar|
|add51_12_8289_reload    |   in|   32|     ap_none|                            add51_12_8289_reload|        scalar|
|add51_12_9290_reload    |   in|   32|     ap_none|                            add51_12_9290_reload|        scalar|
|add51_12_10291_reload   |   in|   32|     ap_none|                           add51_12_10291_reload|        scalar|
|add51_12_11292_reload   |   in|   32|     ap_none|                           add51_12_11292_reload|        scalar|
|add51_12_12293_reload   |   in|   32|     ap_none|                           add51_12_12293_reload|        scalar|
|add51_12_13294_reload   |   in|   32|     ap_none|                           add51_12_13294_reload|        scalar|
|add51_12_14295_reload   |   in|   32|     ap_none|                           add51_12_14295_reload|        scalar|
|add51_12_15296_reload   |   in|   32|     ap_none|                           add51_12_15296_reload|        scalar|
|add51_13297_reload      |   in|   32|     ap_none|                              add51_13297_reload|        scalar|
|add51_13_1298_reload    |   in|   32|     ap_none|                            add51_13_1298_reload|        scalar|
|add51_13_2299_reload    |   in|   32|     ap_none|                            add51_13_2299_reload|        scalar|
|add51_13_3300_reload    |   in|   32|     ap_none|                            add51_13_3300_reload|        scalar|
|add51_13_4301_reload    |   in|   32|     ap_none|                            add51_13_4301_reload|        scalar|
|add51_13_5302_reload    |   in|   32|     ap_none|                            add51_13_5302_reload|        scalar|
|add51_13_6303_reload    |   in|   32|     ap_none|                            add51_13_6303_reload|        scalar|
|add51_13_7304_reload    |   in|   32|     ap_none|                            add51_13_7304_reload|        scalar|
|add51_13_8305_reload    |   in|   32|     ap_none|                            add51_13_8305_reload|        scalar|
|add51_13_9306_reload    |   in|   32|     ap_none|                            add51_13_9306_reload|        scalar|
|add51_13_10307_reload   |   in|   32|     ap_none|                           add51_13_10307_reload|        scalar|
|add51_13_11308_reload   |   in|   32|     ap_none|                           add51_13_11308_reload|        scalar|
|add51_13_12309_reload   |   in|   32|     ap_none|                           add51_13_12309_reload|        scalar|
|add51_13_13310_reload   |   in|   32|     ap_none|                           add51_13_13310_reload|        scalar|
|add51_13_14311_reload   |   in|   32|     ap_none|                           add51_13_14311_reload|        scalar|
|add51_13_15312_reload   |   in|   32|     ap_none|                           add51_13_15312_reload|        scalar|
|add51_14313_reload      |   in|   32|     ap_none|                              add51_14313_reload|        scalar|
|add51_14_1314_reload    |   in|   32|     ap_none|                            add51_14_1314_reload|        scalar|
|add51_14_2315_reload    |   in|   32|     ap_none|                            add51_14_2315_reload|        scalar|
|add51_14_3316_reload    |   in|   32|     ap_none|                            add51_14_3316_reload|        scalar|
|add51_14_4317_reload    |   in|   32|     ap_none|                            add51_14_4317_reload|        scalar|
|add51_14_5318_reload    |   in|   32|     ap_none|                            add51_14_5318_reload|        scalar|
|add51_14_6319_reload    |   in|   32|     ap_none|                            add51_14_6319_reload|        scalar|
|add51_14_7320_reload    |   in|   32|     ap_none|                            add51_14_7320_reload|        scalar|
|add51_14_8321_reload    |   in|   32|     ap_none|                            add51_14_8321_reload|        scalar|
|add51_14_9322_reload    |   in|   32|     ap_none|                            add51_14_9322_reload|        scalar|
|add51_14_10323_reload   |   in|   32|     ap_none|                           add51_14_10323_reload|        scalar|
|add51_14_11324_reload   |   in|   32|     ap_none|                           add51_14_11324_reload|        scalar|
|add51_14_12325_reload   |   in|   32|     ap_none|                           add51_14_12325_reload|        scalar|
|add51_14_13326_reload   |   in|   32|     ap_none|                           add51_14_13326_reload|        scalar|
|add51_14_14327_reload   |   in|   32|     ap_none|                           add51_14_14327_reload|        scalar|
|add51_14_15328_reload   |   in|   32|     ap_none|                           add51_14_15328_reload|        scalar|
|add51_15329_reload      |   in|   32|     ap_none|                              add51_15329_reload|        scalar|
|add51_15_1330_reload    |   in|   32|     ap_none|                            add51_15_1330_reload|        scalar|
|add51_15_2331_reload    |   in|   32|     ap_none|                            add51_15_2331_reload|        scalar|
|add51_15_3332_reload    |   in|   32|     ap_none|                            add51_15_3332_reload|        scalar|
|add51_15_4333_reload    |   in|   32|     ap_none|                            add51_15_4333_reload|        scalar|
|add51_15_5334_reload    |   in|   32|     ap_none|                            add51_15_5334_reload|        scalar|
|add51_15_6335_reload    |   in|   32|     ap_none|                            add51_15_6335_reload|        scalar|
|add51_15_7336_reload    |   in|   32|     ap_none|                            add51_15_7336_reload|        scalar|
|add51_15_8337_reload    |   in|   32|     ap_none|                            add51_15_8337_reload|        scalar|
|add51_15_9338_reload    |   in|   32|     ap_none|                            add51_15_9338_reload|        scalar|
|add51_15_10339_reload   |   in|   32|     ap_none|                           add51_15_10339_reload|        scalar|
|add51_15_11340_reload   |   in|   32|     ap_none|                           add51_15_11340_reload|        scalar|
|add51_15_12341_reload   |   in|   32|     ap_none|                           add51_15_12341_reload|        scalar|
|add51_15_13342_reload   |   in|   32|     ap_none|                           add51_15_13342_reload|        scalar|
|add51_15_14343_reload   |   in|   32|     ap_none|                           add51_15_14343_reload|        scalar|
|add51_15_15344_reload   |   in|   32|     ap_none|                           add51_15_15344_reload|        scalar|
+------------------------+-----+-----+------------+------------------------------------------------+--------------+

