  **** HLS Build v2025.2 6295257
INFO: [HLS 200-2005] Using work_dir D:/DVCon/Vitis/systolic_array_v1/systolic_array_v1 
INFO: [HLS 200-2176] Writing Vitis IDE component file D:/DVCon/Vitis/systolic_array_v1/systolic_array_v1/vitis-comp.json
INFO: [HLS 200-10] Creating and opening component 'D:/DVCon/Vitis/systolic_array_v1/systolic_array_v1'.
INFO: [HLS 200-1505] Using default flow_target 'vivado'
Resolution: For help on HLS 200-1505 see docs.amd.com/access/sources/dita/topic?Doc_Version=2025.2%20English&url=ug1448-hls-guidance&resourceid=200-1505.html
INFO: [HLS 200-2174] Applying component config ini file hls_config.cfg
INFO: [HLS 200-1465] Applying config ini 'syn.file=mmult.cpp' from hls_config.cfg(7)
INFO: [HLS 200-10] Adding design file 'D:/DVCon/Vitis/systolic_array_v1/mmult.cpp' to the project
INFO: [HLS 200-1465] Applying config ini 'tb.file=tb_mmult.cpp' from hls_config.cfg(8)
INFO: [HLS 200-10] Adding test bench file 'D:/DVCon/Vitis/systolic_array_v1/tb_mmult.cpp' to the project
INFO: [HLS 200-1465] Applying config ini 'syn.top=mmult' from hls_config.cfg(9)
INFO: [HLS 200-1465] Applying config ini 'flow_target=vivado' from hls_config.cfg(4)
INFO: [HLS 200-1505] Using flow_target 'vivado'
Resolution: For help on HLS 200-1505 see docs.amd.com/access/sources/dita/topic?Doc_Version=2025.2%20English&url=ug1448-hls-guidance&resourceid=200-1505.html
INFO: [HLS 200-1465] Applying config ini 'part=xa7z030fbv484-1I' from hls_config.cfg(1)
INFO: [HLS 200-1611] Setting target device to 'xa7z030-fbv484-1I'
INFO: [HLS 200-1465] Applying config ini 'package.output.format=ip_catalog' from hls_config.cfg(5)
INFO: [HLS 200-2176] Writing Vitis IDE component file D:/DVCon/Vitis/systolic_array_v1/systolic_array_v1/vitis-comp.json
INFO: [HLS 200-111] Finished File checks and directory preparation: CPU user time: 2 seconds. CPU system time: 1 seconds. Elapsed time: 9.144 seconds; current allocated memory: 150.617 MB.
INFO: [HLS 200-2191] C-Synthesis will use clang-16 as the compiler
INFO: [HLS 200-10] Analyzing design file 'mmult.cpp' ... 
WARNING: [HLS 207-6591] unused parameter 'size' (mmult.cpp:6:94)
INFO: [HLS 200-111] Finished Source Code Analysis and Preprocessing: CPU user time: 1 seconds. CPU system time: 1 seconds. Elapsed time: 16.717 seconds; current allocated memory: 153.301 MB.
INFO: [HLS 200-777] Using interface defaults for 'Vivado' flow target.
INFO: [HLS 200-1995] There were 139 instructions in the design after the 'Compile/Link' phase of compilation. See the Design Size Report for more details (D:/DVCon/Vitis/systolic_array_v1/systolic_array_v1/hls/syn/report/csynth_design_size.rpt:2)
INFO: [HLS 200-1995] There were 1,916 instructions in the design after the 'Unroll/Inline (step 1)' phase of compilation. See the Design Size Report for more details (D:/DVCon/Vitis/systolic_array_v1/systolic_array_v1/hls/syn/report/csynth_design_size.rpt:2)
INFO: [HLS 200-1995] There were 1,405 instructions in the design after the 'Unroll/Inline (step 2)' phase of compilation. See the Design Size Report for more details (D:/DVCon/Vitis/systolic_array_v1/systolic_array_v1/hls/syn/report/csynth_design_size.rpt:2)
INFO: [HLS 200-1995] There were 1,657 instructions in the design after the 'Unroll/Inline (step 3)' phase of compilation. See the Design Size Report for more details (D:/DVCon/Vitis/systolic_array_v1/systolic_array_v1/hls/syn/report/csynth_design_size.rpt:2)
INFO: [HLS 200-1995] There were 1,657 instructions in the design after the 'Unroll/Inline (step 4)' phase of compilation. See the Design Size Report for more details (D:/DVCon/Vitis/systolic_array_v1/systolic_array_v1/hls/syn/report/csynth_design_size.rpt:2)
INFO: [HLS 200-1995] There were 3,205 instructions in the design after the 'Array/Struct (step 1)' phase of compilation. See the Design Size Report for more details (D:/DVCon/Vitis/systolic_array_v1/systolic_array_v1/hls/syn/report/csynth_design_size.rpt:2)
INFO: [HLS 200-1995] There were 2,317 instructions in the design after the 'Array/Struct (step 2)' phase of compilation. See the Design Size Report for more details (D:/DVCon/Vitis/systolic_array_v1/systolic_array_v1/hls/syn/report/csynth_design_size.rpt:2)
INFO: [HLS 200-1995] There were 2,317 instructions in the design after the 'Array/Struct (step 3)' phase of compilation. See the Design Size Report for more details (D:/DVCon/Vitis/systolic_array_v1/systolic_array_v1/hls/syn/report/csynth_design_size.rpt:2)
INFO: [HLS 200-1995] There were 2,300 instructions in the design after the 'Array/Struct (step 4)' phase of compilation. See the Design Size Report for more details (D:/DVCon/Vitis/systolic_array_v1/systolic_array_v1/hls/syn/report/csynth_design_size.rpt:2)
INFO: [HLS 200-1995] There were 3,071 instructions in the design after the 'Array/Struct (step 5)' phase of compilation. See the Design Size Report for more details (D:/DVCon/Vitis/systolic_array_v1/systolic_array_v1/hls/syn/report/csynth_design_size.rpt:2)
INFO: [HLS 200-1995] There were 3,071 instructions in the design after the 'Performance (step 1)' phase of compilation. See the Design Size Report for more details (D:/DVCon/Vitis/systolic_array_v1/systolic_array_v1/hls/syn/report/csynth_design_size.rpt:2)
INFO: [HLS 200-1995] There were 2,303 instructions in the design after the 'Performance (step 2)' phase of compilation. See the Design Size Report for more details (D:/DVCon/Vitis/systolic_array_v1/systolic_array_v1/hls/syn/report/csynth_design_size.rpt:2)
INFO: [HLS 200-1995] There were 2,303 instructions in the design after the 'Performance (step 3)' phase of compilation. See the Design Size Report for more details (D:/DVCon/Vitis/systolic_array_v1/systolic_array_v1/hls/syn/report/csynth_design_size.rpt:2)
INFO: [HLS 200-1995] There were 2,303 instructions in the design after the 'Performance (step 4)' phase of compilation. See the Design Size Report for more details (D:/DVCon/Vitis/systolic_array_v1/systolic_array_v1/hls/syn/report/csynth_design_size.rpt:2)
INFO: [HLS 200-1995] There were 2,315 instructions in the design after the 'HW Transforms (step 1)' phase of compilation. See the Design Size Report for more details (D:/DVCon/Vitis/systolic_array_v1/systolic_array_v1/hls/syn/report/csynth_design_size.rpt:2)
INFO: [HLS 200-1995] There were 2,328 instructions in the design after the 'HW Transforms (step 2)' phase of compilation. See the Design Size Report for more details (D:/DVCon/Vitis/systolic_array_v1/systolic_array_v1/hls/syn/report/csynth_design_size.rpt:2)
INFO: [HLS 214-291] Loop 'systolic2' is marked as complete unroll implied by the pipeline pragma (mmult.cpp:49:20)
INFO: [HLS 214-291] Loop 'systolic3' is marked as complete unroll implied by the pipeline pragma (mmult.cpp:50:24)
INFO: [HLS 214-186] Unrolling loop 'systolic2' (mmult.cpp:49:20) in function 'mmult' completely with a factor of 16 (mmult.cpp:6:0)
INFO: [HLS 214-186] Unrolling loop 'systolic3' (mmult.cpp:50:24) in function 'mmult' completely with a factor of 16 (mmult.cpp:6:0)
INFO: [HLS 214-248] Applying array_partition to 'localA': Complete partitioning on dimension 1. (mmult.cpp:15:9)
INFO: [HLS 214-248] Applying array_partition to 'localB': Complete partitioning on dimension 2. (mmult.cpp:16:9)
INFO: [HLS 214-248] Applying array_partition to 'localC': Complete partitioning on dimension 1. Complete partitioning on dimension 2. (mmult.cpp:17:9)
INFO: [HLS 214-115] Multiple burst reads of length 256 and bit width 32 in loop 'VITIS_LOOP_33_1'(mmult.cpp:33:22) has been inferred on bundle 'gmem0'. These burst requests might be further partitioned into multiple requests during RTL generation, based on max_read_burst_length or max_write_burst_length settings. (mmult.cpp:33:22)
INFO: [HLS 214-115] Multiple burst reads of length 256 and bit width 32 in loop 'VITIS_LOOP_33_1'(mmult.cpp:33:22) has been inferred on bundle 'gmem1'. These burst requests might be further partitioned into multiple requests during RTL generation, based on max_read_burst_length or max_write_burst_length settings. (mmult.cpp:33:22)
INFO: [HLS 214-115] Multiple burst writes of length 256 and bit width 32 in loop 'VITIS_LOOP_59_3'(mmult.cpp:59:22) has been inferred on bundle 'gmem0'. These burst requests might be further partitioned into multiple requests during RTL generation, based on max_read_burst_length or max_write_burst_length settings. (mmult.cpp:59:22)
INFO: [HLS 200-111] Finished Compiling Optimization and Transform: CPU user time: 1 seconds. CPU system time: 0 seconds. Elapsed time: 16.505 seconds; current allocated memory: 155.680 MB.
INFO: [HLS 200-111] Finished Checking Pragmas: CPU user time: 0 seconds. CPU system time: 0 seconds. Elapsed time: 0.005 seconds; current allocated memory: 155.680 MB.
INFO: [HLS 200-10] Starting code transformations ...
INFO: [HLS 200-111] Finished Standard Transforms: CPU user time: 0 seconds. CPU system time: 0 seconds. Elapsed time: 0.591 seconds; current allocated memory: 168.086 MB.
INFO: [HLS 200-10] Checking synthesizability ...
INFO: [HLS 200-111] Finished Checking Synthesizability: CPU user time: 0 seconds. CPU system time: 0 seconds. Elapsed time: 0.38 seconds; current allocated memory: 172.414 MB.
INFO: [HLS 200-111] Finished Loop, function and other optimizations: CPU user time: 3 seconds. CPU system time: 0 seconds. Elapsed time: 2.403 seconds; current allocated memory: 205.055 MB.
INFO: [HLS 200-2061] Successfully converted nested loops 'VITIS_LOOP_33_1'(mmult.cpp:33:22) and 'VITIS_LOOP_34_2'(mmult.cpp:34:26) in function 'mmult' into perfectly nested loops.
INFO: [HLS 200-2061] Successfully converted nested loops 'VITIS_LOOP_59_3'(mmult.cpp:59:22) and 'VITIS_LOOP_60_4'(mmult.cpp:60:26) in function 'mmult' into perfectly nested loops.
INFO: [XFORM 203-541] Flattening a loop nest 'VITIS_LOOP_33_1' (mmult.cpp:33:22) in function 'mmult'.
INFO: [XFORM 203-541] Flattening a loop nest 'VITIS_LOOP_59_3' (mmult.cpp:59:22) in function 'mmult'.
INFO: [HLS 200-111] Finished Architecture Synthesis: CPU user time: 3 seconds. CPU system time: 0 seconds. Elapsed time: 3.381 seconds; current allocated memory: 237.297 MB.
INFO: [HLS 200-10] Starting hardware synthesis ...
INFO: [HLS 200-10] Synthesizing 'mmult' ...
INFO: [SYN 201-201] Setting up clock 'default' with a period of 10ns.
INFO: [HLS 200-10] ----------------------------------------------------------------
INFO: [HLS 200-42] -- Implementing module 'mmult_Pipeline_VITIS_LOOP_33_1_VITIS_LOOP_34_2' 
INFO: [HLS 200-10] ----------------------------------------------------------------
INFO: [SCHED 204-11] Starting scheduling ...
INFO: [SCHED 204-61] Pipelining loop 'VITIS_LOOP_33_1_VITIS_LOOP_34_2'.
INFO: [HLS 200-1470] Pipelining result : Target II = NA, Final II = 1, Depth = 3, loop 'VITIS_LOOP_33_1_VITIS_LOOP_34_2'
INFO: [SCHED 204-11] Finished scheduling.
INFO: [HLS 200-111] Finished Scheduling: CPU user time: 5 seconds. CPU system time: 0 seconds. Elapsed time: 5.518 seconds; current allocated memory: 255.047 MB.
INFO: [BIND 205-100] Starting micro-architecture generation ...
INFO: [BIND 205-101] Performing variable lifetime analysis.
INFO: [BIND 205-101] Exploring resource sharing.
INFO: [BIND 205-101] Binding ...
INFO: [BIND 205-100] Finished micro-architecture generation.
INFO: [HLS 200-111] Finished Binding: CPU user time: 2 seconds. CPU system time: 0 seconds. Elapsed time: 1.846 seconds; current allocated memory: 256.129 MB.
INFO: [HLS 200-10] ----------------------------------------------------------------
INFO: [HLS 200-42] -- Implementing module 'mmult_Pipeline_systolic1' 
INFO: [HLS 200-10] ----------------------------------------------------------------
INFO: [SCHED 204-11] Starting scheduling ...
INFO: [SCHED 204-61] Pipelining loop 'systolic1'.
INFO: [HLS 200-1470] Pipelining result : Target II = 1, Final II = 1, Depth = 5, loop 'systolic1'
INFO: [SCHED 204-11] Finished scheduling.
INFO: [HLS 200-111] Finished Scheduling: CPU user time: 5 seconds. CPU system time: 0 seconds. Elapsed time: 5.346 seconds; current allocated memory: 272.191 MB.
INFO: [BIND 205-100] Starting micro-architecture generation ...
INFO: [BIND 205-101] Performing variable lifetime analysis.
INFO: [BIND 205-101] Exploring resource sharing.
INFO: [BIND 205-101] Binding ...
INFO: [BIND 205-100] Finished micro-architecture generation.
INFO: [HLS 200-111] Finished Binding: CPU user time: 3 seconds. CPU system time: 0 seconds. Elapsed time: 3.433 seconds; current allocated memory: 272.410 MB.
INFO: [HLS 200-10] ----------------------------------------------------------------
INFO: [HLS 200-42] -- Implementing module 'mmult_Pipeline_VITIS_LOOP_59_3_VITIS_LOOP_60_4' 
INFO: [HLS 200-10] ----------------------------------------------------------------
INFO: [SCHED 204-11] Starting scheduling ...
INFO: [SCHED 204-61] Pipelining loop 'VITIS_LOOP_59_3_VITIS_LOOP_60_4'.
INFO: [HLS 200-1470] Pipelining result : Target II = NA, Final II = 1, Depth = 3, loop 'VITIS_LOOP_59_3_VITIS_LOOP_60_4'
INFO: [SCHED 204-11] Finished scheduling.
INFO: [HLS 200-111] Finished Scheduling: CPU user time: 2 seconds. CPU system time: 0 seconds. Elapsed time: 1.719 seconds; current allocated memory: 272.977 MB.
INFO: [BIND 205-100] Starting micro-architecture generation ...
INFO: [BIND 205-101] Performing variable lifetime analysis.
INFO: [BIND 205-101] Exploring resource sharing.
INFO: [BIND 205-101] Binding ...
INFO: [BIND 205-100] Finished micro-architecture generation.
INFO: [HLS 200-111] Finished Binding: CPU user time: 0 seconds. CPU system time: 0 seconds. Elapsed time: 0.238 seconds; current allocated memory: 273.414 MB.
INFO: [HLS 200-10] ----------------------------------------------------------------
INFO: [HLS 200-42] -- Implementing module 'mmult' 
INFO: [HLS 200-10] ----------------------------------------------------------------
INFO: [SCHED 204-11] Starting scheduling ...
INFO: [SCHED 204-11] Finished scheduling.
INFO: [HLS 200-111] Finished Scheduling: CPU user time: 1 seconds. CPU system time: 0 seconds. Elapsed time: 0.949 seconds; current allocated memory: 278.855 MB.
INFO: [BIND 205-100] Starting micro-architecture generation ...
INFO: [BIND 205-101] Performing variable lifetime analysis.
INFO: [BIND 205-101] Exploring resource sharing.
INFO: [BIND 205-101] Binding ...
INFO: [BIND 205-100] Finished micro-architecture generation.
INFO: [HLS 200-111] Finished Binding: CPU user time: 1 seconds. CPU system time: 1 seconds. Elapsed time: 0.813 seconds; current allocated memory: 280.254 MB.
INFO: [HLS 200-10] ----------------------------------------------------------------
INFO: [HLS 200-10] -- Generating RTL for module 'mmult_Pipeline_VITIS_LOOP_33_1_VITIS_LOOP_34_2' 
INFO: [HLS 200-10] ----------------------------------------------------------------
INFO: [HLS 200-1030] Apply Unified Pipeline Control on module 'mmult_Pipeline_VITIS_LOOP_33_1_VITIS_LOOP_34_2' pipeline 'VITIS_LOOP_33_1_VITIS_LOOP_34_2' pipeline type 'loop pipeline'
WARNING: [RTGEN 206-101] Setting dangling out port 'mmult_Pipeline_VITIS_LOOP_33_1_VITIS_LOOP_34_2/m_axi_gmem0_0_ARVALID' to 0.
WARNING: [RTGEN 206-101] Setting dangling out port 'mmult_Pipeline_VITIS_LOOP_33_1_VITIS_LOOP_34_2/m_axi_gmem0_0_ARADDR' to 0.
WARNING: [RTGEN 206-101] Setting dangling out port 'mmult_Pipeline_VITIS_LOOP_33_1_VITIS_LOOP_34_2/m_axi_gmem0_0_ARID' to 0.
WARNING: [RTGEN 206-101] Setting dangling out port 'mmult_Pipeline_VITIS_LOOP_33_1_VITIS_LOOP_34_2/m_axi_gmem0_0_ARLEN' to 0.
WARNING: [RTGEN 206-101] Setting dangling out port 'mmult_Pipeline_VITIS_LOOP_33_1_VITIS_LOOP_34_2/m_axi_gmem0_0_ARSIZE' to 0.
WARNING: [RTGEN 206-101] Setting dangling out port 'mmult_Pipeline_VITIS_LOOP_33_1_VITIS_LOOP_34_2/m_axi_gmem0_0_ARBURST' to 0.
WARNING: [RTGEN 206-101] Setting dangling out port 'mmult_Pipeline_VITIS_LOOP_33_1_VITIS_LOOP_34_2/m_axi_gmem0_0_ARLOCK' to 0.
WARNING: [RTGEN 206-101] Setting dangling out port 'mmult_Pipeline_VITIS_LOOP_33_1_VITIS_LOOP_34_2/m_axi_gmem0_0_ARCACHE' to 0.
WARNING: [RTGEN 206-101] Setting dangling out port 'mmult_Pipeline_VITIS_LOOP_33_1_VITIS_LOOP_34_2/m_axi_gmem0_0_ARPROT' to 0.
WARNING: [RTGEN 206-101] Setting dangling out port 'mmult_Pipeline_VITIS_LOOP_33_1_VITIS_LOOP_34_2/m_axi_gmem0_0_ARQOS' to 0.
WARNING: [RTGEN 206-101] Setting dangling out port 'mmult_Pipeline_VITIS_LOOP_33_1_VITIS_LOOP_34_2/m_axi_gmem0_0_ARREGION' to 0.
WARNING: [RTGEN 206-101] Setting dangling out port 'mmult_Pipeline_VITIS_LOOP_33_1_VITIS_LOOP_34_2/m_axi_gmem0_0_ARUSER' to 0.
WARNING: [RTGEN 206-101] Setting dangling out port 'mmult_Pipeline_VITIS_LOOP_33_1_VITIS_LOOP_34_2/m_axi_gmem1_0_ARVALID' to 0.
WARNING: [RTGEN 206-101] Setting dangling out port 'mmult_Pipeline_VITIS_LOOP_33_1_VITIS_LOOP_34_2/m_axi_gmem1_0_ARADDR' to 0.
WARNING: [RTGEN 206-101] Setting dangling out port 'mmult_Pipeline_VITIS_LOOP_33_1_VITIS_LOOP_34_2/m_axi_gmem1_0_ARID' to 0.
WARNING: [RTGEN 206-101] Setting dangling out port 'mmult_Pipeline_VITIS_LOOP_33_1_VITIS_LOOP_34_2/m_axi_gmem1_0_ARLEN' to 0.
WARNING: [RTGEN 206-101] Setting dangling out port 'mmult_Pipeline_VITIS_LOOP_33_1_VITIS_LOOP_34_2/m_axi_gmem1_0_ARSIZE' to 0.
WARNING: [RTGEN 206-101] Setting dangling out port 'mmult_Pipeline_VITIS_LOOP_33_1_VITIS_LOOP_34_2/m_axi_gmem1_0_ARBURST' to 0.
WARNING: [RTGEN 206-101] Setting dangling out port 'mmult_Pipeline_VITIS_LOOP_33_1_VITIS_LOOP_34_2/m_axi_gmem1_0_ARLOCK' to 0.
WARNING: [RTGEN 206-101] Setting dangling out port 'mmult_Pipeline_VITIS_LOOP_33_1_VITIS_LOOP_34_2/m_axi_gmem1_0_ARCACHE' to 0.
WARNING: [RTGEN 206-101] Setting dangling out port 'mmult_Pipeline_VITIS_LOOP_33_1_VITIS_LOOP_34_2/m_axi_gmem1_0_ARPROT' to 0.
WARNING: [RTGEN 206-101] Setting dangling out port 'mmult_Pipeline_VITIS_LOOP_33_1_VITIS_LOOP_34_2/m_axi_gmem1_0_ARQOS' to 0.
WARNING: [RTGEN 206-101] Setting dangling out port 'mmult_Pipeline_VITIS_LOOP_33_1_VITIS_LOOP_34_2/m_axi_gmem1_0_ARREGION' to 0.
WARNING: [RTGEN 206-101] Setting dangling out port 'mmult_Pipeline_VITIS_LOOP_33_1_VITIS_LOOP_34_2/m_axi_gmem1_0_ARUSER' to 0.
INFO: [RTGEN 206-104] Estimated max fanout for 'mmult_Pipeline_VITIS_LOOP_33_1_VITIS_LOOP_34_2' is 8192 from HDL expression: ((1'b1 == ap_CS_fsm_pp0_stage0) & (ap_loop_exit_ready_pp0_iter1_reg == 1'b1) & (icmp_ln33_reg_8091 == 1'd1) & (1'b0 == ap_block_pp0_stage0_subdone_grp0_done_reg) & (1'b0 == ap_block_pp0_stage0_01001_grp0))
INFO: [RTGEN 206-100] Finished creating RTL model for 'mmult_Pipeline_VITIS_LOOP_33_1_VITIS_LOOP_34_2'.
INFO: [HLS 200-111] Finished Creating RTL model: CPU user time: 1 seconds. CPU system time: 0 seconds. Elapsed time: 1.88 seconds; current allocated memory: 290.520 MB.
INFO: [HLS 200-10] ----------------------------------------------------------------
INFO: [HLS 200-10] -- Generating RTL for module 'mmult_Pipeline_systolic1' 
INFO: [HLS 200-10] ----------------------------------------------------------------
INFO: [HLS 200-1030] Apply Unified Pipeline Control on module 'mmult_Pipeline_systolic1' pipeline 'systolic1' pipeline type 'loop pipeline'
INFO: [RTGEN 206-104] Estimated max fanout for 'mmult_Pipeline_systolic1' is 16386 from HDL expression: (1'b0 == ap_block_pp0_stage0_11001)
INFO: [RTGEN 206-100] Generating core module 'mul_32s_32s_32_2_1': 256 instance(s).
INFO: [RTGEN 206-100] Finished creating RTL model for 'mmult_Pipeline_systolic1'.
INFO: [HLS 200-111] Finished Creating RTL model: CPU user time: 5 seconds. CPU system time: 0 seconds. Elapsed time: 5.169 seconds; current allocated memory: 327.426 MB.
INFO: [HLS 200-10] ----------------------------------------------------------------
INFO: [HLS 200-10] -- Generating RTL for module 'mmult_Pipeline_VITIS_LOOP_59_3_VITIS_LOOP_60_4' 
INFO: [HLS 200-10] ----------------------------------------------------------------
INFO: [HLS 200-1030] Apply Unified Pipeline Control on module 'mmult_Pipeline_VITIS_LOOP_59_3_VITIS_LOOP_60_4' pipeline 'VITIS_LOOP_59_3_VITIS_LOOP_60_4' pipeline type 'loop pipeline'
WARNING: [RTGEN 206-101] Setting dangling out port 'mmult_Pipeline_VITIS_LOOP_59_3_VITIS_LOOP_60_4/m_axi_gmem0_0_AWVALID' to 0.
WARNING: [RTGEN 206-101] Setting dangling out port 'mmult_Pipeline_VITIS_LOOP_59_3_VITIS_LOOP_60_4/m_axi_gmem0_0_AWADDR' to 0.
WARNING: [RTGEN 206-101] Setting dangling out port 'mmult_Pipeline_VITIS_LOOP_59_3_VITIS_LOOP_60_4/m_axi_gmem0_0_AWID' to 0.
WARNING: [RTGEN 206-101] Setting dangling out port 'mmult_Pipeline_VITIS_LOOP_59_3_VITIS_LOOP_60_4/m_axi_gmem0_0_AWLEN' to 0.
WARNING: [RTGEN 206-101] Setting dangling out port 'mmult_Pipeline_VITIS_LOOP_59_3_VITIS_LOOP_60_4/m_axi_gmem0_0_AWSIZE' to 0.
WARNING: [RTGEN 206-101] Setting dangling out port 'mmult_Pipeline_VITIS_LOOP_59_3_VITIS_LOOP_60_4/m_axi_gmem0_0_AWBURST' to 0.
WARNING: [RTGEN 206-101] Setting dangling out port 'mmult_Pipeline_VITIS_LOOP_59_3_VITIS_LOOP_60_4/m_axi_gmem0_0_AWLOCK' to 0.
WARNING: [RTGEN 206-101] Setting dangling out port 'mmult_Pipeline_VITIS_LOOP_59_3_VITIS_LOOP_60_4/m_axi_gmem0_0_AWCACHE' to 0.
WARNING: [RTGEN 206-101] Setting dangling out port 'mmult_Pipeline_VITIS_LOOP_59_3_VITIS_LOOP_60_4/m_axi_gmem0_0_AWPROT' to 0.
WARNING: [RTGEN 206-101] Setting dangling out port 'mmult_Pipeline_VITIS_LOOP_59_3_VITIS_LOOP_60_4/m_axi_gmem0_0_AWQOS' to 0.
WARNING: [RTGEN 206-101] Setting dangling out port 'mmult_Pipeline_VITIS_LOOP_59_3_VITIS_LOOP_60_4/m_axi_gmem0_0_AWREGION' to 0.
WARNING: [RTGEN 206-101] Setting dangling out port 'mmult_Pipeline_VITIS_LOOP_59_3_VITIS_LOOP_60_4/m_axi_gmem0_0_AWUSER' to 0.
WARNING: [RTGEN 206-101] Setting dangling out port 'mmult_Pipeline_VITIS_LOOP_59_3_VITIS_LOOP_60_4/m_axi_gmem0_0_BREADY' to 0.
INFO: [RTGEN 206-100] Generating core module 'sparsemux_33_4_32_1_1': 17 instance(s).
INFO: [RTGEN 206-100] Finished creating RTL model for 'mmult_Pipeline_VITIS_LOOP_59_3_VITIS_LOOP_60_4'.
INFO: [HLS 200-111] Finished Creating RTL model: CPU user time: 4 seconds. CPU system time: 2 seconds. Elapsed time: 5.543 seconds; current allocated memory: 374.691 MB.
INFO: [HLS 200-10] ----------------------------------------------------------------
INFO: [HLS 200-10] -- Generating RTL for module 'mmult' 
INFO: [HLS 200-10] ----------------------------------------------------------------
WARNING: [RTGEN 206-101] Design contains AXI ports. Reset is fixed to synchronous and active low.
INFO: [RTGEN 206-500] Setting interface mode on port 'mmult/gmem0' to 'm_axi'.
INFO: [RTGEN 206-500] Setting interface mode on port 'mmult/gmem1' to 'm_axi'.
INFO: [RTGEN 206-500] Setting interface mode on port 'mmult/a' to 's_axilite & ap_none'.
INFO: [RTGEN 206-500] Setting interface mode on port 'mmult/b' to 's_axilite & ap_none'.
INFO: [RTGEN 206-500] Setting interface mode on port 'mmult/out_r' to 's_axilite & ap_none'.
INFO: [RTGEN 206-500] Setting interface mode on port 'mmult/size' to 'ap_none'.
INFO: [RTGEN 206-500] Setting interface mode on function 'mmult' to 's_axilite & ap_ctrl_hs'.
INFO: [RTGEN 206-100] Bundling port 'a', 'b', 'out_r' to AXI-Lite port control.
WARNING: [RTGEN 206-101] Port 'mmult/size' has no fanin or fanout and is left dangling.
               Please use C simulation to confirm this function argument can be read from or written to.
INFO: [RTGEN 206-100] Finished creating RTL model for 'mmult'.
INFO: [RTMG 210-278] Implementing memory 'mmult_localA_RAM_AUTO_1R1W' using auto RAMs.
INFO: [HLS 200-111] Finished Creating RTL model: CPU user time: 1 seconds. CPU system time: 0 seconds. Elapsed time: 1.375 seconds; current allocated memory: 384.539 MB.
INFO: [HLS 200-111] Finished Generating all RTL models: CPU user time: 1 seconds. CPU system time: 0 seconds. Elapsed time: 2.065 seconds; current allocated memory: 402.969 MB.
INFO: [HLS 200-1603] Design has inferred MAXI bursts and missed bursts, see Vitis HLS GUI synthesis summary report for detailed information.
INFO: [HLS 200-2225] Wrote inferred directives to file D:/DVCon/Vitis/systolic_array_v1/systolic_array_v1/hls/syn/inferred_directives.ini
INFO: [HLS 200-111] Finished Updating report files: CPU user time: 2 seconds. CPU system time: 1 seconds. Elapsed time: 2.959 seconds; current allocated memory: 417.184 MB.
INFO: [VHDL 208-304] Generating VHDL RTL for mmult.
INFO: [VLOG 209-307] Generating Verilog RTL for mmult.
INFO: [HLS 200-790] **** Loop Constraint Status: All loop constraints were satisfied.
INFO: [HLS 200-789] **** Estimated Fmax: 136.99 MHz
INFO: [HLS 200-112] Total CPU user time: 43 seconds. Total CPU system time: 6 seconds. Total elapsed time: 88.503 seconds; peak allocated memory: 417.242 MB.
INFO: [v++ 60-791] Total elapsed time: 0h 1m 35s
