# 
# Steps log generated by v++
# This log file contains a collection of steps that describe the kernel compilation flow
# Note: Some steps are tagged as internal, these steps are for debugging purposes and 
#       are not expected to be able to run independently.
# 

# The following environment variables are set when running vitis-run
Environment variables :
------------------------------------------
ALLUSERSPROFILE=C:\ProgramData
APPDATA=C:\Users\Asus\AppData\Roaming
arr.length=0
arr.Ubound=-1
CHARPOP=1
CMAKE_OBJECT_PATH_MAX=4096
CommonProgramFiles=C:\Program Files\Common Files
CommonProgramFiles(x86)=C:\Program Files (x86)\Common Files
CommonProgramW6432=C:\Program Files\Common Files
COMPUTERNAME=HASITH
ComSpec=C:\WINDOWS\system32\cmd.exe
CUDA_PATH=C:\Program Files\NVIDIA GPU Computing Toolkit\CUDA\v12.1
CUDA_PATH_V12_1=C:\Program Files\NVIDIA GPU Computing Toolkit\CUDA\v12.1
DriverData=C:\Windows\System32\Drivers\DriverData
EFC_9964_1262719628=1
EFC_9964_1592913036=1
EFC_9964_2283032206=1
EFC_9964_2775293581=1
EFC_9964_3789132940=1
FPS_BROWSER_APP_PROFILE_STRING=Internet Explorer
FPS_BROWSER_USER_PROFILE_STRING=Default
HDI_APPROOT=D:/AMDDesignTools/2025.2/Vitis
HDI_PROCESSOR=i686
HOMEDRIVE=C:
HOMEPATH=\Users\Asus
HW_SERVER_DJTG_DISABLE=1
HW_SERVER_FTDIMGR_DISABLE=1
IDE_SKIP_SERVER_LICENSE=1
INT_VARIABLE_NAME=XILINX_PATH
ISL_IOSTREAMS_RSA=D:/AMDDesignTools/2025.2/Vitis/tps/isl
JAVA_EXE=D:/AMDDesignTools/2025.2/Vitis\tps\win64\jre21.0.5_11\bin\java.exe
JAVA_HOME=D:/AMDDesignTools/2025.2/Vitis\tps\win64\jre21.0.5_11
LC_NUMERIC=C
LOCALAPPDATA=C:\Users\Asus\AppData\Local
LOGONSERVER=\\HASITH
LOPPER_DTC_FLAGS=-b 0 -@
NOSPLASH=false
NUMBER_OF_PROCESSORS=16
NVM_HOME=C:\Users\Asus\AppData\Local\nvm
NVM_SYMLINK=C:\nvm4w\nodejs
OneDrive=C:\Users\Asus\OneDrive
ORIGINAL_XDG_CURRENT_DESKTOP=undefined
OS=Windows_NT
PATH=D:/AMDDesignTools/2025.2/Vivado/tps/win64/binutils-2.26/bin;D:/AMDDesignTools/2025.2/Vitis/bin/../gnu/aarch64/nt/aarch64-linux/bin;D:/AMDDesignTools/2025.2/Vitis/bin/../gnu/ppc64le/4.9.3/win64/bin;D:/AMDDesignTools/2025.2/Vitis/bin/../gnu/aarch32/nt/gcc-arm-linux-gnueabi/bin;D:/AMDDesignTools/2025.2/Vitis/tps/mingw/6.2.0/win64.o/nt/bin;D:/AMDDesignTools/2025.2/Vivado\gnuwin\bin;D:/AMDDesignTools/2025.2/Vivado\gnu\microblaze\nt\bin;D:/AMDDesignTools/2025.2/Vitis/bin;D:/AMDDesignTools/2025.2/Vitis\tps\win64;D:/AMDDesignTools/2025.2/Vitis/tps/win64/java-cef-95.0.4638.69/bin/lib/win64;D:/AMDDesignTools/2025.2/Vitis/lib/win64.o;D:/AMDDesignTools/2025.2/Vitis/tps/win64/jre11.0.16_1/bin/server;D:/AMDDesignTools/2025.2/Vitis/tps/win64/jre11.0.16_1/bin;D:/AMDDesignTools/2025.2/Vitis\tps\win64\cmake-3.24.2\bin;D:/AMDDesignTools/2025.2/Vitis\gnu\microblaze\nt\bin;D:/AMDDesignTools/2025.2/Vitis\gnu\microblaze\linux_toolchain\nt64_le\bin;D:/AMDDesignTools/2025.2/Vitis\gnu\aarch32\nt\gcc-arm-linux-gnueabi\bin;D:/AMDDesignTools/2025.2/Vitis\gnu\aarch32\nt\gcc-arm-none-eabi\bin;D:/AMDDesignTools/2025.2/Vitis\gnu\aarch64\nt\aarch64-linux\bin;D:/AMDDesignTools/2025.2/Vitis\gnu\aarch64\nt\aarch64-none\bin;D:/AMDDesignTools/2025.2/Vitis\gnu\armr5\nt\gcc-arm-none-eabi\bin;D:/AMDDesignTools/2025.2/Vitis\gnuwin\bin;D:/AMDDesignTools/2025.2/Vitis\tps\win64\python-3.13.0;D:/AMDDesignTools/2025.2/Vitis\tps\win64\jre21.0.5_11\bin;D:/AMDDesignTools/2025.2/Vitis\tps\win64\libxslt\bin;D:/AMDDesignTools/2025.2/Vitis\gnu\arm\nt\bin;D:/AMDDesignTools/2025.2/Vitis\gnu\microblaze\linux_toolchain\nt64_be\bin;D:/AMDDesignTools/2025.2/Vitis\gnu\riscv\nt\bin;D:/AMDDesignTools/2025.2/Vitis\gnu\riscv\linux_toolchain\nt64\bin;D:/AMDDesignTools/2025.2/Vitis\gnu\riscv\linux_toolchain\nt32\bin;D:/AMDDesignTools/2025.2/Vivado\tps\win64\python-3.13.0;D:/AMDDesignTools/2025.2/Vivado\tps\win64\git-2.50.0\bin;D:/AMDDesignTools/2025.2/Vivado\tps\win64\cmake-3.24.2\bin;D:/AMDDesignTools/2025.2/Vitis/win64/tools/vcxx\libexec;D:/AMDDesignTools/2025.2/Vivado\tps\win64\jre21.0.5_11\bin;C:\Program Files (x86)\Common Files\Oracle\Java\java8path;C:\Program Files (x86)\Common Files\Oracle\Java\javapath;C:\Program Files\NVIDIA GPU Computing Toolkit\CUDA\v12.1\bin;C:\Program Files\NVIDIA GPU Computing Toolkit\CUDA\v12.1\libnvvp;C:\Program Files\Microsoft\jdk-11.0.16.101-hotspot\bin;C:\Program Files\Python312\Scripts\;C:\Program Files\Python312\;C:\WINDOWS\system32;C:\WINDOWS;C:\WINDOWS\System32\Wbem;C:\WINDOWS\System32\WindowsPowerShell\v1.0\;C:\WINDOWS\System32\OpenSSH\;C:\Program Files\Microsoft SQL Server\150\Tools\Binn\;C:\Program Files\Microsoft SQL Server\Client SDK\ODBC\170\Tools\Binn\;C:\Program Files\dotnet\;C:\Program Files (x86)\Windows Kits\10\Windows Performance Toolkit\;C:\Program Files\NVIDIA Corporation\Nsight Compute 2023.1.0\;C:\Program Files (x86)\NVIDIA Corporation\PhysX\Common;C:\Program Files\NVIDIA Corporation\NVIDIA NvDLISR;C:\Program Files\Git\cmd;C:\Program Files\WireGuard\;D:\MathWorks MATLAB R2023b v23.2.0.2409890 (x64)\runtime\win64;D:\MathWorks MATLAB R2023b v23.2.0.2409890 (x64)\bin;C:\Program Files\Pandoc\;C:\Program Files\Microsoft SQL Server\Client SDK\ODBC\110\Tools\Binn\;C:\Program Files (x86)\Microsoft SQL Server\120\Tools\Binn\;C:\Program Files\Microsoft SQL Server\120\Tools\Binn\;C:\Program Files\Microsoft SQL Server\120\DTS\Binn\;C:\Program Files (x86)\Windows Kits\8.1\Windows Performance Toolkit\;D:\C4\bin;C:\Program Files\PuTTY\;C:\Users\Asus\AppData\Local\nvm;C:\nvm4w\nodejs;C:\Program Files\Cloudflare\Cloudflare WARP\;C:\Users\Asus\.local\bin;C:\Users\Asus\AppData\Local\Programs\Python\Python311\Scripts\;C:\Users\Asus\AppData\Local\Programs\Python\Python311\;C:\Users\Asus\AppData\Local\Programs\Python\Python310\Scripts\;C:\Users\Asus\AppData\Local\Programs\Python\Python310\;C:\Users\Asus\AppData\Local\Microsoft\WindowsApps;C:\Users\Asus\AppData\Local\Programs\Microsoft VS Code\bin;C:\Users\Asus\AppData\Roaming\npm;C:\Users\Asus\.dotnet\tools;C:\Users\Asus\.utils\llvm-mingw\bin;C:\Program Files\LLVM\bin;D:\Today\modelsim_ase\win32aloem;C:\Users\Asus\AppData\Local\Programs\Antigravity\bin;C:\Users\Asus\.bun\bin;D:/AMDDesignTools/2025.2/Vitis\tps\mingw\6.2.0\win64.o\nt\bin;D:/AMDDesignTools/2025.2/Vitis\tps\mingw\6.2.0\win64.o\nt\libexec\gcc\x86_64-w64-mingw32\6.2.0
PATHEXT=.COM;.EXE;.BAT;.CMD;.VBS;.VBE;.JS;.JSE;.WSF;.WSH;.MSC;.PY;.PYW
PROCESSOR_ARCHITECTURE=AMD64
PROCESSOR_IDENTIFIER=AMD64 Family 25 Model 80 Stepping 0, AuthenticAMD
PROCESSOR_LEVEL=25
PROCESSOR_REVISION=5000
PRODVERSION_EXE=D:/AMDDesignTools/2025.2/Vitis/bin/unwrapped/win64.o/prodversion.exe
ProgramData=C:\ProgramData
ProgramFiles=C:\Program Files
ProgramFiles(x86)=C:\Program Files (x86)
ProgramW6432=C:\Program Files
PROMPT=$P$G
PSModulePath=C:\Program Files\WindowsPowerShell\Modules;C:\WINDOWS\system32\WindowsPowerShell\v1.0\Modules;C:\Program Files (x86)\Microsoft SQL Server\120\Tools\PowerShell\Modules\
PT8HOME=C:\Program Files\Cisco Packet Tracer 9.0.0
PUBLIC=C:\Users\Public
PYTHONPATH=D:/AMDDesignTools/2025.2/Vitis\cli;D:/AMDDesignTools/2025.2/Vitis\cli\python-packages\win64;D:/AMDDesignTools/2025.2/Vitis\cli\python-packages\site-packages;D:/AMDDesignTools/2025.2/Vitis\cli\proto;D:/AMDDesignTools/2025.2/Vitis\scripts\python_pkg;
python_path=D:/AMDDesignTools/2025.2/Vitis\cli;D:/AMDDesignTools/2025.2/Vitis\cli\python-packages\win64;D:/AMDDesignTools/2025.2/Vitis\cli\python-packages\site-packages;D:/AMDDesignTools/2025.2/Vitis\cli\proto;D:/AMDDesignTools/2025.2/Vitis\scripts\python_pkg;
QSYS_ROOTDIR=D:\Quartus\quartus\sopc_builder\bin
QUARTUS_ROOTDIR=D:\Labs\Quartus\quartus
RDI_APPROOT=D:/AMDDesignTools/2025.2/Vitis
RDI_ARGS= --mode hls --csim --config D:\DVCon\Vitis\systolic_array_v1\hls_config.cfg --work_dir systolic_array_v1
RDI_ARGS_FUNCTION=RDI_EXEC_DEFAULT
RDI_BASEROOT=D:/AMDDesignTools/2025.2
RDI_BINDIR=D:/AMDDesignTools/2025.2/Vitis/bin
RDI_BINROOT=D:/AMDDesignTools/2025.2/Vitis/bin
RDI_BUILD=yes
RDI_CHECK_PROG=True
RDI_DATADIR=D:/AMDDesignTools/2025.2/Vitis/data
RDI_INSTALLROOT=D:/AMDDesignTools
RDI_INSTALLVER=Vitis
RDI_INSTALLVERSION=2025.2
RDI_JAVACEFROOT=D:/AMDDesignTools/2025.2/Vitis/tps/win64/java-cef-95.0.4638.69
RDI_JAVAFXROOT=D:/AMDDesignTools/2025.2/Vitis/tps/win64/javafx-sdk-11.0.2
RDI_JAVAROOT=D:/AMDDesignTools/2025.2/Vitis/tps/win64/jre11.0.16_1
RDI_JAVA_VERSION=11.0.16_1
RDI_LIBDIR=D:/AMDDesignTools/2025.2/Vitis/lib/win64.o
RDI_MINGW_LIB=D:/AMDDesignTools/2025.2/Vitis\tps\mingw\6.2.0\win64.o\nt\bin;D:/AMDDesignTools/2025.2/Vitis\tps\mingw\6.2.0\win64.o\nt\libexec\gcc\x86_64-w64-mingw32\6.2.0
RDI_OPT_EXT=.o
RDI_OS_ARCH=64
RDI_PLATFORM=win64
RDI_PREPEND_PATH=D:/AMDDesignTools/2025.2/Vitis/bin
RDI_PROG=D:/AMDDesignTools/2025.2/Vitis/bin/unwrapped/win64.o/vitis-run.exe
RDI_PROGNAME=vitis-run.exe
RDI_SESSION_INFO=D:\AMDDesignTools\2025.2\Vitis\bin:HASITH-Mon04-20-2026_13-55-44.88
RDI_SHARED_DATA=D:/AMDDesignTools/SharedData/2025.2/data
RDI_TEMPINSTALL=D:\AMDDesignTools\2025.2
RDI_TPS_ROOT=D:/AMDDesignTools/2025.2/Vivado/tps/win64
RDI_USE_JDK11=1
RDI_VERBOSE=False
RT_LIBPATH=D:/AMDDesignTools/2025.2/Vitis/scripts/rt/data
RT_TCL_PATH=D:/AMDDesignTools/2025.2/Vitis/scripts/rt/base_tcl/tcl
SESSIONNAME=Console
session_string=D:\DVCon\Vitis\systolic_array_v1:HASITH-Mon04-20-2026_18-01-53.32
SOPC_KIT_NIOS2=D:\Labs\Quartus\nios2eds
STM32CubeMX_PATH=C:\Program Files\STMicroelectronics\STM32Cube\STM32CubeMX
STM32_PRG_PATH=C:\Program Files\STMicroelectronics\STM32Cube\STM32CubeProgrammer\bin
supports_classic_ide=false
SW_SIM_HYDRA=C:\Program Files\Common Files\SolidWorks Shared\Simulation Worker Agent\
SW_SIM_MPIT=INTELMPI
SW_SIM_TEMP=C:\ProgramData\SOLIDWORKS\SW_net_sim_temp\
SYNTH_COMMON=D:/AMDDesignTools/2025.2/Vitis/scripts/rt/data
SystemDrive=C:
SystemRoot=C:\WINDOWS
TCL_LIBRARY=D:/AMDDesignTools/2025.2/Vitis/tps/tcl/tcl8.6
TCMALLOC_LARGE_ALLOC_REPORT_THRESHOLD=4294967296
TEMP=C:\Users\Asus\AppData\Local\Temp
THEIA_APP_PROJECT_PATH=D:\AMDDesignTools\2025.2\Vitis\ide\electron-app\win64\resources\app
THEIA_DEFAULT_PLUGINS=local-dir:D:\AMDDesignTools\2025.2\Vitis\ide\electron-app\win64\resources\app\plugins
THEIA_ELECTRON_TOKEN={"value":"3c60881a-4934-40bd-9e16-36864e18d267"}
THEIA_ELECTRON_VERSION=30.1.2
THEIA_PLUGINS=local-dir:C:\Users\Asus\.theia\plugins
TMP=C:\Users\Asus\AppData\Local\Temp
tooldir=tps\win64\git-2.50.0
TOOLS_CLANGD=D:/AMDDesignTools/2025.2/Vitis/win64/tools/vcxx\libexec
TPS_CMAKE=D:/AMDDesignTools/2025.2/Vivado\tps\win64\cmake-3.24.2
TPS_GIT=D:/AMDDesignTools/2025.2/Vivado\tps\win64\git-2.50.0
TPS_LIBXSLT=D:/AMDDesignTools/2025.2/Vitis\tps\win64\libxslt
TPS_PYTHON=D:/AMDDesignTools/2025.2/Vivado\tps\win64\python-3.13.0
USERDOMAIN=HASITH
USERDOMAIN_ROAMINGPROFILE=HASITH
USERNAME=Asus
USERPROFILE=C:\Users\Asus
VALIDATE_ARGS="False"
VBOX_HWVIRTEX_IGNORE_SVM_IN_USE=1
VBOX_MSI_INSTALL_PATH=C:\Program Files\Oracle\VirtualBox\
VITISNEW=true
VITIS_HLS_INSTALL=true
VSCODE_API_VERSION=1.99.3
WEBOTS_HOME=C:\Program Files\Webots
windir=C:\WINDOWS
XILINX_HLS=D:/AMDDesignTools/2025.2/Vitis
XILINX_PLANAHEAD=D:/AMDDesignTools/2025.2/Vitis
XILINX_SDK=D:/AMDDesignTools/2025.2/Vitis
XILINX_VCXX=D:/AMDDesignTools/2025.2/Vitis/win64/tools/vcxx
XILINX_VITIS=D:/AMDDesignTools/2025.2/Vitis
XILINX_VITIS_GIT=D:/AMDDesignTools/2025.2/Vivado\tps\win64\git-2.50.0\bin
XILINX_VITIS_VERSION=Vitis v2025.2 (64-bit)
XILINX_VIVADO=D:/AMDDesignTools/2025.2/Vivado
XIL_CHECK_TCL_DEBUG=False
XIL_NO_OVERRIDE=0
XIL_SUPPRESS_OVERRIDE_WARNINGS=1
XVREDIST=D:/AMDDesignTools/2025.2/Vitis\tps\win64\xvcredist.exe
_RDI_BINROOT=D:\AMDDesignTools\2025.2\Vitis\bin
_RDI_CWD=D:\DVCon\Vitis\systolic_array_v1
_RDI_DONT_SET_XILINX_AS_PATH=True
_RDI_VERSION_PROG=vitis-run
_valid=False
XILINX_CD_CONNECT_ID=63670
XILINX_CD_SESSION=019554ef-4d3c-4fd7-bb73-90b2f01122f1


VITIS-RUN command line:
------------------------------------------
D:/AMDDesignTools/2025.2/Vitis/bin/unwrapped/win64.o/vitis-run.exe --mode hls --csim --config D:\DVCon\Vitis\systolic_array_v1\hls_config.cfg --work_dir systolic_array_v1 

FINAL PROGRAM OPTIONS
--config D:\DVCon\Vitis\systolic_array_v1\hls_config.cfg
--csim
--hls.flow_target vivado
--hls.package.output.format ip_catalog
--hls.package.output.syn false
--hls.syn.file mmult.cpp
--hls.tb.file tb_mmult.cpp
--mode hls
--part xa7z030fbv484-1I
--work_dir systolic_array_v1

PARSED COMMAND LINE OPTIONS
--mode hls 
--csim 
--config D:\DVCon\Vitis\systolic_array_v1\hls_config.cfg 
--work_dir systolic_array_v1 

PARSED CONFIG FILE (1) OPTIONS
file: D:\DVCon\Vitis\systolic_array_v1\hls_config.cfg
part xa7z030fbv484-1I 
hls.flow_target vivado 
hls.package.output.format ip_catalog 
hls.package.output.syn false 
hls.syn.file mmult.cpp 
hls.tb.file tb_mmult.cpp 


==========================================
new:  steps log generated by v++ for new launch 
timestamp: 20 Apr 2026 18:02:00

------------------------------------------
V++ command line :
------------------------------------------
D:/AMDDesignTools/2025.2/Vitis/bin/unwrapped/win64.o/v++.exe -c --mode hls --config D:\DVCon\Vitis\systolic_array_v1\hls_config.cfg --work_dir systolic_array_v1 
  Options from -O    : 
  Options from *.ini : 
  Options from Hw Platform : 

==========================================
new:  steps log generated by v++ for new launch 
timestamp: 20 Apr 2026 18:24:06
